[  0%] Built target sensor_msgs_generate_messages_py
[  0%] Built target sensor_msgs_generate_messages_nodejs
[  0%] Built target geometry_msgs_generate_messages_nodejs
[  0%] Built target sensor_msgs_generate_messages_cpp
[  0%] Built target std_msgs_generate_messages_eus
[  0%] Built target std_msgs_generate_messages_lisp
[  0%] Built target sensor_msgs_generate_messages_lisp
[  0%] Built target geometry_msgs_generate_messages_lisp
[ 20%] Built target moveit_occupancy_map_monitor
[ 20%] Built target std_msgs_generate_messages_py
[ 20%] Built target sensor_msgs_generate_messages_eus
[ 20%] Built target geometry_msgs_generate_messages_eus
[ 20%] Built target std_msgs_generate_messages_cpp
[ 20%] Built target geometry_msgs_generate_messages_cpp
[ 20%] Built target std_msgs_generate_messages_nodejs
[ 20%] Built target geometry_msgs_generate_messages_py
[ 20%] Built target _catkin_empty_exported_target
[ 20%] Built target tf2_msgs_generate_messages_nodejs
[ 20%] Built target tf2_msgs_generate_messages_lisp
[ 33%] Built target moveit_point_containment_filter
[ 46%] Built target moveit_occupancy_map_server
[ 46%] Built target tf2_msgs_generate_messages_eus
[ 46%] Built target tf2_msgs_generate_messages_cpp
[ 46%] Built target actionlib_generate_messages_eus
[ 46%] Built target actionlib_generate_messages_py
[ 46%] Built target tf_generate_messages_eus
[ 46%] Built target octomap_msgs_generate_messages_py
[ 46%] Built target octomap_msgs_generate_messages_lisp
[ 46%] Built target tf_generate_messages_py
[ 46%] Built target object_recognition_msgs_generate_messages_nodejs
[ 46%] Built target object_recognition_msgs_generate_messages_eus
[ 46%] Built target octomap_msgs_generate_messages_eus
[ 46%] Built target object_recognition_msgs_generate_messages_cpp
[ 46%] Built target trajectory_msgs_generate_messages_py
[ 46%] Built target trajectory_msgs_generate_messages_lisp
[ 46%] Built target trajectory_msgs_generate_messages_nodejs
[ 46%] Built target trajectory_msgs_generate_messages_eus
[ 46%] Built target actionlib_generate_messages_cpp
[ 46%] Built target shape_msgs_generate_messages_py
[ 46%] Built target visualization_msgs_generate_messages_py
[ 46%] Built target shape_msgs_generate_messages_nodejs
[ 46%] Built target roscpp_generate_messages_lisp
[ 46%] Built target octomap_msgs_generate_messages_cpp
[ 46%] Built target tf_generate_messages_cpp
[ 46%] Built target actionlib_generate_messages_lisp
[ 46%] Built target actionlib_msgs_generate_messages_eus
[ 46%] Built target actionlib_msgs_generate_messages_lisp
[ 46%] Built target object_recognition_msgs_generate_messages_py
[ 46%] Built target shape_msgs_generate_messages_cpp
[ 46%] Built target roscpp_generate_messages_nodejs
[ 46%] Built target rosgraph_msgs_generate_messages_nodejs
[ 46%] Built target rosgraph_msgs_generate_messages_lisp
[ 46%] Built target moveit_msgs_generate_messages_cpp
[ 46%] Built target moveit_msgs_generate_messages_lisp
[ 46%] Built target roscpp_generate_messages_cpp
[ 46%] Built target moveit_msgs_generate_messages_nodejs
[ 46%] Built target shape_msgs_generate_messages_lisp
[ 46%] Built target actionlib_msgs_generate_messages_py
[ 46%] Built target actionlib_generate_messages_nodejs
[ 46%] Built target actionlib_msgs_generate_messages_cpp
[ 46%] Built target object_recognition_msgs_generate_messages_lisp
[ 46%] Built target octomap_msgs_generate_messages_nodejs
[ 46%] Built target rosgraph_msgs_generate_messages_cpp
[ 46%] Built target trajectory_msgs_generate_messages_cpp
[ 46%] Built target shape_msgs_generate_messages_eus
[ 46%] Built target visualization_msgs_generate_messages_cpp
[ 46%] Built target visualization_msgs_generate_messages_lisp
[ 46%] Built target roscpp_generate_messages_eus
[ 46%] Built target visualization_msgs_generate_messages_nodejs
[ 46%] Built target tf_generate_messages_nodejs
[ 46%] Built target rosgraph_msgs_generate_messages_eus
[ 46%] Built target roscpp_generate_messages_py
[ 46%] Built target tf_generate_messages_lisp
[ 46%] Built target rosgraph_msgs_generate_messages_py
[ 46%] Built target moveit_msgs_generate_messages_py
[ 46%] Built target moveit_msgs_generate_messages_eus
[ 46%] Built target tf2_msgs_generate_messages_py
[ 46%] Built target actionlib_msgs_generate_messages_nodejs
[ 46%] Built target visualization_msgs_generate_messages_eus
[ 60%] Built target moveit_lazy_free_space_updater
[ 73%] Built target moveit_pointcloud_octomap_updater_core
[ 86%] Built target moveit_semantic_world
[100%] Built target moveit_pointcloud_octomap_updater
