Determining if the pthread_create exist failed with the following output:
Change Dir: /home/kathleen/fetch_ws/build/catkin_tools_prebuild/CMakeFiles/CMakeTmp

Run Build Command:"/usr/bin/make" "cmTC_1b894/fast"
/usr/bin/make -f CMakeFiles/cmTC_1b894.dir/build.make CMakeFiles/cmTC_1b894.dir/build
make[1]: Entering directory '/home/kathleen/fetch_ws/build/catkin_tools_prebuild/CMakeFiles/CMakeTmp'
Building C object CMakeFiles/cmTC_1b894.dir/CheckSymbolExists.c.o
/usr/bin/cc     -o CMakeFiles/cmTC_1b894.dir/CheckSymbolExists.c.o   -c /home/kathleen/fetch_ws/build/catkin_tools_prebuild/CMakeFiles/CMakeTmp/CheckSymbolExists.c
Linking C executable cmTC_1b894
/usr/bin/cmake -E cmake_link_script CMakeFiles/cmTC_1b894.dir/link.txt --verbose=1
/usr/bin/cc       CMakeFiles/cmTC_1b894.dir/CheckSymbolExists.c.o  -o cmTC_1b894 -rdynamic 
CMakeFiles/cmTC_1b894.dir/CheckSymbolExists.c.o: In function `main':
CheckSymbolExists.c:(.text+0x16): undefined reference to `pthread_create'
collect2: error: ld returned 1 exit status
CMakeFiles/cmTC_1b894.dir/build.make:97: recipe for target 'cmTC_1b894' failed
make[1]: *** [cmTC_1b894] Error 1
make[1]: Leaving directory '/home/kathleen/fetch_ws/build/catkin_tools_prebuild/CMakeFiles/CMakeTmp'
Makefile:126: recipe for target 'cmTC_1b894/fast' failed
make: *** [cmTC_1b894/fast] Error 2

File /home/kathleen/fetch_ws/build/catkin_tools_prebuild/CMakeFiles/CMakeTmp/CheckSymbolExists.c:
/* */
#include <pthread.h>

int main(int argc, char** argv)
{
  (void)argv;
#ifndef pthread_create
  return ((int*)(&pthread_create))[argc];
#else
  (void)argc;
  return 0;
#endif
}

Determining if the function pthread_create exists in the pthreads failed with the following output:
Change Dir: /home/kathleen/fetch_ws/build/catkin_tools_prebuild/CMakeFiles/CMakeTmp

Run Build Command:"/usr/bin/make" "cmTC_81e41/fast"
/usr/bin/make -f CMakeFiles/cmTC_81e41.dir/build.make CMakeFiles/cmTC_81e41.dir/build
make[1]: Entering directory '/home/kathleen/fetch_ws/build/catkin_tools_prebuild/CMakeFiles/CMakeTmp'
Building C object CMakeFiles/cmTC_81e41.dir/CheckFunctionExists.c.o
/usr/bin/cc    -DCHECK_FUNCTION_EXISTS=pthread_create   -o CMakeFiles/cmTC_81e41.dir/CheckFunctionExists.c.o   -c /usr/share/cmake-3.5/Modules/CheckFunctionExists.c
Linking C executable cmTC_81e41
/usr/bin/cmake -E cmake_link_script CMakeFiles/cmTC_81e41.dir/link.txt --verbose=1
/usr/bin/cc   -DCHECK_FUNCTION_EXISTS=pthread_create    CMakeFiles/cmTC_81e41.dir/CheckFunctionExists.c.o  -o cmTC_81e41 -rdynamic -lpthreads 
/usr/bin/ld: cannot find -lpthreads
collect2: error: ld returned 1 exit status
CMakeFiles/cmTC_81e41.dir/build.make:97: recipe for target 'cmTC_81e41' failed
make[1]: *** [cmTC_81e41] Error 1
make[1]: Leaving directory '/home/kathleen/fetch_ws/build/catkin_tools_prebuild/CMakeFiles/CMakeTmp'
Makefile:126: recipe for target 'cmTC_81e41/fast' failed
make: *** [cmTC_81e41/fast] Error 2


