[  0%] Built target diagnostic_msgs_generate_messages_py
[  2%] Built target gazebo_ros_ft_sensor
[  5%] Built target gazebo_ros_video
[  7%] Built target gazebo_ros_vacuum_gripper
[  7%] Built target diagnostic_msgs_generate_messages_nodejs
[ 10%] Built target gazebo_ros_template
[ 12%] Built target gazebo_ros_utils
[ 12%] Built target rosgraph_msgs_generate_messages_nodejs
[ 12%] Built target bond_generate_messages_eus
[ 12%] Built target gazebo_msgs_generate_messages_eus
[ 15%] Built target gazebo_ros_planar_move
[ 15%] Built target std_srvs_generate_messages_py
[ 15%] Built target roscpp_generate_messages_py
[ 15%] Built target std_srvs_generate_messages_nodejs
[ 15%] Built target roscpp_generate_messages_eus
[ 15%] Built target tf_generate_messages_nodejs
[ 15%] Built target sensor_msgs_generate_messages_cpp
[ 15%] Built target actionlib_generate_messages_nodejs
[ 15%] Built target roscpp_generate_messages_cpp
[ 15%] Built target actionlib_msgs_generate_messages_cpp
[ 15%] Built target sensor_msgs_generate_messages_eus
[ 15%] Built target std_srvs_generate_messages_eus
[ 15%] Built target std_msgs_generate_messages_nodejs
[ 15%] Built target tf_generate_messages_cpp
[ 15%] Built target actionlib_generate_messages_cpp
[ 15%] Built target gazebo_msgs_generate_messages_nodejs
[ 15%] Built target _catkin_empty_exported_target
[ 15%] Built target rosgraph_msgs_generate_messages_py
[ 15%] Built target dynamic_reconfigure_generate_messages_nodejs
[ 15%] Built target std_srvs_generate_messages_cpp
[ 15%] Built target roscpp_generate_messages_nodejs
[ 15%] Built target tf_generate_messages_lisp
[ 15%] Built target rosgraph_msgs_generate_messages_lisp
[ 15%] Built target sensor_msgs_generate_messages_py
[ 15%] Built target diagnostic_msgs_generate_messages_lisp
[ 15%] Built target sensor_msgs_generate_messages_lisp
[ 15%] Built target geometry_msgs_generate_messages_py
[ 15%] Built target gazebo_msgs_generate_messages_lisp
[ 15%] Built target std_srvs_generate_messages_lisp
[ 15%] Built target bond_generate_messages_py
[ 15%] Built target geometry_msgs_generate_messages_nodejs
[ 15%] Built target geometry_msgs_generate_messages_eus
[ 15%] Built target geometry_msgs_generate_messages_lisp
[ 15%] Built target rosgraph_msgs_generate_messages_cpp
[ 15%] Built target std_msgs_generate_messages_lisp
[ 15%] Built target nodelet_generate_messages_py
[ 15%] Built target diagnostic_msgs_generate_messages_eus
[ 15%] Built target std_msgs_generate_messages_cpp
[ 15%] Built target geometry_msgs_generate_messages_cpp
[ 15%] Built target gazebo_msgs_generate_messages_py
[ 15%] Built target sensor_msgs_generate_messages_nodejs
[ 15%] Built target trajectory_msgs_generate_messages_cpp
[ 15%] Built target trajectory_msgs_generate_messages_eus
[ 15%] Built target rosgraph_msgs_generate_messages_eus
[ 15%] Built target roscpp_generate_messages_lisp
[ 15%] Built target std_msgs_generate_messages_py
[ 15%] Built target trajectory_msgs_generate_messages_nodejs
[ 15%] Built target trajectory_msgs_generate_messages_lisp
[ 15%] Built target nav_msgs_generate_messages_py
[ 15%] Built target polled_camera_generate_messages_lisp
[ 15%] Built target trajectory_msgs_generate_messages_py
[ 15%] Built target polled_camera_generate_messages_cpp
[ 15%] Built target nodelet_generate_messages_eus
[ 15%] Built target tf2_msgs_generate_messages_nodejs
[ 15%] Built target nodelet_generate_messages_lisp
[ 15%] Built target bond_generate_messages_cpp
[ 15%] Built target nodelet_generate_messages_nodejs
[ 15%] Built target bond_generate_messages_lisp
[ 15%] Built target nodelet_generate_messages_cpp
[ 15%] Built target tf2_msgs_generate_messages_eus
[ 15%] Built target actionlib_msgs_generate_messages_eus
[ 15%] Built target nav_msgs_generate_messages_lisp
[ 15%] Built target gazebo_msgs_generate_messages_cpp
[ 15%] Built target actionlib_generate_messages_lisp
[ 15%] Built target nav_msgs_generate_messages_eus
[ 15%] Built target actionlib_msgs_generate_messages_lisp
[ 15%] Built target actionlib_msgs_generate_messages_nodejs
[ 15%] Built target actionlib_msgs_generate_messages_py
[ 15%] Built target tf_generate_messages_eus
[ 15%] Built target polled_camera_generate_messages_py
[ 15%] Built target actionlib_generate_messages_eus
[ 15%] Built target tf2_msgs_generate_messages_py
[ 15%] Built target tf_generate_messages_py
[ 15%] Built target std_msgs_generate_messages_eus
[ 15%] Built target tf2_msgs_generate_messages_cpp
[ 15%] Built target nav_msgs_generate_messages_cpp
[ 15%] Built target tf2_msgs_generate_messages_lisp
[ 15%] Built target dynamic_reconfigure_generate_messages_cpp
[ 15%] Built target bond_generate_messages_nodejs
[ 15%] Built target dynamic_reconfigure_generate_messages_eus
[ 15%] Built target polled_camera_generate_messages_nodejs
[ 15%] Built target dynamic_reconfigure_gencfg
[ 15%] Built target dynamic_reconfigure_generate_messages_lisp
[ 15%] Built target actionlib_generate_messages_py
[ 15%] Built target dynamic_reconfigure_generate_messages_py
[ 15%] Built target nav_msgs_generate_messages_nodejs
[ 15%] Built target diagnostic_msgs_generate_messages_cpp
[ 15%] Built target polled_camera_generate_messages_eus
[ 17%] Built target gazebo_ros_imu_sensor
[ 20%] Built target gazebo_ros_force
[ 23%] Built target MultiCameraPlugin
[ 25%] Built target gazebo_ros_p3d
[ 28%] Built target gazebo_ros_gpu_laser
[ 30%] Built target gazebo_ros_hand_of_god
[ 33%] Built target gazebo_ros_imu
[ 35%] Built target gazebo_ros_joint_trajectory
[ 38%] Built target gazebo_ros_projector
[ 41%] Built target gazebo_ros_joint_pose_trajectory
[ 43%] Built target gazebo_ros_f3d
[ 46%] Built target gazebo_ros_range
[ 48%] Built target gazebo_ros_block_laser
[ 51%] Built target gazebo_ros_skid_steer_drive
[ 53%] Built target gazebo_ros_tricycle_drive
[ 58%] Built target gazebo_plugins_gencfg
[ 61%] Built target gazebo_ros_laser
[ 64%] Built target gazebo_ros_diff_drive
[ 66%] Built target gazebo_ros_joint_state_publisher
[ 69%] Built target gazebo_ros_bumper
[ 71%] Built target gazebo_ros_harness
[ 74%] Built target pub_joint_trajectory_test
[ 76%] Built target gazebo_ros_camera_utils
[ 79%] Built target hokuyo_node
[ 82%] Built target gazebo_ros_elevator
[ 84%] Built target vision_reconfigure
[ 87%] Built target camera_synchronizer
[ 89%] Built target gazebo_ros_openni_kinect
[ 92%] Built target gazebo_ros_depth_camera
[ 94%] Built target gazebo_ros_camera
[ 97%] Built target gazebo_ros_multicamera
[100%] Built target gazebo_ros_prosilica
