[  0%] Built target _pr2_common_action_msgs_generate_messages_check_deps_TuckArmsActionResult
[  0%] Built target sensor_msgs_generate_messages_cpp
[  0%] Built target _pr2_common_action_msgs_generate_messages_check_deps_ArmMoveIKAction
[  0%] Built target _pr2_common_action_msgs_generate_messages_check_deps_TuckArmsActionFeedback
[  0%] Built target _pr2_common_action_msgs_generate_messages_check_deps_ArmMoveIKResult
[  0%] Built target _pr2_common_action_msgs_generate_messages_check_deps_TuckArmsFeedback
[  0%] Built target geometry_msgs_generate_messages_cpp
[  0%] Built target actionlib_msgs_generate_messages_cpp
[  0%] Built target _pr2_common_action_msgs_generate_messages_check_deps_ArmMoveIKActionGoal
[  0%] Built target _pr2_common_action_msgs_generate_messages_check_deps_ArmMoveIKActionResult
[  0%] Built target _pr2_common_action_msgs_generate_messages_check_deps_TuckArmsAction
[  0%] Built target _pr2_common_action_msgs_generate_messages_check_deps_TuckArmsActionGoal
[  0%] Built target _pr2_common_action_msgs_generate_messages_check_deps_ArmMoveIKGoal
[  0%] Built target _pr2_common_action_msgs_generate_messages_check_deps_TuckArmsGoal
[  0%] Built target _pr2_common_action_msgs_generate_messages_check_deps_TuckArmsResult
[  0%] Built target _pr2_common_action_msgs_generate_messages_check_deps_ArmMoveIKFeedback
[  0%] Built target actionlib_msgs_generate_messages_py
[  0%] Built target _pr2_common_action_msgs_generate_messages_check_deps_ArmMoveIKActionFeedback
[  0%] Built target geometry_msgs_generate_messages_py
[  0%] Built target sensor_msgs_generate_messages_py
[  0%] Built target geometry_msgs_generate_messages_nodejs
[  0%] Built target sensor_msgs_generate_messages_nodejs
[  0%] Built target actionlib_msgs_generate_messages_nodejs
[  0%] Built target actionlib_msgs_generate_messages_lisp
[  0%] Built target geometry_msgs_generate_messages_lisp
[  0%] Built target sensor_msgs_generate_messages_lisp
[  0%] Built target actionlib_msgs_generate_messages_eus
[  0%] Built target geometry_msgs_generate_messages_eus
[  0%] Built target sensor_msgs_generate_messages_eus
[ 19%] Built target pr2_common_action_msgs_generate_messages_cpp
[ 40%] Built target pr2_common_action_msgs_generate_messages_py
[ 59%] Built target pr2_common_action_msgs_generate_messages_nodejs
[ 79%] Built target pr2_common_action_msgs_generate_messages_lisp
[100%] Built target pr2_common_action_msgs_generate_messages_eus
[100%] Built target pr2_common_action_msgs_generate_messages
