make[2]: *** No rule to make target '/usr/lib/x86_64-linux-gnu/libgazebo_math.so', needed by '/home/kathleen/catkin_ws/devel/.private/gazebo_plugins/lib/libgazebo_ros_template.so'.  Stop.
make[2]: *** Waiting for unfinished jobs....
make[2]: *** No rule to make target '/usr/lib/x86_64-linux-gnu/libgazebo_math.so', needed by '/home/kathleen/catkin_ws/devel/.private/gazebo_plugins/lib/libgazebo_ros_vacuum_gripper.so'.  Stop.
make[2]: *** Waiting for unfinished jobs....
make[2]: *** No rule to make target '/usr/lib/x86_64-linux-gnu/libgazebo_math.so', needed by '/home/kathleen/catkin_ws/devel/.private/gazebo_plugins/lib/libgazebo_ros_utils.so'.  Stop.
make[2]: *** Waiting for unfinished jobs....
make[2]: *** No rule to make target '/usr/lib/x86_64-linux-gnu/libgazebo_math.so', needed by '/home/kathleen/catkin_ws/devel/.private/gazebo_plugins/lib/libgazebo_ros_planar_move.so'.  Stop.
make[2]: *** Waiting for unfinished jobs....
make[2]: *** No rule to make target '/usr/lib/x86_64-linux-gnu/libgazebo_math.so', needed by '/home/kathleen/catkin_ws/devel/.private/gazebo_plugins/lib/libgazebo_ros_video.so'.  Stop.
make[2]: *** Waiting for unfinished jobs....
make[2]: *** No rule to make target '/usr/lib/x86_64-linux-gnu/libgazebo_math.so', needed by '/home/kathleen/catkin_ws/devel/.private/gazebo_plugins/lib/libgazebo_ros_ft_sensor.so'.  Stop.
make[2]: *** Waiting for unfinished jobs....
In file included from [01m[K/home/kathleen/catkin_ws/src/gazebo_ros_pkgs/gazebo_plugins/src/gazebo_ros_planar_move.cpp:25:0[m[K:
[01m[K/home/kathleen/catkin_ws/src/gazebo_ros_pkgs/gazebo_plugins/include/gazebo_plugins/gazebo_ros_planar_move.h:32:35:[m[K [01;31m[Kfatal error: [m[Kgazebo/common/common.hh: No such file or directory
compilation terminated.
make[2]: *** [CMakeFiles/gazebo_ros_planar_move.dir/src/gazebo_ros_planar_move.cpp.o] Error 1
make[1]: *** [CMakeFiles/gazebo_ros_planar_move.dir/all] Error 2
make[1]: *** Waiting for unfinished jobs....
In file included from [01m[K/home/kathleen/catkin_ws/src/gazebo_ros_pkgs/gazebo_plugins/src/gazebo_ros_utils.cpp:35:0[m[K:
[01m[K/home/kathleen/catkin_ws/src/gazebo_ros_pkgs/gazebo_plugins/include/gazebo_plugins/gazebo_ros_utils.h:39:35:[m[K [01;31m[Kfatal error: [m[Kgazebo/common/common.hh: No such file or directory
compilation terminated.
make[2]: *** [CMakeFiles/gazebo_ros_utils.dir/src/gazebo_ros_utils.cpp.o] Error 1
make[1]: *** [CMakeFiles/gazebo_ros_utils.dir/all] Error 2
In file included from [01m[K/home/kathleen/catkin_ws/src/gazebo_ros_pkgs/gazebo_plugins/src/gazebo_ros_ft_sensor.cpp:23:0[m[K:
[01m[K/home/kathleen/catkin_ws/src/gazebo_ros_pkgs/gazebo_plugins/include/gazebo_plugins/gazebo_ros_ft_sensor.h:30:37:[m[K [01;31m[Kfatal error: [m[Kgazebo/physics/physics.hh: No such file or directory
compilation terminated.
make[2]: *** [CMakeFiles/gazebo_ros_ft_sensor.dir/src/gazebo_ros_ft_sensor.cpp.o] Error 1
make[1]: *** [CMakeFiles/gazebo_ros_ft_sensor.dir/all] Error 2
In file included from [01m[K/home/kathleen/catkin_ws/src/gazebo_ros_pkgs/gazebo_plugins/src/gazebo_ros_template.cpp:41:0[m[K:
[01m[K/home/kathleen/catkin_ws/src/gazebo_ros_pkgs/gazebo_plugins/include/gazebo_plugins/gazebo_ros_template.h:28:37:[m[K [01;31m[Kfatal error: [m[Kgazebo/physics/physics.hh: No such file or directory
compilation terminated.
make[2]: *** [CMakeFiles/gazebo_ros_template.dir/src/gazebo_ros_template.cpp.o] Error 1
make[1]: *** [CMakeFiles/gazebo_ros_template.dir/all] Error 2
In file included from [01m[K/home/kathleen/catkin_ws/src/gazebo_ros_pkgs/gazebo_plugins/src/gazebo_ros_video.cpp:24:0[m[K:
[01m[K/home/kathleen/catkin_ws/src/gazebo_ros_pkgs/gazebo_plugins/include/gazebo_plugins/gazebo_ros_video.h:36:35:[m[K [01;31m[Kfatal error: [m[Kgazebo/common/Events.hh: No such file or directory
compilation terminated.
make[2]: *** [CMakeFiles/gazebo_ros_video.dir/src/gazebo_ros_video.cpp.o] Error 1
make[1]: *** [CMakeFiles/gazebo_ros_video.dir/all] Error 2
In file included from [01m[K/home/kathleen/catkin_ws/src/gazebo_ros_pkgs/gazebo_plugins/src/gazebo_ros_vacuum_gripper.cpp:28:0[m[K:
[01m[K/home/kathleen/catkin_ws/src/gazebo_ros_pkgs/gazebo_plugins/include/gazebo_plugins/gazebo_ros_vacuum_gripper.h:38:37:[m[K [01;31m[Kfatal error: [m[Kgazebo/physics/physics.hh: No such file or directory
compilation terminated.
make[2]: *** [CMakeFiles/gazebo_ros_vacuum_gripper.dir/src/gazebo_ros_vacuum_gripper.cpp.o] Error 1
make[1]: *** [CMakeFiles/gazebo_ros_vacuum_gripper.dir/all] Error 2
make: *** [all] Error 2
