Determining if the pthread_create exist failed with the following output:
Change Dir: /home/kathleen/fetch_ws/build/moveit_ros_move_group/CMakeFiles/CMakeTmp

Run Build Command:"/usr/bin/make" "cmTC_ad071/fast"
/usr/bin/make -f CMakeFiles/cmTC_ad071.dir/build.make CMakeFiles/cmTC_ad071.dir/build
make[1]: Entering directory '/home/kathleen/fetch_ws/build/moveit_ros_move_group/CMakeFiles/CMakeTmp'
Building C object CMakeFiles/cmTC_ad071.dir/CheckSymbolExists.c.o
/usr/bin/cc     -o CMakeFiles/cmTC_ad071.dir/CheckSymbolExists.c.o   -c /home/kathleen/fetch_ws/build/moveit_ros_move_group/CMakeFiles/CMakeTmp/CheckSymbolExists.c
Linking C executable cmTC_ad071
/usr/bin/cmake -E cmake_link_script CMakeFiles/cmTC_ad071.dir/link.txt --verbose=1
/usr/bin/cc       CMakeFiles/cmTC_ad071.dir/CheckSymbolExists.c.o  -o cmTC_ad071 -rdynamic 
CMakeFiles/cmTC_ad071.dir/CheckSymbolExists.c.o: In function `main':
CheckSymbolExists.c:(.text+0x16): undefined reference to `pthread_create'
collect2: error: ld returned 1 exit status
CMakeFiles/cmTC_ad071.dir/build.make:97: recipe for target 'cmTC_ad071' failed
make[1]: *** [cmTC_ad071] Error 1
make[1]: Leaving directory '/home/kathleen/fetch_ws/build/moveit_ros_move_group/CMakeFiles/CMakeTmp'
Makefile:126: recipe for target 'cmTC_ad071/fast' failed
make: *** [cmTC_ad071/fast] Error 2

File /home/kathleen/fetch_ws/build/moveit_ros_move_group/CMakeFiles/CMakeTmp/CheckSymbolExists.c:
/* */
#include <pthread.h>

int main(int argc, char** argv)
{
  (void)argv;
#ifndef pthread_create
  return ((int*)(&pthread_create))[argc];
#else
  (void)argc;
  return 0;
#endif
}

Determining if the function pthread_create exists in the pthreads failed with the following output:
Change Dir: /home/kathleen/fetch_ws/build/moveit_ros_move_group/CMakeFiles/CMakeTmp

Run Build Command:"/usr/bin/make" "cmTC_5a57b/fast"
/usr/bin/make -f CMakeFiles/cmTC_5a57b.dir/build.make CMakeFiles/cmTC_5a57b.dir/build
make[1]: Entering directory '/home/kathleen/fetch_ws/build/moveit_ros_move_group/CMakeFiles/CMakeTmp'
Building C object CMakeFiles/cmTC_5a57b.dir/CheckFunctionExists.c.o
/usr/bin/cc    -DCHECK_FUNCTION_EXISTS=pthread_create   -o CMakeFiles/cmTC_5a57b.dir/CheckFunctionExists.c.o   -c /usr/share/cmake-3.5/Modules/CheckFunctionExists.c
Linking C executable cmTC_5a57b
/usr/bin/cmake -E cmake_link_script CMakeFiles/cmTC_5a57b.dir/link.txt --verbose=1
/usr/bin/cc   -DCHECK_FUNCTION_EXISTS=pthread_create    CMakeFiles/cmTC_5a57b.dir/CheckFunctionExists.c.o  -o cmTC_5a57b -rdynamic -lpthreads 
/usr/bin/ld: cannot find -lpthreads
collect2: error: ld returned 1 exit status
CMakeFiles/cmTC_5a57b.dir/build.make:97: recipe for target 'cmTC_5a57b' failed
make[1]: *** [cmTC_5a57b] Error 1
make[1]: Leaving directory '/home/kathleen/fetch_ws/build/moveit_ros_move_group/CMakeFiles/CMakeTmp'
Makefile:126: recipe for target 'cmTC_5a57b/fast' failed
make: *** [cmTC_5a57b/fast] Error 2


