[35m[1mScanning dependencies of target sensor_msgs_generate_messages_cpp[0m
[35m[1mScanning dependencies of target sensor_msgs_generate_messages_nodejs[0m
[35m[1mScanning dependencies of target std_msgs_generate_messages_eus[0m
[35m[1mScanning dependencies of target geometry_msgs_generate_messages_nodejs[0m
[  0%] Built target sensor_msgs_generate_messages_cpp
[35m[1mScanning dependencies of target moveit_occupancy_map_monitor[0m
[35m[1mScanning dependencies of target geometry_msgs_generate_messages_lisp[0m
[35m[1mScanning dependencies of target sensor_msgs_generate_messages_py[0m
[  0%] Built target sensor_msgs_generate_messages_nodejs
[  0%] Built target std_msgs_generate_messages_eus
[  0%] Built target geometry_msgs_generate_messages_lisp
[  0%] Built target geometry_msgs_generate_messages_nodejs
[35m[1mScanning dependencies of target std_msgs_generate_messages_lisp[0m
[  0%] Built target sensor_msgs_generate_messages_py
[35m[1mScanning dependencies of target sensor_msgs_generate_messages_lisp[0m
[35m[1mScanning dependencies of target std_msgs_generate_messages_py[0m
[35m[1mScanning dependencies of target std_msgs_generate_messages_cpp[0m
[35m[1mScanning dependencies of target geometry_msgs_generate_messages_eus[0m
[35m[1mScanning dependencies of target sensor_msgs_generate_messages_eus[0m
[  0%] Built target std_msgs_generate_messages_lisp
[35m[1mScanning dependencies of target geometry_msgs_generate_messages_cpp[0m
[  0%] Built target geometry_msgs_generate_messages_eus
[  0%] Built target std_msgs_generate_messages_py
[  0%] Built target geometry_msgs_generate_messages_cpp
[  0%] Built target std_msgs_generate_messages_cpp
[35m[1mScanning dependencies of target std_msgs_generate_messages_nodejs[0m
[  0%] Built target sensor_msgs_generate_messages_eus
[35m[1mScanning dependencies of target geometry_msgs_generate_messages_py[0m
[  0%] Built target sensor_msgs_generate_messages_lisp
[35m[1mScanning dependencies of target tf2_msgs_generate_messages_lisp[0m
[35m[1mScanning dependencies of target moveit_point_containment_filter[0m
[  0%] Built target geometry_msgs_generate_messages_py
[35m[1mScanning dependencies of target _catkin_empty_exported_target[0m
[35m[1mScanning dependencies of target tf2_msgs_generate_messages_nodejs[0m
[  0%] Built target std_msgs_generate_messages_nodejs
[35m[1mScanning dependencies of target tf2_msgs_generate_messages_cpp[0m
[  0%] Built target tf2_msgs_generate_messages_lisp
[  0%] Built target tf2_msgs_generate_messages_cpp
[35m[1mScanning dependencies of target tf2_msgs_generate_messages_eus[0m
[35m[1mScanning dependencies of target actionlib_generate_messages_py[0m
[  0%] Built target tf2_msgs_generate_messages_nodejs
[35m[1mScanning dependencies of target tf_generate_messages_eus[0m
[  0%] Built target _catkin_empty_exported_target
[  0%] Built target tf2_msgs_generate_messages_eus
[35m[1mScanning dependencies of target actionlib_generate_messages_eus[0m
[  0%] Built target actionlib_generate_messages_py
[  6%] [32mBuilding CXX object occupancy_map_monitor/CMakeFiles/moveit_occupancy_map_monitor.dir/src/occupancy_map_monitor.cpp.o[0m
[ 13%] [32mBuilding CXX object occupancy_map_monitor/CMakeFiles/moveit_occupancy_map_monitor.dir/src/occupancy_map_updater.cpp.o[0m
[ 13%] Built target tf_generate_messages_eus
[ 13%] Built target actionlib_generate_messages_eus
[35m[1mScanning dependencies of target octomap_msgs_generate_messages_py[0m
[35m[1mScanning dependencies of target tf_generate_messages_py[0m
[ 20%] [32mBuilding CXX object point_containment_filter/CMakeFiles/moveit_point_containment_filter.dir/src/shape_mask.cpp.o[0m
[ 20%] Built target octomap_msgs_generate_messages_py
[35m[1mScanning dependencies of target object_recognition_msgs_generate_messages_eus[0m
[35m[1mScanning dependencies of target object_recognition_msgs_generate_messages_nodejs[0m
[35m[1mScanning dependencies of target octomap_msgs_generate_messages_lisp[0m
[ 20%] Built target tf_generate_messages_py
[35m[1mScanning dependencies of target octomap_msgs_generate_messages_eus[0m
[ 20%] Built target octomap_msgs_generate_messages_lisp
[ 20%] Built target object_recognition_msgs_generate_messages_nodejs
[35m[1mScanning dependencies of target object_recognition_msgs_generate_messages_cpp[0m
[ 20%] Built target object_recognition_msgs_generate_messages_eus
[35m[1mScanning dependencies of target trajectory_msgs_generate_messages_py[0m
[ 20%] Built target octomap_msgs_generate_messages_eus
[35m[1mScanning dependencies of target trajectory_msgs_generate_messages_nodejs[0m
[35m[1mScanning dependencies of target trajectory_msgs_generate_messages_lisp[0m
[ 20%] Built target object_recognition_msgs_generate_messages_cpp
[35m[1mScanning dependencies of target trajectory_msgs_generate_messages_eus[0m
[ 20%] Built target trajectory_msgs_generate_messages_py
[ 20%] Built target trajectory_msgs_generate_messages_nodejs
[35m[1mScanning dependencies of target actionlib_generate_messages_cpp[0m
[35m[1mScanning dependencies of target shape_msgs_generate_messages_py[0m
[ 20%] Built target trajectory_msgs_generate_messages_lisp
[35m[1mScanning dependencies of target visualization_msgs_generate_messages_py[0m
[ 20%] Built target shape_msgs_generate_messages_py
[ 20%] Built target trajectory_msgs_generate_messages_eus
[ 20%] Built target visualization_msgs_generate_messages_py
[ 20%] Built target actionlib_generate_messages_cpp
[35m[1mScanning dependencies of target roscpp_generate_messages_lisp[0m
[35m[1mScanning dependencies of target octomap_msgs_generate_messages_cpp[0m
[35m[1mScanning dependencies of target actionlib_generate_messages_lisp[0m
[ 20%] Built target octomap_msgs_generate_messages_cpp
[35m[1mScanning dependencies of target tf_generate_messages_cpp[0m
[ 20%] Built target roscpp_generate_messages_lisp
[35m[1mScanning dependencies of target shape_msgs_generate_messages_nodejs[0m
[ 20%] Built target shape_msgs_generate_messages_nodejs
[ 20%] Built target tf_generate_messages_cpp
[ 20%] Built target actionlib_generate_messages_lisp
[35m[1mScanning dependencies of target object_recognition_msgs_generate_messages_py[0m
[35m[1mScanning dependencies of target actionlib_msgs_generate_messages_lisp[0m
[35m[1mScanning dependencies of target actionlib_msgs_generate_messages_eus[0m
[35m[1mScanning dependencies of target shape_msgs_generate_messages_cpp[0m
[35m[1mScanning dependencies of target roscpp_generate_messages_nodejs[0m
[ 20%] Built target actionlib_msgs_generate_messages_lisp
[ 20%] Built target object_recognition_msgs_generate_messages_py
[ 20%] Built target roscpp_generate_messages_nodejs
[ 20%] Built target actionlib_msgs_generate_messages_eus
[ 20%] Built target shape_msgs_generate_messages_cpp
[35m[1mScanning dependencies of target moveit_msgs_generate_messages_cpp[0m
[35m[1mScanning dependencies of target moveit_msgs_generate_messages_lisp[0m
[35m[1mScanning dependencies of target roscpp_generate_messages_cpp[0m
[35m[1mScanning dependencies of target rosgraph_msgs_generate_messages_lisp[0m
[35m[1mScanning dependencies of target rosgraph_msgs_generate_messages_nodejs[0m
[ 20%] Built target moveit_msgs_generate_messages_cpp
[ 20%] Built target moveit_msgs_generate_messages_lisp
[ 20%] Built target roscpp_generate_messages_cpp
[ 20%] Built target rosgraph_msgs_generate_messages_lisp
[35m[1mScanning dependencies of target moveit_msgs_generate_messages_nodejs[0m
[35m[1mScanning dependencies of target actionlib_msgs_generate_messages_py[0m
[35m[1mScanning dependencies of target shape_msgs_generate_messages_lisp[0m
[35m[1mScanning dependencies of target actionlib_generate_messages_nodejs[0m
[ 20%] Built target rosgraph_msgs_generate_messages_nodejs
[ 20%] Built target shape_msgs_generate_messages_lisp
[ 20%] Built target moveit_msgs_generate_messages_nodejs
[ 20%] Built target actionlib_msgs_generate_messages_py
[35m[1mScanning dependencies of target actionlib_msgs_generate_messages_cpp[0m
[ 20%] Built target actionlib_generate_messages_nodejs
[35m[1mScanning dependencies of target object_recognition_msgs_generate_messages_lisp[0m
[35m[1mScanning dependencies of target octomap_msgs_generate_messages_nodejs[0m
[ 20%] Built target actionlib_msgs_generate_messages_cpp
[35m[1mScanning dependencies of target rosgraph_msgs_generate_messages_cpp[0m
[35m[1mScanning dependencies of target trajectory_msgs_generate_messages_cpp[0m
[ 20%] Built target octomap_msgs_generate_messages_nodejs
[ 20%] Built target object_recognition_msgs_generate_messages_lisp
[ 20%] Built target rosgraph_msgs_generate_messages_cpp
[35m[1mScanning dependencies of target visualization_msgs_generate_messages_cpp[0m
[35m[1mScanning dependencies of target visualization_msgs_generate_messages_lisp[0m
[ 20%] Built target trajectory_msgs_generate_messages_cpp
[35m[1mScanning dependencies of target shape_msgs_generate_messages_eus[0m
[35m[1mScanning dependencies of target visualization_msgs_generate_messages_nodejs[0m
[ 20%] Built target visualization_msgs_generate_messages_lisp
[ 20%] Built target visualization_msgs_generate_messages_cpp
[ 20%] Built target visualization_msgs_generate_messages_nodejs
[35m[1mScanning dependencies of target roscpp_generate_messages_eus[0m
[ 20%] Built target shape_msgs_generate_messages_eus
[35m[1mScanning dependencies of target tf_generate_messages_nodejs[0m
[ 20%] Built target roscpp_generate_messages_eus
[35m[1mScanning dependencies of target rosgraph_msgs_generate_messages_eus[0m
[35m[1mScanning dependencies of target roscpp_generate_messages_py[0m
[ 20%] Built target tf_generate_messages_nodejs
[ 20%] Built target rosgraph_msgs_generate_messages_eus
[ 20%] Built target roscpp_generate_messages_py
[35m[1mScanning dependencies of target tf_generate_messages_lisp[0m
[35m[1mScanning dependencies of target moveit_msgs_generate_messages_py[0m
[35m[1mScanning dependencies of target rosgraph_msgs_generate_messages_py[0m
[35m[1mScanning dependencies of target moveit_msgs_generate_messages_eus[0m
[ 20%] Built target moveit_msgs_generate_messages_py
[ 20%] Built target moveit_msgs_generate_messages_eus
[35m[1mScanning dependencies of target tf2_msgs_generate_messages_py[0m
[ 20%] Built target rosgraph_msgs_generate_messages_py
[35m[1mScanning dependencies of target actionlib_msgs_generate_messages_nodejs[0m
[ 20%] Built target tf_generate_messages_lisp
[35m[1mScanning dependencies of target visualization_msgs_generate_messages_eus[0m
[ 20%] Built target actionlib_msgs_generate_messages_nodejs
[ 20%] Built target tf2_msgs_generate_messages_py
[ 20%] Built target visualization_msgs_generate_messages_eus
[35m[1mScanning dependencies of target moveit_semantic_world[0m
[ 26%] [32mBuilding CXX object semantic_world/CMakeFiles/moveit_semantic_world.dir/src/semantic_world.cpp.o[0m
[ 33%] [32m[1mLinking CXX shared library /home/kathleen/fetch_ws/devel/.private/moveit_ros_perception/lib/libmoveit_point_containment_filter.so[0m
[ 33%] Built target moveit_point_containment_filter
[ 40%] [32m[1mLinking CXX shared library /home/kathleen/fetch_ws/devel/.private/moveit_ros_perception/lib/libmoveit_occupancy_map_monitor.so[0m
[ 40%] Built target moveit_occupancy_map_monitor
[35m[1mScanning dependencies of target moveit_pointcloud_octomap_updater_core[0m
[35m[1mScanning dependencies of target moveit_occupancy_map_server[0m
[35m[1mScanning dependencies of target moveit_lazy_free_space_updater[0m
[ 46%] [32mBuilding CXX object lazy_free_space_updater/CMakeFiles/moveit_lazy_free_space_updater.dir/src/lazy_free_space_updater.cpp.o[0m
[ 53%] [32mBuilding CXX object occupancy_map_monitor/CMakeFiles/moveit_occupancy_map_server.dir/src/occupancy_map_server.cpp.o[0m
[ 60%] [32mBuilding CXX object pointcloud_octomap_updater/CMakeFiles/moveit_pointcloud_octomap_updater_core.dir/src/pointcloud_octomap_updater.cpp.o[0m
[ 66%] [32m[1mLinking CXX shared library /home/kathleen/fetch_ws/devel/.private/moveit_ros_perception/lib/libmoveit_semantic_world.so[0m
[ 66%] Built target moveit_semantic_world
[ 73%] [32m[1mLinking CXX shared library /home/kathleen/fetch_ws/devel/.private/moveit_ros_perception/lib/libmoveit_lazy_free_space_updater.so[0m
[ 73%] Built target moveit_lazy_free_space_updater
[ 80%] [32m[1mLinking CXX executable /home/kathleen/fetch_ws/devel/.private/moveit_ros_perception/lib/moveit_ros_perception/moveit_occupancy_map_server[0m
[ 80%] Built target moveit_occupancy_map_server
[ 86%] [32m[1mLinking CXX shared library /home/kathleen/fetch_ws/devel/.private/moveit_ros_perception/lib/libmoveit_pointcloud_octomap_updater_core.so[0m
[ 86%] Built target moveit_pointcloud_octomap_updater_core
[35m[1mScanning dependencies of target moveit_pointcloud_octomap_updater[0m
[ 93%] [32mBuilding CXX object pointcloud_octomap_updater/CMakeFiles/moveit_pointcloud_octomap_updater.dir/src/plugin_init.cpp.o[0m
[100%] [32m[1mLinking CXX shared library /home/kathleen/fetch_ws/devel/.private/moveit_ros_perception/lib/libmoveit_pointcloud_octomap_updater.so[0m
[100%] Built target moveit_pointcloud_octomap_updater
