Determining if the pthread_create exist failed with the following output:
Change Dir: /home/kathleen/humanoid_robotics/project/fetch_ws/build/moveit_ros_warehouse/CMakeFiles/CMakeTmp

Run Build Command:"/usr/bin/make" "cmTC_db3ee/fast"
/usr/bin/make -f CMakeFiles/cmTC_db3ee.dir/build.make CMakeFiles/cmTC_db3ee.dir/build
make[1]: Entering directory '/home/kathleen/humanoid_robotics/project/fetch_ws/build/moveit_ros_warehouse/CMakeFiles/CMakeTmp'
Building C object CMakeFiles/cmTC_db3ee.dir/CheckSymbolExists.c.o
/usr/bin/cc     -o CMakeFiles/cmTC_db3ee.dir/CheckSymbolExists.c.o   -c /home/kathleen/humanoid_robotics/project/fetch_ws/build/moveit_ros_warehouse/CMakeFiles/CMakeTmp/CheckSymbolExists.c
Linking C executable cmTC_db3ee
/usr/bin/cmake -E cmake_link_script CMakeFiles/cmTC_db3ee.dir/link.txt --verbose=1
/usr/bin/cc       CMakeFiles/cmTC_db3ee.dir/CheckSymbolExists.c.o  -o cmTC_db3ee -rdynamic 
CMakeFiles/cmTC_db3ee.dir/CheckSymbolExists.c.o: In function `main':
CheckSymbolExists.c:(.text+0x16): undefined reference to `pthread_create'
collect2: error: ld returned 1 exit status
CMakeFiles/cmTC_db3ee.dir/build.make:97: recipe for target 'cmTC_db3ee' failed
make[1]: *** [cmTC_db3ee] Error 1
make[1]: Leaving directory '/home/kathleen/humanoid_robotics/project/fetch_ws/build/moveit_ros_warehouse/CMakeFiles/CMakeTmp'
Makefile:126: recipe for target 'cmTC_db3ee/fast' failed
make: *** [cmTC_db3ee/fast] Error 2

File /home/kathleen/humanoid_robotics/project/fetch_ws/build/moveit_ros_warehouse/CMakeFiles/CMakeTmp/CheckSymbolExists.c:
/* */
#include <pthread.h>

int main(int argc, char** argv)
{
  (void)argv;
#ifndef pthread_create
  return ((int*)(&pthread_create))[argc];
#else
  (void)argc;
  return 0;
#endif
}

Determining if the function pthread_create exists in the pthreads failed with the following output:
Change Dir: /home/kathleen/humanoid_robotics/project/fetch_ws/build/moveit_ros_warehouse/CMakeFiles/CMakeTmp

Run Build Command:"/usr/bin/make" "cmTC_bf7eb/fast"
/usr/bin/make -f CMakeFiles/cmTC_bf7eb.dir/build.make CMakeFiles/cmTC_bf7eb.dir/build
make[1]: Entering directory '/home/kathleen/humanoid_robotics/project/fetch_ws/build/moveit_ros_warehouse/CMakeFiles/CMakeTmp'
Building C object CMakeFiles/cmTC_bf7eb.dir/CheckFunctionExists.c.o
/usr/bin/cc    -DCHECK_FUNCTION_EXISTS=pthread_create   -o CMakeFiles/cmTC_bf7eb.dir/CheckFunctionExists.c.o   -c /usr/share/cmake-3.5/Modules/CheckFunctionExists.c
Linking C executable cmTC_bf7eb
/usr/bin/cmake -E cmake_link_script CMakeFiles/cmTC_bf7eb.dir/link.txt --verbose=1
/usr/bin/cc   -DCHECK_FUNCTION_EXISTS=pthread_create    CMakeFiles/cmTC_bf7eb.dir/CheckFunctionExists.c.o  -o cmTC_bf7eb -rdynamic -lpthreads 
/usr/bin/ld: cannot find -lpthreads
collect2: error: ld returned 1 exit status
CMakeFiles/cmTC_bf7eb.dir/build.make:97: recipe for target 'cmTC_bf7eb' failed
make[1]: *** [cmTC_bf7eb] Error 1
make[1]: Leaving directory '/home/kathleen/humanoid_robotics/project/fetch_ws/build/moveit_ros_warehouse/CMakeFiles/CMakeTmp'
Makefile:126: recipe for target 'cmTC_bf7eb/fast' failed
make: *** [cmTC_bf7eb/fast] Error 2


