Linked: (/home/kathleen/catkin_ws/devel/.private/ethercat_trigger_controllers/share/roseus/ros/ethercat_trigger_controllers/manifest.l, /home/kathleen/catkin_ws/devel/share/roseus/ros/ethercat_trigger_controllers/manifest.l)
Linked: (/home/kathleen/catkin_ws/devel/.private/ethercat_trigger_controllers/share/roseus/ros/ethercat_trigger_controllers/msg/MultiWaveformTransition.l, /home/kathleen/catkin_ws/devel/share/roseus/ros/ethercat_trigger_controllers/msg/MultiWaveformTransition.l)
Linked: (/home/kathleen/catkin_ws/devel/.private/ethercat_trigger_controllers/share/roseus/ros/ethercat_trigger_controllers/msg/MultiWaveform.l, /home/kathleen/catkin_ws/devel/share/roseus/ros/ethercat_trigger_controllers/msg/MultiWaveform.l)
Linked: (/home/kathleen/catkin_ws/devel/.private/ethercat_trigger_controllers/share/roseus/ros/ethercat_trigger_controllers/srv/SetWaveform.l, /home/kathleen/catkin_ws/devel/share/roseus/ros/ethercat_trigger_controllers/srv/SetWaveform.l)
Linked: (/home/kathleen/catkin_ws/devel/.private/ethercat_trigger_controllers/share/roseus/ros/ethercat_trigger_controllers/srv/SetMultiWaveform.l, /home/kathleen/catkin_ws/devel/share/roseus/ros/ethercat_trigger_controllers/srv/SetMultiWaveform.l)
Linked: (/home/kathleen/catkin_ws/devel/.private/ethercat_trigger_controllers/share/ethercat_trigger_controllers/cmake/ethercat_trigger_controllers-msg-extras.cmake, /home/kathleen/catkin_ws/devel/share/ethercat_trigger_controllers/cmake/ethercat_trigger_controllers-msg-extras.cmake)
Linked: (/home/kathleen/catkin_ws/devel/.private/ethercat_trigger_controllers/share/ethercat_trigger_controllers/cmake/ethercat_trigger_controllersConfig.cmake, /home/kathleen/catkin_ws/devel/share/ethercat_trigger_controllers/cmake/ethercat_trigger_controllersConfig.cmake)
Linked: (/home/kathleen/catkin_ws/devel/.private/ethercat_trigger_controllers/share/ethercat_trigger_controllers/cmake/ethercat_trigger_controllersConfig-version.cmake, /home/kathleen/catkin_ws/devel/share/ethercat_trigger_controllers/cmake/ethercat_trigger_controllersConfig-version.cmake)
Linked: (/home/kathleen/catkin_ws/devel/.private/ethercat_trigger_controllers/share/ethercat_trigger_controllers/cmake/ethercat_trigger_controllers-msg-paths.cmake, /home/kathleen/catkin_ws/devel/share/ethercat_trigger_controllers/cmake/ethercat_trigger_controllers-msg-paths.cmake)
Linked: (/home/kathleen/catkin_ws/devel/.private/ethercat_trigger_controllers/share/common-lisp/ros/ethercat_trigger_controllers/msg/_package_MultiWaveformTransition.lisp, /home/kathleen/catkin_ws/devel/share/common-lisp/ros/ethercat_trigger_controllers/msg/_package_MultiWaveformTransition.lisp)
Linked: (/home/kathleen/catkin_ws/devel/.private/ethercat_trigger_controllers/share/common-lisp/ros/ethercat_trigger_controllers/msg/MultiWaveformTransition.lisp, /home/kathleen/catkin_ws/devel/share/common-lisp/ros/ethercat_trigger_controllers/msg/MultiWaveformTransition.lisp)
Linked: (/home/kathleen/catkin_ws/devel/.private/ethercat_trigger_controllers/share/common-lisp/ros/ethercat_trigger_controllers/msg/_package_MultiWaveform.lisp, /home/kathleen/catkin_ws/devel/share/common-lisp/ros/ethercat_trigger_controllers/msg/_package_MultiWaveform.lisp)
Linked: (/home/kathleen/catkin_ws/devel/.private/ethercat_trigger_controllers/share/common-lisp/ros/ethercat_trigger_controllers/msg/ethercat_trigger_controllers-msg.asd, /home/kathleen/catkin_ws/devel/share/common-lisp/ros/ethercat_trigger_controllers/msg/ethercat_trigger_controllers-msg.asd)
Linked: (/home/kathleen/catkin_ws/devel/.private/ethercat_trigger_controllers/share/common-lisp/ros/ethercat_trigger_controllers/msg/MultiWaveform.lisp, /home/kathleen/catkin_ws/devel/share/common-lisp/ros/ethercat_trigger_controllers/msg/MultiWaveform.lisp)
Linked: (/home/kathleen/catkin_ws/devel/.private/ethercat_trigger_controllers/share/common-lisp/ros/ethercat_trigger_controllers/msg/_package.lisp, /home/kathleen/catkin_ws/devel/share/common-lisp/ros/ethercat_trigger_controllers/msg/_package.lisp)
Linked: (/home/kathleen/catkin_ws/devel/.private/ethercat_trigger_controllers/share/common-lisp/ros/ethercat_trigger_controllers/srv/_package_SetMultiWaveform.lisp, /home/kathleen/catkin_ws/devel/share/common-lisp/ros/ethercat_trigger_controllers/srv/_package_SetMultiWaveform.lisp)
Linked: (/home/kathleen/catkin_ws/devel/.private/ethercat_trigger_controllers/share/common-lisp/ros/ethercat_trigger_controllers/srv/SetMultiWaveform.lisp, /home/kathleen/catkin_ws/devel/share/common-lisp/ros/ethercat_trigger_controllers/srv/SetMultiWaveform.lisp)
Linked: (/home/kathleen/catkin_ws/devel/.private/ethercat_trigger_controllers/share/common-lisp/ros/ethercat_trigger_controllers/srv/ethercat_trigger_controllers-srv.asd, /home/kathleen/catkin_ws/devel/share/common-lisp/ros/ethercat_trigger_controllers/srv/ethercat_trigger_controllers-srv.asd)
Linked: (/home/kathleen/catkin_ws/devel/.private/ethercat_trigger_controllers/share/common-lisp/ros/ethercat_trigger_controllers/srv/SetWaveform.lisp, /home/kathleen/catkin_ws/devel/share/common-lisp/ros/ethercat_trigger_controllers/srv/SetWaveform.lisp)
Linked: (/home/kathleen/catkin_ws/devel/.private/ethercat_trigger_controllers/share/common-lisp/ros/ethercat_trigger_controllers/srv/_package.lisp, /home/kathleen/catkin_ws/devel/share/common-lisp/ros/ethercat_trigger_controllers/srv/_package.lisp)
Linked: (/home/kathleen/catkin_ws/devel/.private/ethercat_trigger_controllers/share/common-lisp/ros/ethercat_trigger_controllers/srv/_package_SetWaveform.lisp, /home/kathleen/catkin_ws/devel/share/common-lisp/ros/ethercat_trigger_controllers/srv/_package_SetWaveform.lisp)
Linked: (/home/kathleen/catkin_ws/devel/.private/ethercat_trigger_controllers/share/gennodejs/ros/ethercat_trigger_controllers/_index.js, /home/kathleen/catkin_ws/devel/share/gennodejs/ros/ethercat_trigger_controllers/_index.js)
Linked: (/home/kathleen/catkin_ws/devel/.private/ethercat_trigger_controllers/share/gennodejs/ros/ethercat_trigger_controllers/msg/MultiWaveform.js, /home/kathleen/catkin_ws/devel/share/gennodejs/ros/ethercat_trigger_controllers/msg/MultiWaveform.js)
Linked: (/home/kathleen/catkin_ws/devel/.private/ethercat_trigger_controllers/share/gennodejs/ros/ethercat_trigger_controllers/msg/_index.js, /home/kathleen/catkin_ws/devel/share/gennodejs/ros/ethercat_trigger_controllers/msg/_index.js)
Linked: (/home/kathleen/catkin_ws/devel/.private/ethercat_trigger_controllers/share/gennodejs/ros/ethercat_trigger_controllers/msg/MultiWaveformTransition.js, /home/kathleen/catkin_ws/devel/share/gennodejs/ros/ethercat_trigger_controllers/msg/MultiWaveformTransition.js)
Linked: (/home/kathleen/catkin_ws/devel/.private/ethercat_trigger_controllers/share/gennodejs/ros/ethercat_trigger_controllers/srv/SetMultiWaveform.js, /home/kathleen/catkin_ws/devel/share/gennodejs/ros/ethercat_trigger_controllers/srv/SetMultiWaveform.js)
Linked: (/home/kathleen/catkin_ws/devel/.private/ethercat_trigger_controllers/share/gennodejs/ros/ethercat_trigger_controllers/srv/SetWaveform.js, /home/kathleen/catkin_ws/devel/share/gennodejs/ros/ethercat_trigger_controllers/srv/SetWaveform.js)
Linked: (/home/kathleen/catkin_ws/devel/.private/ethercat_trigger_controllers/share/gennodejs/ros/ethercat_trigger_controllers/srv/_index.js, /home/kathleen/catkin_ws/devel/share/gennodejs/ros/ethercat_trigger_controllers/srv/_index.js)
Linked: (/home/kathleen/catkin_ws/devel/.private/ethercat_trigger_controllers/lib/libethercat_trigger_controllers.so, /home/kathleen/catkin_ws/devel/lib/libethercat_trigger_controllers.so)
Linked: (/home/kathleen/catkin_ws/devel/.private/ethercat_trigger_controllers/lib/pkgconfig/ethercat_trigger_controllers.pc, /home/kathleen/catkin_ws/devel/lib/pkgconfig/ethercat_trigger_controllers.pc)
Linked: (/home/kathleen/catkin_ws/devel/.private/ethercat_trigger_controllers/lib/python2.7/dist-packages/ethercat_trigger_controllers/__init__.py, /home/kathleen/catkin_ws/devel/lib/python2.7/dist-packages/ethercat_trigger_controllers/__init__.py)
Linked: (/home/kathleen/catkin_ws/devel/.private/ethercat_trigger_controllers/lib/python2.7/dist-packages/ethercat_trigger_controllers/msg/_MultiWaveformTransition.py, /home/kathleen/catkin_ws/devel/lib/python2.7/dist-packages/ethercat_trigger_controllers/msg/_MultiWaveformTransition.py)
Linked: (/home/kathleen/catkin_ws/devel/.private/ethercat_trigger_controllers/lib/python2.7/dist-packages/ethercat_trigger_controllers/msg/_MultiWaveform.py, /home/kathleen/catkin_ws/devel/lib/python2.7/dist-packages/ethercat_trigger_controllers/msg/_MultiWaveform.py)
Linked: (/home/kathleen/catkin_ws/devel/.private/ethercat_trigger_controllers/lib/python2.7/dist-packages/ethercat_trigger_controllers/msg/__init__.py, /home/kathleen/catkin_ws/devel/lib/python2.7/dist-packages/ethercat_trigger_controllers/msg/__init__.py)
Linked: (/home/kathleen/catkin_ws/devel/.private/ethercat_trigger_controllers/lib/python2.7/dist-packages/ethercat_trigger_controllers/srv/_SetWaveform.py, /home/kathleen/catkin_ws/devel/lib/python2.7/dist-packages/ethercat_trigger_controllers/srv/_SetWaveform.py)
Linked: (/home/kathleen/catkin_ws/devel/.private/ethercat_trigger_controllers/lib/python2.7/dist-packages/ethercat_trigger_controllers/srv/_SetMultiWaveform.py, /home/kathleen/catkin_ws/devel/lib/python2.7/dist-packages/ethercat_trigger_controllers/srv/_SetMultiWaveform.py)
Linked: (/home/kathleen/catkin_ws/devel/.private/ethercat_trigger_controllers/lib/python2.7/dist-packages/ethercat_trigger_controllers/srv/__init__.py, /home/kathleen/catkin_ws/devel/lib/python2.7/dist-packages/ethercat_trigger_controllers/srv/__init__.py)
Linked: (/home/kathleen/catkin_ws/devel/.private/ethercat_trigger_controllers/include/ethercat_trigger_controllers/SetMultiWaveformRequest.h, /home/kathleen/catkin_ws/devel/include/ethercat_trigger_controllers/SetMultiWaveformRequest.h)
Linked: (/home/kathleen/catkin_ws/devel/.private/ethercat_trigger_controllers/include/ethercat_trigger_controllers/MultiWaveform.h, /home/kathleen/catkin_ws/devel/include/ethercat_trigger_controllers/MultiWaveform.h)
Linked: (/home/kathleen/catkin_ws/devel/.private/ethercat_trigger_controllers/include/ethercat_trigger_controllers/SetWaveformResponse.h, /home/kathleen/catkin_ws/devel/include/ethercat_trigger_controllers/SetWaveformResponse.h)
Linked: (/home/kathleen/catkin_ws/devel/.private/ethercat_trigger_controllers/include/ethercat_trigger_controllers/SetMultiWaveform.h, /home/kathleen/catkin_ws/devel/include/ethercat_trigger_controllers/SetMultiWaveform.h)
Linked: (/home/kathleen/catkin_ws/devel/.private/ethercat_trigger_controllers/include/ethercat_trigger_controllers/SetWaveform.h, /home/kathleen/catkin_ws/devel/include/ethercat_trigger_controllers/SetWaveform.h)
Linked: (/home/kathleen/catkin_ws/devel/.private/ethercat_trigger_controllers/include/ethercat_trigger_controllers/SetWaveformRequest.h, /home/kathleen/catkin_ws/devel/include/ethercat_trigger_controllers/SetWaveformRequest.h)
Linked: (/home/kathleen/catkin_ws/devel/.private/ethercat_trigger_controllers/include/ethercat_trigger_controllers/SetMultiWaveformResponse.h, /home/kathleen/catkin_ws/devel/include/ethercat_trigger_controllers/SetMultiWaveformResponse.h)
Linked: (/home/kathleen/catkin_ws/devel/.private/ethercat_trigger_controllers/include/ethercat_trigger_controllers/MultiWaveformTransition.h, /home/kathleen/catkin_ws/devel/include/ethercat_trigger_controllers/MultiWaveformTransition.h)
