Determining if the pthread_create exist failed with the following output:
Change Dir: /home/kathleen/catkin_ws/build/single_joint_position_action/CMakeFiles/CMakeTmp

Run Build Command:"/usr/bin/make" "cmTC_d6e8b/fast"
/usr/bin/make -f CMakeFiles/cmTC_d6e8b.dir/build.make CMakeFiles/cmTC_d6e8b.dir/build
make[1]: Entering directory '/home/kathleen/catkin_ws/build/single_joint_position_action/CMakeFiles/CMakeTmp'
Building C object CMakeFiles/cmTC_d6e8b.dir/CheckSymbolExists.c.o
/usr/bin/cc     -o CMakeFiles/cmTC_d6e8b.dir/CheckSymbolExists.c.o   -c /home/kathleen/catkin_ws/build/single_joint_position_action/CMakeFiles/CMakeTmp/CheckSymbolExists.c
Linking C executable cmTC_d6e8b
/usr/bin/cmake -E cmake_link_script CMakeFiles/cmTC_d6e8b.dir/link.txt --verbose=1
/usr/bin/cc       CMakeFiles/cmTC_d6e8b.dir/CheckSymbolExists.c.o  -o cmTC_d6e8b -rdynamic 
CMakeFiles/cmTC_d6e8b.dir/CheckSymbolExists.c.o: In function `main':
CheckSymbolExists.c:(.text+0x16): undefined reference to `pthread_create'
collect2: error: ld returned 1 exit status
CMakeFiles/cmTC_d6e8b.dir/build.make:97: recipe for target 'cmTC_d6e8b' failed
make[1]: *** [cmTC_d6e8b] Error 1
make[1]: Leaving directory '/home/kathleen/catkin_ws/build/single_joint_position_action/CMakeFiles/CMakeTmp'
Makefile:126: recipe for target 'cmTC_d6e8b/fast' failed
make: *** [cmTC_d6e8b/fast] Error 2

File /home/kathleen/catkin_ws/build/single_joint_position_action/CMakeFiles/CMakeTmp/CheckSymbolExists.c:
/* */
#include <pthread.h>

int main(int argc, char** argv)
{
  (void)argv;
#ifndef pthread_create
  return ((int*)(&pthread_create))[argc];
#else
  (void)argc;
  return 0;
#endif
}

Determining if the function pthread_create exists in the pthreads failed with the following output:
Change Dir: /home/kathleen/catkin_ws/build/single_joint_position_action/CMakeFiles/CMakeTmp

Run Build Command:"/usr/bin/make" "cmTC_8592f/fast"
/usr/bin/make -f CMakeFiles/cmTC_8592f.dir/build.make CMakeFiles/cmTC_8592f.dir/build
make[1]: Entering directory '/home/kathleen/catkin_ws/build/single_joint_position_action/CMakeFiles/CMakeTmp'
Building C object CMakeFiles/cmTC_8592f.dir/CheckFunctionExists.c.o
/usr/bin/cc    -DCHECK_FUNCTION_EXISTS=pthread_create   -o CMakeFiles/cmTC_8592f.dir/CheckFunctionExists.c.o   -c /usr/share/cmake-3.5/Modules/CheckFunctionExists.c
Linking C executable cmTC_8592f
/usr/bin/cmake -E cmake_link_script CMakeFiles/cmTC_8592f.dir/link.txt --verbose=1
/usr/bin/cc   -DCHECK_FUNCTION_EXISTS=pthread_create    CMakeFiles/cmTC_8592f.dir/CheckFunctionExists.c.o  -o cmTC_8592f -rdynamic -lpthreads 
/usr/bin/ld: cannot find -lpthreads
collect2: error: ld returned 1 exit status
CMakeFiles/cmTC_8592f.dir/build.make:97: recipe for target 'cmTC_8592f' failed
make[1]: *** [cmTC_8592f] Error 1
make[1]: Leaving directory '/home/kathleen/catkin_ws/build/single_joint_position_action/CMakeFiles/CMakeTmp'
Makefile:126: recipe for target 'cmTC_8592f/fast' failed
make: *** [cmTC_8592f/fast] Error 2


