Determining if the pthread_create exist failed with the following output:
Change Dir: /home/kathleen/fetch_ws/build/grasping_msgs/CMakeFiles/CMakeTmp

Run Build Command:"/usr/bin/make" "cmTC_d9aac/fast"
/usr/bin/make -f CMakeFiles/cmTC_d9aac.dir/build.make CMakeFiles/cmTC_d9aac.dir/build
make[1]: Entering directory '/home/kathleen/fetch_ws/build/grasping_msgs/CMakeFiles/CMakeTmp'
Building C object CMakeFiles/cmTC_d9aac.dir/CheckSymbolExists.c.o
/usr/bin/cc     -o CMakeFiles/cmTC_d9aac.dir/CheckSymbolExists.c.o   -c /home/kathleen/fetch_ws/build/grasping_msgs/CMakeFiles/CMakeTmp/CheckSymbolExists.c
Linking C executable cmTC_d9aac
/usr/bin/cmake -E cmake_link_script CMakeFiles/cmTC_d9aac.dir/link.txt --verbose=1
/usr/bin/cc       CMakeFiles/cmTC_d9aac.dir/CheckSymbolExists.c.o  -o cmTC_d9aac -rdynamic 
CMakeFiles/cmTC_d9aac.dir/CheckSymbolExists.c.o: In function `main':
CheckSymbolExists.c:(.text+0x16): undefined reference to `pthread_create'
collect2: error: ld returned 1 exit status
CMakeFiles/cmTC_d9aac.dir/build.make:97: recipe for target 'cmTC_d9aac' failed
make[1]: *** [cmTC_d9aac] Error 1
make[1]: Leaving directory '/home/kathleen/fetch_ws/build/grasping_msgs/CMakeFiles/CMakeTmp'
Makefile:126: recipe for target 'cmTC_d9aac/fast' failed
make: *** [cmTC_d9aac/fast] Error 2

File /home/kathleen/fetch_ws/build/grasping_msgs/CMakeFiles/CMakeTmp/CheckSymbolExists.c:
/* */
#include <pthread.h>

int main(int argc, char** argv)
{
  (void)argv;
#ifndef pthread_create
  return ((int*)(&pthread_create))[argc];
#else
  (void)argc;
  return 0;
#endif
}

Determining if the function pthread_create exists in the pthreads failed with the following output:
Change Dir: /home/kathleen/fetch_ws/build/grasping_msgs/CMakeFiles/CMakeTmp

Run Build Command:"/usr/bin/make" "cmTC_51fea/fast"
/usr/bin/make -f CMakeFiles/cmTC_51fea.dir/build.make CMakeFiles/cmTC_51fea.dir/build
make[1]: Entering directory '/home/kathleen/fetch_ws/build/grasping_msgs/CMakeFiles/CMakeTmp'
Building C object CMakeFiles/cmTC_51fea.dir/CheckFunctionExists.c.o
/usr/bin/cc    -DCHECK_FUNCTION_EXISTS=pthread_create   -o CMakeFiles/cmTC_51fea.dir/CheckFunctionExists.c.o   -c /usr/share/cmake-3.5/Modules/CheckFunctionExists.c
Linking C executable cmTC_51fea
/usr/bin/cmake -E cmake_link_script CMakeFiles/cmTC_51fea.dir/link.txt --verbose=1
/usr/bin/cc   -DCHECK_FUNCTION_EXISTS=pthread_create    CMakeFiles/cmTC_51fea.dir/CheckFunctionExists.c.o  -o cmTC_51fea -rdynamic -lpthreads 
/usr/bin/ld: cannot find -lpthreads
collect2: error: ld returned 1 exit status
CMakeFiles/cmTC_51fea.dir/build.make:97: recipe for target 'cmTC_51fea' failed
make[1]: *** [cmTC_51fea] Error 1
make[1]: Leaving directory '/home/kathleen/fetch_ws/build/grasping_msgs/CMakeFiles/CMakeTmp'
Makefile:126: recipe for target 'cmTC_51fea/fast' failed
make: *** [cmTC_51fea/fast] Error 2


