[  0%] Built target std_msgs_generate_messages_eus
[  0%] Built target actionlib_msgs_generate_messages_cpp
[  0%] Built target actionlib_msgs_generate_messages_eus
[  0%] Built target geometry_msgs_generate_messages_eus
[  0%] Built target actionlib_generate_messages_lisp
[  0%] Built target actionlib_msgs_generate_messages_lisp
[  0%] Built target control_toolbox_generate_messages_nodejs
[  0%] Built target control_toolbox_generate_messages_py
[  0%] Built target _robot_mechanism_controllers_generate_messages_check_deps_JTCartesianControllerState
[  0%] Built target std_msgs_generate_messages_nodejs
[  0%] Built target actionlib_msgs_generate_messages_nodejs
[  0%] Built target tf2_msgs_generate_messages_py
[  0%] Built target sensor_msgs_generate_messages_cpp
[  0%] Built target sensor_msgs_generate_messages_lisp
[  0%] Built target pr2_controllers_msgs_generate_messages_lisp
[  0%] Built target std_msgs_generate_messages_cpp
[  0%] Built target sensor_msgs_generate_messages_nodejs
[  0%] Built target tf_generate_messages_nodejs
[  0%] Built target tf_generate_messages_py
[  0%] Built target trajectory_msgs_generate_messages_cpp
[  0%] Built target roscpp_generate_messages_py
[  0%] Built target tf_generate_messages_lisp
[  0%] Built target actionlib_generate_messages_cpp
[  0%] Built target diagnostic_msgs_generate_messages_py
[  0%] Built target actionlib_msgs_generate_messages_py
[  0%] Built target rosgraph_msgs_generate_messages_py
[  0%] Built target pr2_mechanism_msgs_generate_messages_py
[  0%] Built target roscpp_generate_messages_cpp
[  0%] Built target geometry_msgs_generate_messages_nodejs
[  0%] Built target std_msgs_generate_messages_lisp
[  0%] Built target diagnostic_msgs_generate_messages_lisp
[  0%] Built target tf_generate_messages_cpp
[  0%] Built target tf2_msgs_generate_messages_cpp
[  0%] Built target pr2_controllers_msgs_generate_messages_cpp
[  0%] Built target rosgraph_msgs_generate_messages_cpp
[  0%] Built target roscpp_generate_messages_eus
[  0%] Built target diagnostic_msgs_generate_messages_eus
[  0%] Built target geometry_msgs_generate_messages_lisp
[  0%] Built target sensor_msgs_generate_messages_py
[  0%] Built target geometry_msgs_generate_messages_py
[  0%] Built target rosgraph_msgs_generate_messages_nodejs
[  0%] Built target control_toolbox_generate_messages_cpp
[  0%] Built target tf_generate_messages_eus
[  0%] Built target roscpp_generate_messages_nodejs
[  0%] Built target pr2_controllers_msgs_generate_messages_eus
[  0%] Built target rosgraph_msgs_generate_messages_lisp
[  0%] Built target tf2_msgs_generate_messages_nodejs
[  0%] Built target std_msgs_generate_messages_py
[  0%] Built target rosgraph_msgs_generate_messages_eus
[  0%] Built target tf2_msgs_generate_messages_eus
[  0%] Built target actionlib_generate_messages_eus
[  0%] Built target tf2_msgs_generate_messages_lisp
[  0%] Built target roscpp_generate_messages_lisp
[  0%] Built target diagnostic_msgs_generate_messages_cpp
[  0%] Built target trajectory_msgs_generate_messages_lisp
[  0%] Built target trajectory_msgs_generate_messages_eus
[  0%] Built target trajectory_msgs_generate_messages_nodejs
[  0%] Built target diagnostic_msgs_generate_messages_nodejs
[  0%] Built target geometry_msgs_generate_messages_cpp
[  5%] Built target robot_mechanism_controllers_generate_messages_nodejs
[  5%] Built target control_msgs_generate_messages_lisp
[  5%] Built target trajectory_msgs_generate_messages_py
[  5%] Built target pr2_mechanism_msgs_generate_messages_nodejs
[  5%] Built target pr2_mechanism_msgs_generate_messages_lisp
[  5%] Built target pr2_controllers_msgs_generate_messages_py
[  5%] Built target control_toolbox_gencfg
[  5%] Built target control_msgs_generate_messages_nodejs
[  5%] Built target pr2_controllers_msgs_generate_messages_nodejs
[  5%] Built target pr2_mechanism_msgs_generate_messages_cpp
[  5%] Built target dynamic_reconfigure_generate_messages_nodejs
[ 11%] Built target robot_mechanism_controllers_generate_messages_lisp
[ 11%] Built target control_toolbox_generate_messages_lisp
[ 11%] Built target control_msgs_generate_messages_eus
[ 11%] Built target control_msgs_generate_messages_cpp
[ 11%] Built target control_msgs_generate_messages_py
[ 11%] Built target actionlib_generate_messages_nodejs
[ 11%] Built target dynamic_reconfigure_generate_messages_cpp
[ 11%] Built target pr2_mechanism_msgs_generate_messages_eus
[ 11%] Built target dynamic_reconfigure_generate_messages_eus
[ 11%] Built target dynamic_reconfigure_generate_messages_lisp
[ 17%] Built target robot_mechanism_controllers_generate_messages_cpp
[ 17%] Built target actionlib_generate_messages_py
[ 17%] Built target control_toolbox_generate_messages_eus
[ 17%] Built target dynamic_reconfigure_generate_messages_py
[ 17%] Built target sensor_msgs_generate_messages_eus
[ 17%] Built target dynamic_reconfigure_gencfg
[ 29%] Built target robot_mechanism_controllers_generate_messages_py
[ 29%] Built target robot_mechanism_controllers_xacro_generated_to_devel_space_
[ 41%] Built target robot_mechanism_controllers_generate_messages_eus
[ 41%] Built target robot_mechanism_controllers_generate_messages
[100%] Built target robot_mechanism_controllers
