Determining if the pthread_create exist failed with the following output:
Change Dir: /home/kathleen/catkin_ws/build/joy/CMakeFiles/CMakeTmp

Run Build Command:"/usr/bin/make" "cmTC_647bd/fast"
/usr/bin/make -f CMakeFiles/cmTC_647bd.dir/build.make CMakeFiles/cmTC_647bd.dir/build
make[1]: Entering directory '/home/kathleen/catkin_ws/build/joy/CMakeFiles/CMakeTmp'
Building C object CMakeFiles/cmTC_647bd.dir/CheckSymbolExists.c.o
/usr/bin/cc     -o CMakeFiles/cmTC_647bd.dir/CheckSymbolExists.c.o   -c /home/kathleen/catkin_ws/build/joy/CMakeFiles/CMakeTmp/CheckSymbolExists.c
Linking C executable cmTC_647bd
/usr/bin/cmake -E cmake_link_script CMakeFiles/cmTC_647bd.dir/link.txt --verbose=1
/usr/bin/cc       CMakeFiles/cmTC_647bd.dir/CheckSymbolExists.c.o  -o cmTC_647bd -rdynamic 
CMakeFiles/cmTC_647bd.dir/CheckSymbolExists.c.o: In function `main':
CheckSymbolExists.c:(.text+0x16): undefined reference to `pthread_create'
collect2: error: ld returned 1 exit status
CMakeFiles/cmTC_647bd.dir/build.make:97: recipe for target 'cmTC_647bd' failed
make[1]: *** [cmTC_647bd] Error 1
make[1]: Leaving directory '/home/kathleen/catkin_ws/build/joy/CMakeFiles/CMakeTmp'
Makefile:126: recipe for target 'cmTC_647bd/fast' failed
make: *** [cmTC_647bd/fast] Error 2

File /home/kathleen/catkin_ws/build/joy/CMakeFiles/CMakeTmp/CheckSymbolExists.c:
/* */
#include <pthread.h>

int main(int argc, char** argv)
{
  (void)argv;
#ifndef pthread_create
  return ((int*)(&pthread_create))[argc];
#else
  (void)argc;
  return 0;
#endif
}

Determining if the function pthread_create exists in the pthreads failed with the following output:
Change Dir: /home/kathleen/catkin_ws/build/joy/CMakeFiles/CMakeTmp

Run Build Command:"/usr/bin/make" "cmTC_56fac/fast"
/usr/bin/make -f CMakeFiles/cmTC_56fac.dir/build.make CMakeFiles/cmTC_56fac.dir/build
make[1]: Entering directory '/home/kathleen/catkin_ws/build/joy/CMakeFiles/CMakeTmp'
Building C object CMakeFiles/cmTC_56fac.dir/CheckFunctionExists.c.o
/usr/bin/cc    -DCHECK_FUNCTION_EXISTS=pthread_create   -o CMakeFiles/cmTC_56fac.dir/CheckFunctionExists.c.o   -c /usr/share/cmake-3.5/Modules/CheckFunctionExists.c
Linking C executable cmTC_56fac
/usr/bin/cmake -E cmake_link_script CMakeFiles/cmTC_56fac.dir/link.txt --verbose=1
/usr/bin/cc   -DCHECK_FUNCTION_EXISTS=pthread_create    CMakeFiles/cmTC_56fac.dir/CheckFunctionExists.c.o  -o cmTC_56fac -rdynamic -lpthreads 
/usr/bin/ld: cannot find -lpthreads
collect2: error: ld returned 1 exit status
CMakeFiles/cmTC_56fac.dir/build.make:97: recipe for target 'cmTC_56fac' failed
make[1]: *** [cmTC_56fac] Error 1
make[1]: Leaving directory '/home/kathleen/catkin_ws/build/joy/CMakeFiles/CMakeTmp'
Makefile:126: recipe for target 'cmTC_56fac/fast' failed
make: *** [cmTC_56fac/fast] Error 2


