[35m[1mScanning dependencies of target _robot_controllers_msgs_generate_messages_check_deps_QueryControllerStatesActionResult[0m
[  0%] Built target _robot_controllers_msgs_generate_messages_check_deps_QueryControllerStatesActionResult
[35m[1mScanning dependencies of target _robot_controllers_msgs_generate_messages_check_deps_DiffDriveLimiterParams[0m
[  0%] Built target _robot_controllers_msgs_generate_messages_check_deps_DiffDriveLimiterParams
[35m[1mScanning dependencies of target _robot_controllers_msgs_generate_messages_check_deps_QueryControllerStatesGoal[0m
[  0%] Built target _robot_controllers_msgs_generate_messages_check_deps_QueryControllerStatesGoal
[35m[1mScanning dependencies of target _robot_controllers_msgs_generate_messages_check_deps_QueryControllerStatesFeedback[0m
[  0%] Built target _robot_controllers_msgs_generate_messages_check_deps_QueryControllerStatesFeedback
[35m[1mScanning dependencies of target actionlib_msgs_generate_messages_cpp[0m
[  0%] Built target actionlib_msgs_generate_messages_cpp
[35m[1mScanning dependencies of target _robot_controllers_msgs_generate_messages_check_deps_QueryControllerStatesActionFeedback[0m
[  0%] Built target _robot_controllers_msgs_generate_messages_check_deps_QueryControllerStatesActionFeedback
[35m[1mScanning dependencies of target std_msgs_generate_messages_cpp[0m
[  0%] Built target std_msgs_generate_messages_cpp
[35m[1mScanning dependencies of target _robot_controllers_msgs_generate_messages_check_deps_QueryControllerStatesActionGoal[0m
[  0%] Built target _robot_controllers_msgs_generate_messages_check_deps_QueryControllerStatesActionGoal
[35m[1mScanning dependencies of target _robot_controllers_msgs_generate_messages_check_deps_QueryControllerStatesResult[0m
[  0%] Built target _robot_controllers_msgs_generate_messages_check_deps_QueryControllerStatesResult
[35m[1mScanning dependencies of target _robot_controllers_msgs_generate_messages_check_deps_QueryControllerStatesAction[0m
[  0%] Built target _robot_controllers_msgs_generate_messages_check_deps_QueryControllerStatesAction
[35m[1mScanning dependencies of target _robot_controllers_msgs_generate_messages_check_deps_ControllerState[0m
[  0%] Built target _robot_controllers_msgs_generate_messages_check_deps_ControllerState
[35m[1mScanning dependencies of target std_msgs_generate_messages_py[0m
[  0%] Built target std_msgs_generate_messages_py
[35m[1mScanning dependencies of target actionlib_msgs_generate_messages_py[0m
[  0%] Built target actionlib_msgs_generate_messages_py
[35m[1mScanning dependencies of target std_msgs_generate_messages_nodejs[0m
[  0%] Built target std_msgs_generate_messages_nodejs
[35m[1mScanning dependencies of target actionlib_msgs_generate_messages_nodejs[0m
[  0%] Built target actionlib_msgs_generate_messages_nodejs
[35m[1mScanning dependencies of target actionlib_msgs_generate_messages_lisp[0m
[  0%] Built target actionlib_msgs_generate_messages_lisp
[35m[1mScanning dependencies of target std_msgs_generate_messages_lisp[0m
[  0%] Built target std_msgs_generate_messages_lisp
[35m[1mScanning dependencies of target actionlib_msgs_generate_messages_eus[0m
[  0%] Built target actionlib_msgs_generate_messages_eus
[35m[1mScanning dependencies of target std_msgs_generate_messages_eus[0m
[  0%] Built target std_msgs_generate_messages_eus
[35m[1mScanning dependencies of target robot_controllers_msgs_generate_messages_cpp[0m
[  2%] [34m[1mGenerating C++ code from robot_controllers_msgs/QueryControllerStatesAction.msg[0m
[  4%] [34m[1mGenerating C++ code from robot_controllers_msgs/QueryControllerStatesActionResult.msg[0m
[  6%] [34m[1mGenerating C++ code from robot_controllers_msgs/QueryControllerStatesActionGoal.msg[0m
[  8%] [34m[1mGenerating C++ code from robot_controllers_msgs/QueryControllerStatesResult.msg[0m
[ 10%] [34m[1mGenerating C++ code from robot_controllers_msgs/QueryControllerStatesActionFeedback.msg[0m
[ 12%] [34m[1mGenerating C++ code from robot_controllers_msgs/ControllerState.msg[0m
[ 14%] [34m[1mGenerating C++ code from robot_controllers_msgs/QueryControllerStatesFeedback.msg[0m
[ 17%] [34m[1mGenerating C++ code from robot_controllers_msgs/DiffDriveLimiterParams.msg[0m
[ 19%] [34m[1mGenerating C++ code from robot_controllers_msgs/QueryControllerStatesGoal.msg[0m
[ 19%] Built target robot_controllers_msgs_generate_messages_cpp
[35m[1mScanning dependencies of target robot_controllers_msgs_generate_messages_py[0m
[ 21%] [34m[1mGenerating Python from MSG robot_controllers_msgs/QueryControllerStatesAction[0m
[ 23%] [34m[1mGenerating Python from MSG robot_controllers_msgs/QueryControllerStatesActionResult[0m
[ 25%] [34m[1mGenerating Python from MSG robot_controllers_msgs/QueryControllerStatesActionGoal[0m
[ 27%] [34m[1mGenerating Python from MSG robot_controllers_msgs/QueryControllerStatesResult[0m
[ 29%] [34m[1mGenerating Python from MSG robot_controllers_msgs/QueryControllerStatesActionFeedback[0m
[ 31%] [34m[1mGenerating Python from MSG robot_controllers_msgs/ControllerState[0m
[ 34%] [34m[1mGenerating Python from MSG robot_controllers_msgs/QueryControllerStatesFeedback[0m
[ 36%] [34m[1mGenerating Python from MSG robot_controllers_msgs/DiffDriveLimiterParams[0m
[ 38%] [34m[1mGenerating Python from MSG robot_controllers_msgs/QueryControllerStatesGoal[0m
[ 40%] [34m[1mGenerating Python msg __init__.py for robot_controllers_msgs[0m
[ 40%] Built target robot_controllers_msgs_generate_messages_py
[35m[1mScanning dependencies of target robot_controllers_msgs_generate_messages_nodejs[0m
[ 42%] [34m[1mGenerating Javascript code from robot_controllers_msgs/QueryControllerStatesAction.msg[0m
[ 44%] [34m[1mGenerating Javascript code from robot_controllers_msgs/QueryControllerStatesActionResult.msg[0m
[ 46%] [34m[1mGenerating Javascript code from robot_controllers_msgs/QueryControllerStatesActionGoal.msg[0m
[ 48%] [34m[1mGenerating Javascript code from robot_controllers_msgs/QueryControllerStatesResult.msg[0m
[ 51%] [34m[1mGenerating Javascript code from robot_controllers_msgs/QueryControllerStatesActionFeedback.msg[0m
[35m[1mScanning dependencies of target robot_controllers_msgs_generate_messages_lisp[0m
[ 53%] [34m[1mGenerating Javascript code from robot_controllers_msgs/ControllerState.msg[0m
[ 55%] [34m[1mGenerating Lisp code from robot_controllers_msgs/QueryControllerStatesAction.msg[0m
[ 57%] [34m[1mGenerating Lisp code from robot_controllers_msgs/QueryControllerStatesActionResult.msg[0m
[ 59%] [34m[1mGenerating Javascript code from robot_controllers_msgs/QueryControllerStatesFeedback.msg[0m
[ 61%] [34m[1mGenerating Lisp code from robot_controllers_msgs/QueryControllerStatesActionGoal.msg[0m
[ 63%] [34m[1mGenerating Javascript code from robot_controllers_msgs/DiffDriveLimiterParams.msg[0m
[ 65%] [34m[1mGenerating Javascript code from robot_controllers_msgs/QueryControllerStatesGoal.msg[0m
[ 68%] [34m[1mGenerating Lisp code from robot_controllers_msgs/QueryControllerStatesResult.msg[0m
[ 70%] [34m[1mGenerating Lisp code from robot_controllers_msgs/QueryControllerStatesActionFeedback.msg[0m
[ 70%] Built target robot_controllers_msgs_generate_messages_nodejs
[35m[1mScanning dependencies of target robot_controllers_msgs_generate_messages_eus[0m
[ 72%] [34m[1mGenerating EusLisp code from robot_controllers_msgs/QueryControllerStatesAction.msg[0m
[ 74%] [34m[1mGenerating Lisp code from robot_controllers_msgs/ControllerState.msg[0m
[ 76%] [34m[1mGenerating EusLisp code from robot_controllers_msgs/QueryControllerStatesActionResult.msg[0m
[ 78%] [34m[1mGenerating Lisp code from robot_controllers_msgs/QueryControllerStatesFeedback.msg[0m
[ 80%] [34m[1mGenerating Lisp code from robot_controllers_msgs/DiffDriveLimiterParams.msg[0m
[ 82%] [34m[1mGenerating EusLisp code from robot_controllers_msgs/QueryControllerStatesActionGoal.msg[0m
[ 85%] [34m[1mGenerating Lisp code from robot_controllers_msgs/QueryControllerStatesGoal.msg[0m
[ 87%] [34m[1mGenerating EusLisp code from robot_controllers_msgs/QueryControllerStatesResult.msg[0m
[ 87%] Built target robot_controllers_msgs_generate_messages_lisp
[ 89%] [34m[1mGenerating EusLisp code from robot_controllers_msgs/QueryControllerStatesActionFeedback.msg[0m
[ 91%] [34m[1mGenerating EusLisp code from robot_controllers_msgs/ControllerState.msg[0m
[ 93%] [34m[1mGenerating EusLisp code from robot_controllers_msgs/QueryControllerStatesFeedback.msg[0m
[ 95%] [34m[1mGenerating EusLisp code from robot_controllers_msgs/DiffDriveLimiterParams.msg[0m
[ 97%] [34m[1mGenerating EusLisp code from robot_controllers_msgs/QueryControllerStatesGoal.msg[0m
[100%] [34m[1mGenerating EusLisp manifest code for robot_controllers_msgs[0m
[100%] Built target robot_controllers_msgs_generate_messages_eus
[35m[1mScanning dependencies of target robot_controllers_msgs_generate_messages[0m
[100%] Built target robot_controllers_msgs_generate_messages
