Linked: (/home/kathleen/fetch_ws/devel/.private/robot_controllers_msgs/share/roseus/ros/robot_controllers_msgs/manifest.l, /home/kathleen/fetch_ws/devel/share/roseus/ros/robot_controllers_msgs/manifest.l)
Linked: (/home/kathleen/fetch_ws/devel/.private/robot_controllers_msgs/share/roseus/ros/robot_controllers_msgs/msg/QueryControllerStatesActionResult.l, /home/kathleen/fetch_ws/devel/share/roseus/ros/robot_controllers_msgs/msg/QueryControllerStatesActionResult.l)
Linked: (/home/kathleen/fetch_ws/devel/.private/robot_controllers_msgs/share/roseus/ros/robot_controllers_msgs/msg/QueryControllerStatesAction.l, /home/kathleen/fetch_ws/devel/share/roseus/ros/robot_controllers_msgs/msg/QueryControllerStatesAction.l)
Linked: (/home/kathleen/fetch_ws/devel/.private/robot_controllers_msgs/share/roseus/ros/robot_controllers_msgs/msg/QueryControllerStatesActionFeedback.l, /home/kathleen/fetch_ws/devel/share/roseus/ros/robot_controllers_msgs/msg/QueryControllerStatesActionFeedback.l)
Linked: (/home/kathleen/fetch_ws/devel/.private/robot_controllers_msgs/share/roseus/ros/robot_controllers_msgs/msg/ControllerState.l, /home/kathleen/fetch_ws/devel/share/roseus/ros/robot_controllers_msgs/msg/ControllerState.l)
Linked: (/home/kathleen/fetch_ws/devel/.private/robot_controllers_msgs/share/roseus/ros/robot_controllers_msgs/msg/QueryControllerStatesActionGoal.l, /home/kathleen/fetch_ws/devel/share/roseus/ros/robot_controllers_msgs/msg/QueryControllerStatesActionGoal.l)
Linked: (/home/kathleen/fetch_ws/devel/.private/robot_controllers_msgs/share/roseus/ros/robot_controllers_msgs/msg/QueryControllerStatesGoal.l, /home/kathleen/fetch_ws/devel/share/roseus/ros/robot_controllers_msgs/msg/QueryControllerStatesGoal.l)
Linked: (/home/kathleen/fetch_ws/devel/.private/robot_controllers_msgs/share/roseus/ros/robot_controllers_msgs/msg/QueryControllerStatesResult.l, /home/kathleen/fetch_ws/devel/share/roseus/ros/robot_controllers_msgs/msg/QueryControllerStatesResult.l)
Linked: (/home/kathleen/fetch_ws/devel/.private/robot_controllers_msgs/share/roseus/ros/robot_controllers_msgs/msg/QueryControllerStatesFeedback.l, /home/kathleen/fetch_ws/devel/share/roseus/ros/robot_controllers_msgs/msg/QueryControllerStatesFeedback.l)
Linked: (/home/kathleen/fetch_ws/devel/.private/robot_controllers_msgs/share/roseus/ros/robot_controllers_msgs/msg/DiffDriveLimiterParams.l, /home/kathleen/fetch_ws/devel/share/roseus/ros/robot_controllers_msgs/msg/DiffDriveLimiterParams.l)
Linked: (/home/kathleen/fetch_ws/devel/.private/robot_controllers_msgs/share/robot_controllers_msgs/cmake/robot_controllers_msgsConfig.cmake, /home/kathleen/fetch_ws/devel/share/robot_controllers_msgs/cmake/robot_controllers_msgsConfig.cmake)
Linked: (/home/kathleen/fetch_ws/devel/.private/robot_controllers_msgs/share/robot_controllers_msgs/cmake/robot_controllers_msgsConfig-version.cmake, /home/kathleen/fetch_ws/devel/share/robot_controllers_msgs/cmake/robot_controllers_msgsConfig-version.cmake)
Linked: (/home/kathleen/fetch_ws/devel/.private/robot_controllers_msgs/share/robot_controllers_msgs/cmake/robot_controllers_msgs-msg-extras.cmake, /home/kathleen/fetch_ws/devel/share/robot_controllers_msgs/cmake/robot_controllers_msgs-msg-extras.cmake)
Linked: (/home/kathleen/fetch_ws/devel/.private/robot_controllers_msgs/share/robot_controllers_msgs/cmake/robot_controllers_msgs-msg-paths.cmake, /home/kathleen/fetch_ws/devel/share/robot_controllers_msgs/cmake/robot_controllers_msgs-msg-paths.cmake)
Linked: (/home/kathleen/fetch_ws/devel/.private/robot_controllers_msgs/share/robot_controllers_msgs/msg/QueryControllerStatesActionFeedback.msg, /home/kathleen/fetch_ws/devel/share/robot_controllers_msgs/msg/QueryControllerStatesActionFeedback.msg)
Linked: (/home/kathleen/fetch_ws/devel/.private/robot_controllers_msgs/share/robot_controllers_msgs/msg/QueryControllerStatesGoal.msg, /home/kathleen/fetch_ws/devel/share/robot_controllers_msgs/msg/QueryControllerStatesGoal.msg)
Linked: (/home/kathleen/fetch_ws/devel/.private/robot_controllers_msgs/share/robot_controllers_msgs/msg/QueryControllerStatesResult.msg, /home/kathleen/fetch_ws/devel/share/robot_controllers_msgs/msg/QueryControllerStatesResult.msg)
Linked: (/home/kathleen/fetch_ws/devel/.private/robot_controllers_msgs/share/robot_controllers_msgs/msg/QueryControllerStatesAction.msg, /home/kathleen/fetch_ws/devel/share/robot_controllers_msgs/msg/QueryControllerStatesAction.msg)
Linked: (/home/kathleen/fetch_ws/devel/.private/robot_controllers_msgs/share/robot_controllers_msgs/msg/QueryControllerStatesActionGoal.msg, /home/kathleen/fetch_ws/devel/share/robot_controllers_msgs/msg/QueryControllerStatesActionGoal.msg)
Linked: (/home/kathleen/fetch_ws/devel/.private/robot_controllers_msgs/share/robot_controllers_msgs/msg/QueryControllerStatesActionResult.msg, /home/kathleen/fetch_ws/devel/share/robot_controllers_msgs/msg/QueryControllerStatesActionResult.msg)
Linked: (/home/kathleen/fetch_ws/devel/.private/robot_controllers_msgs/share/robot_controllers_msgs/msg/QueryControllerStatesFeedback.msg, /home/kathleen/fetch_ws/devel/share/robot_controllers_msgs/msg/QueryControllerStatesFeedback.msg)
Linked: (/home/kathleen/fetch_ws/devel/.private/robot_controllers_msgs/share/common-lisp/ros/robot_controllers_msgs/msg/_package_ControllerState.lisp, /home/kathleen/fetch_ws/devel/share/common-lisp/ros/robot_controllers_msgs/msg/_package_ControllerState.lisp)
Linked: (/home/kathleen/fetch_ws/devel/.private/robot_controllers_msgs/share/common-lisp/ros/robot_controllers_msgs/msg/robot_controllers_msgs-msg.asd, /home/kathleen/fetch_ws/devel/share/common-lisp/ros/robot_controllers_msgs/msg/robot_controllers_msgs-msg.asd)
Linked: (/home/kathleen/fetch_ws/devel/.private/robot_controllers_msgs/share/common-lisp/ros/robot_controllers_msgs/msg/ControllerState.lisp, /home/kathleen/fetch_ws/devel/share/common-lisp/ros/robot_controllers_msgs/msg/ControllerState.lisp)
Linked: (/home/kathleen/fetch_ws/devel/.private/robot_controllers_msgs/share/common-lisp/ros/robot_controllers_msgs/msg/QueryControllerStatesAction.lisp, /home/kathleen/fetch_ws/devel/share/common-lisp/ros/robot_controllers_msgs/msg/QueryControllerStatesAction.lisp)
Linked: (/home/kathleen/fetch_ws/devel/.private/robot_controllers_msgs/share/common-lisp/ros/robot_controllers_msgs/msg/DiffDriveLimiterParams.lisp, /home/kathleen/fetch_ws/devel/share/common-lisp/ros/robot_controllers_msgs/msg/DiffDriveLimiterParams.lisp)
Linked: (/home/kathleen/fetch_ws/devel/.private/robot_controllers_msgs/share/common-lisp/ros/robot_controllers_msgs/msg/_package_QueryControllerStatesGoal.lisp, /home/kathleen/fetch_ws/devel/share/common-lisp/ros/robot_controllers_msgs/msg/_package_QueryControllerStatesGoal.lisp)
Linked: (/home/kathleen/fetch_ws/devel/.private/robot_controllers_msgs/share/common-lisp/ros/robot_controllers_msgs/msg/_package_DiffDriveLimiterParams.lisp, /home/kathleen/fetch_ws/devel/share/common-lisp/ros/robot_controllers_msgs/msg/_package_DiffDriveLimiterParams.lisp)
Linked: (/home/kathleen/fetch_ws/devel/.private/robot_controllers_msgs/share/common-lisp/ros/robot_controllers_msgs/msg/_package_QueryControllerStatesFeedback.lisp, /home/kathleen/fetch_ws/devel/share/common-lisp/ros/robot_controllers_msgs/msg/_package_QueryControllerStatesFeedback.lisp)
Linked: (/home/kathleen/fetch_ws/devel/.private/robot_controllers_msgs/share/common-lisp/ros/robot_controllers_msgs/msg/_package_QueryControllerStatesActionFeedback.lisp, /home/kathleen/fetch_ws/devel/share/common-lisp/ros/robot_controllers_msgs/msg/_package_QueryControllerStatesActionFeedback.lisp)
Linked: (/home/kathleen/fetch_ws/devel/.private/robot_controllers_msgs/share/common-lisp/ros/robot_controllers_msgs/msg/QueryControllerStatesResult.lisp, /home/kathleen/fetch_ws/devel/share/common-lisp/ros/robot_controllers_msgs/msg/QueryControllerStatesResult.lisp)
Linked: (/home/kathleen/fetch_ws/devel/.private/robot_controllers_msgs/share/common-lisp/ros/robot_controllers_msgs/msg/QueryControllerStatesActionFeedback.lisp, /home/kathleen/fetch_ws/devel/share/common-lisp/ros/robot_controllers_msgs/msg/QueryControllerStatesActionFeedback.lisp)
Linked: (/home/kathleen/fetch_ws/devel/.private/robot_controllers_msgs/share/common-lisp/ros/robot_controllers_msgs/msg/QueryControllerStatesActionGoal.lisp, /home/kathleen/fetch_ws/devel/share/common-lisp/ros/robot_controllers_msgs/msg/QueryControllerStatesActionGoal.lisp)
Linked: (/home/kathleen/fetch_ws/devel/.private/robot_controllers_msgs/share/common-lisp/ros/robot_controllers_msgs/msg/QueryControllerStatesGoal.lisp, /home/kathleen/fetch_ws/devel/share/common-lisp/ros/robot_controllers_msgs/msg/QueryControllerStatesGoal.lisp)
Linked: (/home/kathleen/fetch_ws/devel/.private/robot_controllers_msgs/share/common-lisp/ros/robot_controllers_msgs/msg/_package_QueryControllerStatesActionGoal.lisp, /home/kathleen/fetch_ws/devel/share/common-lisp/ros/robot_controllers_msgs/msg/_package_QueryControllerStatesActionGoal.lisp)
Linked: (/home/kathleen/fetch_ws/devel/.private/robot_controllers_msgs/share/common-lisp/ros/robot_controllers_msgs/msg/QueryControllerStatesFeedback.lisp, /home/kathleen/fetch_ws/devel/share/common-lisp/ros/robot_controllers_msgs/msg/QueryControllerStatesFeedback.lisp)
Linked: (/home/kathleen/fetch_ws/devel/.private/robot_controllers_msgs/share/common-lisp/ros/robot_controllers_msgs/msg/_package_QueryControllerStatesResult.lisp, /home/kathleen/fetch_ws/devel/share/common-lisp/ros/robot_controllers_msgs/msg/_package_QueryControllerStatesResult.lisp)
Linked: (/home/kathleen/fetch_ws/devel/.private/robot_controllers_msgs/share/common-lisp/ros/robot_controllers_msgs/msg/_package_QueryControllerStatesAction.lisp, /home/kathleen/fetch_ws/devel/share/common-lisp/ros/robot_controllers_msgs/msg/_package_QueryControllerStatesAction.lisp)
Linked: (/home/kathleen/fetch_ws/devel/.private/robot_controllers_msgs/share/common-lisp/ros/robot_controllers_msgs/msg/_package.lisp, /home/kathleen/fetch_ws/devel/share/common-lisp/ros/robot_controllers_msgs/msg/_package.lisp)
Linked: (/home/kathleen/fetch_ws/devel/.private/robot_controllers_msgs/share/common-lisp/ros/robot_controllers_msgs/msg/QueryControllerStatesActionResult.lisp, /home/kathleen/fetch_ws/devel/share/common-lisp/ros/robot_controllers_msgs/msg/QueryControllerStatesActionResult.lisp)
Linked: (/home/kathleen/fetch_ws/devel/.private/robot_controllers_msgs/share/common-lisp/ros/robot_controllers_msgs/msg/_package_QueryControllerStatesActionResult.lisp, /home/kathleen/fetch_ws/devel/share/common-lisp/ros/robot_controllers_msgs/msg/_package_QueryControllerStatesActionResult.lisp)
Linked: (/home/kathleen/fetch_ws/devel/.private/robot_controllers_msgs/share/gennodejs/ros/robot_controllers_msgs/_index.js, /home/kathleen/fetch_ws/devel/share/gennodejs/ros/robot_controllers_msgs/_index.js)
Linked: (/home/kathleen/fetch_ws/devel/.private/robot_controllers_msgs/share/gennodejs/ros/robot_controllers_msgs/msg/QueryControllerStatesActionResult.js, /home/kathleen/fetch_ws/devel/share/gennodejs/ros/robot_controllers_msgs/msg/QueryControllerStatesActionResult.js)
Linked: (/home/kathleen/fetch_ws/devel/.private/robot_controllers_msgs/share/gennodejs/ros/robot_controllers_msgs/msg/QueryControllerStatesFeedback.js, /home/kathleen/fetch_ws/devel/share/gennodejs/ros/robot_controllers_msgs/msg/QueryControllerStatesFeedback.js)
Linked: (/home/kathleen/fetch_ws/devel/.private/robot_controllers_msgs/share/gennodejs/ros/robot_controllers_msgs/msg/QueryControllerStatesActionGoal.js, /home/kathleen/fetch_ws/devel/share/gennodejs/ros/robot_controllers_msgs/msg/QueryControllerStatesActionGoal.js)
Linked: (/home/kathleen/fetch_ws/devel/.private/robot_controllers_msgs/share/gennodejs/ros/robot_controllers_msgs/msg/QueryControllerStatesResult.js, /home/kathleen/fetch_ws/devel/share/gennodejs/ros/robot_controllers_msgs/msg/QueryControllerStatesResult.js)
Linked: (/home/kathleen/fetch_ws/devel/.private/robot_controllers_msgs/share/gennodejs/ros/robot_controllers_msgs/msg/QueryControllerStatesActionFeedback.js, /home/kathleen/fetch_ws/devel/share/gennodejs/ros/robot_controllers_msgs/msg/QueryControllerStatesActionFeedback.js)
Linked: (/home/kathleen/fetch_ws/devel/.private/robot_controllers_msgs/share/gennodejs/ros/robot_controllers_msgs/msg/_index.js, /home/kathleen/fetch_ws/devel/share/gennodejs/ros/robot_controllers_msgs/msg/_index.js)
Linked: (/home/kathleen/fetch_ws/devel/.private/robot_controllers_msgs/share/gennodejs/ros/robot_controllers_msgs/msg/ControllerState.js, /home/kathleen/fetch_ws/devel/share/gennodejs/ros/robot_controllers_msgs/msg/ControllerState.js)
Linked: (/home/kathleen/fetch_ws/devel/.private/robot_controllers_msgs/share/gennodejs/ros/robot_controllers_msgs/msg/DiffDriveLimiterParams.js, /home/kathleen/fetch_ws/devel/share/gennodejs/ros/robot_controllers_msgs/msg/DiffDriveLimiterParams.js)
Linked: (/home/kathleen/fetch_ws/devel/.private/robot_controllers_msgs/share/gennodejs/ros/robot_controllers_msgs/msg/QueryControllerStatesGoal.js, /home/kathleen/fetch_ws/devel/share/gennodejs/ros/robot_controllers_msgs/msg/QueryControllerStatesGoal.js)
Linked: (/home/kathleen/fetch_ws/devel/.private/robot_controllers_msgs/share/gennodejs/ros/robot_controllers_msgs/msg/QueryControllerStatesAction.js, /home/kathleen/fetch_ws/devel/share/gennodejs/ros/robot_controllers_msgs/msg/QueryControllerStatesAction.js)
Linked: (/home/kathleen/fetch_ws/devel/.private/robot_controllers_msgs/lib/pkgconfig/robot_controllers_msgs.pc, /home/kathleen/fetch_ws/devel/lib/pkgconfig/robot_controllers_msgs.pc)
Linked: (/home/kathleen/fetch_ws/devel/.private/robot_controllers_msgs/lib/python2.7/dist-packages/robot_controllers_msgs/__init__.py, /home/kathleen/fetch_ws/devel/lib/python2.7/dist-packages/robot_controllers_msgs/__init__.py)
Linked: (/home/kathleen/fetch_ws/devel/.private/robot_controllers_msgs/lib/python2.7/dist-packages/robot_controllers_msgs/msg/_QueryControllerStatesActionFeedback.py, /home/kathleen/fetch_ws/devel/lib/python2.7/dist-packages/robot_controllers_msgs/msg/_QueryControllerStatesActionFeedback.py)
Linked: (/home/kathleen/fetch_ws/devel/.private/robot_controllers_msgs/lib/python2.7/dist-packages/robot_controllers_msgs/msg/_QueryControllerStatesAction.py, /home/kathleen/fetch_ws/devel/lib/python2.7/dist-packages/robot_controllers_msgs/msg/_QueryControllerStatesAction.py)
Linked: (/home/kathleen/fetch_ws/devel/.private/robot_controllers_msgs/lib/python2.7/dist-packages/robot_controllers_msgs/msg/_ControllerState.py, /home/kathleen/fetch_ws/devel/lib/python2.7/dist-packages/robot_controllers_msgs/msg/_ControllerState.py)
Linked: (/home/kathleen/fetch_ws/devel/.private/robot_controllers_msgs/lib/python2.7/dist-packages/robot_controllers_msgs/msg/_QueryControllerStatesGoal.py, /home/kathleen/fetch_ws/devel/lib/python2.7/dist-packages/robot_controllers_msgs/msg/_QueryControllerStatesGoal.py)
Linked: (/home/kathleen/fetch_ws/devel/.private/robot_controllers_msgs/lib/python2.7/dist-packages/robot_controllers_msgs/msg/_QueryControllerStatesResult.py, /home/kathleen/fetch_ws/devel/lib/python2.7/dist-packages/robot_controllers_msgs/msg/_QueryControllerStatesResult.py)
Linked: (/home/kathleen/fetch_ws/devel/.private/robot_controllers_msgs/lib/python2.7/dist-packages/robot_controllers_msgs/msg/_QueryControllerStatesActionResult.py, /home/kathleen/fetch_ws/devel/lib/python2.7/dist-packages/robot_controllers_msgs/msg/_QueryControllerStatesActionResult.py)
Linked: (/home/kathleen/fetch_ws/devel/.private/robot_controllers_msgs/lib/python2.7/dist-packages/robot_controllers_msgs/msg/_QueryControllerStatesActionGoal.py, /home/kathleen/fetch_ws/devel/lib/python2.7/dist-packages/robot_controllers_msgs/msg/_QueryControllerStatesActionGoal.py)
Linked: (/home/kathleen/fetch_ws/devel/.private/robot_controllers_msgs/lib/python2.7/dist-packages/robot_controllers_msgs/msg/_DiffDriveLimiterParams.py, /home/kathleen/fetch_ws/devel/lib/python2.7/dist-packages/robot_controllers_msgs/msg/_DiffDriveLimiterParams.py)
Linked: (/home/kathleen/fetch_ws/devel/.private/robot_controllers_msgs/lib/python2.7/dist-packages/robot_controllers_msgs/msg/_QueryControllerStatesFeedback.py, /home/kathleen/fetch_ws/devel/lib/python2.7/dist-packages/robot_controllers_msgs/msg/_QueryControllerStatesFeedback.py)
Linked: (/home/kathleen/fetch_ws/devel/.private/robot_controllers_msgs/lib/python2.7/dist-packages/robot_controllers_msgs/msg/__init__.py, /home/kathleen/fetch_ws/devel/lib/python2.7/dist-packages/robot_controllers_msgs/msg/__init__.py)
Linked: (/home/kathleen/fetch_ws/devel/.private/robot_controllers_msgs/include/robot_controllers_msgs/QueryControllerStatesGoal.h, /home/kathleen/fetch_ws/devel/include/robot_controllers_msgs/QueryControllerStatesGoal.h)
Linked: (/home/kathleen/fetch_ws/devel/.private/robot_controllers_msgs/include/robot_controllers_msgs/QueryControllerStatesResult.h, /home/kathleen/fetch_ws/devel/include/robot_controllers_msgs/QueryControllerStatesResult.h)
Linked: (/home/kathleen/fetch_ws/devel/.private/robot_controllers_msgs/include/robot_controllers_msgs/QueryControllerStatesAction.h, /home/kathleen/fetch_ws/devel/include/robot_controllers_msgs/QueryControllerStatesAction.h)
Linked: (/home/kathleen/fetch_ws/devel/.private/robot_controllers_msgs/include/robot_controllers_msgs/QueryControllerStatesFeedback.h, /home/kathleen/fetch_ws/devel/include/robot_controllers_msgs/QueryControllerStatesFeedback.h)
Linked: (/home/kathleen/fetch_ws/devel/.private/robot_controllers_msgs/include/robot_controllers_msgs/DiffDriveLimiterParams.h, /home/kathleen/fetch_ws/devel/include/robot_controllers_msgs/DiffDriveLimiterParams.h)
Linked: (/home/kathleen/fetch_ws/devel/.private/robot_controllers_msgs/include/robot_controllers_msgs/QueryControllerStatesActionResult.h, /home/kathleen/fetch_ws/devel/include/robot_controllers_msgs/QueryControllerStatesActionResult.h)
Linked: (/home/kathleen/fetch_ws/devel/.private/robot_controllers_msgs/include/robot_controllers_msgs/QueryControllerStatesActionGoal.h, /home/kathleen/fetch_ws/devel/include/robot_controllers_msgs/QueryControllerStatesActionGoal.h)
Linked: (/home/kathleen/fetch_ws/devel/.private/robot_controllers_msgs/include/robot_controllers_msgs/QueryControllerStatesActionFeedback.h, /home/kathleen/fetch_ws/devel/include/robot_controllers_msgs/QueryControllerStatesActionFeedback.h)
Linked: (/home/kathleen/fetch_ws/devel/.private/robot_controllers_msgs/include/robot_controllers_msgs/ControllerState.h, /home/kathleen/fetch_ws/devel/include/robot_controllers_msgs/ControllerState.h)
