Determining if the pthread_create exist failed with the following output:
Change Dir: /home/kathleen/catkin_ws/build/pr2_tuckarm/CMakeFiles/CMakeTmp

Run Build Command:"/usr/bin/make" "cmTC_792b5/fast"
/usr/bin/make -f CMakeFiles/cmTC_792b5.dir/build.make CMakeFiles/cmTC_792b5.dir/build
make[1]: Entering directory '/home/kathleen/catkin_ws/build/pr2_tuckarm/CMakeFiles/CMakeTmp'
Building C object CMakeFiles/cmTC_792b5.dir/CheckSymbolExists.c.o
/usr/bin/cc     -o CMakeFiles/cmTC_792b5.dir/CheckSymbolExists.c.o   -c /home/kathleen/catkin_ws/build/pr2_tuckarm/CMakeFiles/CMakeTmp/CheckSymbolExists.c
Linking C executable cmTC_792b5
/usr/bin/cmake -E cmake_link_script CMakeFiles/cmTC_792b5.dir/link.txt --verbose=1
/usr/bin/cc       CMakeFiles/cmTC_792b5.dir/CheckSymbolExists.c.o  -o cmTC_792b5 -rdynamic 
CMakeFiles/cmTC_792b5.dir/CheckSymbolExists.c.o: In function `main':
CheckSymbolExists.c:(.text+0x16): undefined reference to `pthread_create'
collect2: error: ld returned 1 exit status
CMakeFiles/cmTC_792b5.dir/build.make:97: recipe for target 'cmTC_792b5' failed
make[1]: *** [cmTC_792b5] Error 1
make[1]: Leaving directory '/home/kathleen/catkin_ws/build/pr2_tuckarm/CMakeFiles/CMakeTmp'
Makefile:126: recipe for target 'cmTC_792b5/fast' failed
make: *** [cmTC_792b5/fast] Error 2

File /home/kathleen/catkin_ws/build/pr2_tuckarm/CMakeFiles/CMakeTmp/CheckSymbolExists.c:
/* */
#include <pthread.h>

int main(int argc, char** argv)
{
  (void)argv;
#ifndef pthread_create
  return ((int*)(&pthread_create))[argc];
#else
  (void)argc;
  return 0;
#endif
}

Determining if the function pthread_create exists in the pthreads failed with the following output:
Change Dir: /home/kathleen/catkin_ws/build/pr2_tuckarm/CMakeFiles/CMakeTmp

Run Build Command:"/usr/bin/make" "cmTC_4e1eb/fast"
/usr/bin/make -f CMakeFiles/cmTC_4e1eb.dir/build.make CMakeFiles/cmTC_4e1eb.dir/build
make[1]: Entering directory '/home/kathleen/catkin_ws/build/pr2_tuckarm/CMakeFiles/CMakeTmp'
Building C object CMakeFiles/cmTC_4e1eb.dir/CheckFunctionExists.c.o
/usr/bin/cc    -DCHECK_FUNCTION_EXISTS=pthread_create   -o CMakeFiles/cmTC_4e1eb.dir/CheckFunctionExists.c.o   -c /usr/share/cmake-3.5/Modules/CheckFunctionExists.c
Linking C executable cmTC_4e1eb
/usr/bin/cmake -E cmake_link_script CMakeFiles/cmTC_4e1eb.dir/link.txt --verbose=1
/usr/bin/cc   -DCHECK_FUNCTION_EXISTS=pthread_create    CMakeFiles/cmTC_4e1eb.dir/CheckFunctionExists.c.o  -o cmTC_4e1eb -rdynamic -lpthreads 
/usr/bin/ld: cannot find -lpthreads
collect2: error: ld returned 1 exit status
CMakeFiles/cmTC_4e1eb.dir/build.make:97: recipe for target 'cmTC_4e1eb' failed
make[1]: *** [cmTC_4e1eb] Error 1
make[1]: Leaving directory '/home/kathleen/catkin_ws/build/pr2_tuckarm/CMakeFiles/CMakeTmp'
Makefile:126: recipe for target 'cmTC_4e1eb/fast' failed
make: *** [cmTC_4e1eb/fast] Error 2


