Determining if the pthread_create exist failed with the following output:
Change Dir: /home/kathleen/fetch_ws/build/moveit_python/CMakeFiles/CMakeTmp

Run Build Command:"/usr/bin/make" "cmTC_9f07e/fast"
/usr/bin/make -f CMakeFiles/cmTC_9f07e.dir/build.make CMakeFiles/cmTC_9f07e.dir/build
make[1]: Entering directory '/home/kathleen/fetch_ws/build/moveit_python/CMakeFiles/CMakeTmp'
Building C object CMakeFiles/cmTC_9f07e.dir/CheckSymbolExists.c.o
/usr/bin/cc     -o CMakeFiles/cmTC_9f07e.dir/CheckSymbolExists.c.o   -c /home/kathleen/fetch_ws/build/moveit_python/CMakeFiles/CMakeTmp/CheckSymbolExists.c
Linking C executable cmTC_9f07e
/usr/bin/cmake -E cmake_link_script CMakeFiles/cmTC_9f07e.dir/link.txt --verbose=1
/usr/bin/cc       CMakeFiles/cmTC_9f07e.dir/CheckSymbolExists.c.o  -o cmTC_9f07e -rdynamic 
CMakeFiles/cmTC_9f07e.dir/CheckSymbolExists.c.o: In function `main':
CheckSymbolExists.c:(.text+0x16): undefined reference to `pthread_create'
collect2: error: ld returned 1 exit status
CMakeFiles/cmTC_9f07e.dir/build.make:97: recipe for target 'cmTC_9f07e' failed
make[1]: *** [cmTC_9f07e] Error 1
make[1]: Leaving directory '/home/kathleen/fetch_ws/build/moveit_python/CMakeFiles/CMakeTmp'
Makefile:126: recipe for target 'cmTC_9f07e/fast' failed
make: *** [cmTC_9f07e/fast] Error 2

File /home/kathleen/fetch_ws/build/moveit_python/CMakeFiles/CMakeTmp/CheckSymbolExists.c:
/* */
#include <pthread.h>

int main(int argc, char** argv)
{
  (void)argv;
#ifndef pthread_create
  return ((int*)(&pthread_create))[argc];
#else
  (void)argc;
  return 0;
#endif
}

Determining if the function pthread_create exists in the pthreads failed with the following output:
Change Dir: /home/kathleen/fetch_ws/build/moveit_python/CMakeFiles/CMakeTmp

Run Build Command:"/usr/bin/make" "cmTC_c7fcc/fast"
/usr/bin/make -f CMakeFiles/cmTC_c7fcc.dir/build.make CMakeFiles/cmTC_c7fcc.dir/build
make[1]: Entering directory '/home/kathleen/fetch_ws/build/moveit_python/CMakeFiles/CMakeTmp'
Building C object CMakeFiles/cmTC_c7fcc.dir/CheckFunctionExists.c.o
/usr/bin/cc    -DCHECK_FUNCTION_EXISTS=pthread_create   -o CMakeFiles/cmTC_c7fcc.dir/CheckFunctionExists.c.o   -c /usr/share/cmake-3.5/Modules/CheckFunctionExists.c
Linking C executable cmTC_c7fcc
/usr/bin/cmake -E cmake_link_script CMakeFiles/cmTC_c7fcc.dir/link.txt --verbose=1
/usr/bin/cc   -DCHECK_FUNCTION_EXISTS=pthread_create    CMakeFiles/cmTC_c7fcc.dir/CheckFunctionExists.c.o  -o cmTC_c7fcc -rdynamic -lpthreads 
/usr/bin/ld: cannot find -lpthreads
collect2: error: ld returned 1 exit status
CMakeFiles/cmTC_c7fcc.dir/build.make:97: recipe for target 'cmTC_c7fcc' failed
make[1]: *** [cmTC_c7fcc] Error 1
make[1]: Leaving directory '/home/kathleen/fetch_ws/build/moveit_python/CMakeFiles/CMakeTmp'
Makefile:126: recipe for target 'cmTC_c7fcc/fast' failed
make: *** [cmTC_c7fcc/fast] Error 2


