Determining if the pthread_create exist failed with the following output:
Change Dir: /home/kathleen/humanoid_robotics/project/fetch_ws/build/moveit_ros_planning/CMakeFiles/CMakeTmp

Run Build Command:"/usr/bin/make" "cmTC_228ae/fast"
/usr/bin/make -f CMakeFiles/cmTC_228ae.dir/build.make CMakeFiles/cmTC_228ae.dir/build
make[1]: Entering directory '/home/kathleen/humanoid_robotics/project/fetch_ws/build/moveit_ros_planning/CMakeFiles/CMakeTmp'
Building C object CMakeFiles/cmTC_228ae.dir/CheckSymbolExists.c.o
/usr/bin/cc     -o CMakeFiles/cmTC_228ae.dir/CheckSymbolExists.c.o   -c /home/kathleen/humanoid_robotics/project/fetch_ws/build/moveit_ros_planning/CMakeFiles/CMakeTmp/CheckSymbolExists.c
Linking C executable cmTC_228ae
/usr/bin/cmake -E cmake_link_script CMakeFiles/cmTC_228ae.dir/link.txt --verbose=1
/usr/bin/cc       CMakeFiles/cmTC_228ae.dir/CheckSymbolExists.c.o  -o cmTC_228ae -rdynamic 
CMakeFiles/cmTC_228ae.dir/CheckSymbolExists.c.o: In function `main':
CheckSymbolExists.c:(.text+0x16): undefined reference to `pthread_create'
collect2: error: ld returned 1 exit status
CMakeFiles/cmTC_228ae.dir/build.make:97: recipe for target 'cmTC_228ae' failed
make[1]: *** [cmTC_228ae] Error 1
make[1]: Leaving directory '/home/kathleen/humanoid_robotics/project/fetch_ws/build/moveit_ros_planning/CMakeFiles/CMakeTmp'
Makefile:126: recipe for target 'cmTC_228ae/fast' failed
make: *** [cmTC_228ae/fast] Error 2

File /home/kathleen/humanoid_robotics/project/fetch_ws/build/moveit_ros_planning/CMakeFiles/CMakeTmp/CheckSymbolExists.c:
/* */
#include <pthread.h>

int main(int argc, char** argv)
{
  (void)argv;
#ifndef pthread_create
  return ((int*)(&pthread_create))[argc];
#else
  (void)argc;
  return 0;
#endif
}

Determining if the function pthread_create exists in the pthreads failed with the following output:
Change Dir: /home/kathleen/humanoid_robotics/project/fetch_ws/build/moveit_ros_planning/CMakeFiles/CMakeTmp

Run Build Command:"/usr/bin/make" "cmTC_b6d7d/fast"
/usr/bin/make -f CMakeFiles/cmTC_b6d7d.dir/build.make CMakeFiles/cmTC_b6d7d.dir/build
make[1]: Entering directory '/home/kathleen/humanoid_robotics/project/fetch_ws/build/moveit_ros_planning/CMakeFiles/CMakeTmp'
Building C object CMakeFiles/cmTC_b6d7d.dir/CheckFunctionExists.c.o
/usr/bin/cc    -DCHECK_FUNCTION_EXISTS=pthread_create   -o CMakeFiles/cmTC_b6d7d.dir/CheckFunctionExists.c.o   -c /usr/share/cmake-3.5/Modules/CheckFunctionExists.c
Linking C executable cmTC_b6d7d
/usr/bin/cmake -E cmake_link_script CMakeFiles/cmTC_b6d7d.dir/link.txt --verbose=1
/usr/bin/cc   -DCHECK_FUNCTION_EXISTS=pthread_create    CMakeFiles/cmTC_b6d7d.dir/CheckFunctionExists.c.o  -o cmTC_b6d7d -rdynamic -lpthreads 
/usr/bin/ld: cannot find -lpthreads
collect2: error: ld returned 1 exit status
CMakeFiles/cmTC_b6d7d.dir/build.make:97: recipe for target 'cmTC_b6d7d' failed
make[1]: *** [cmTC_b6d7d] Error 1
make[1]: Leaving directory '/home/kathleen/humanoid_robotics/project/fetch_ws/build/moveit_ros_planning/CMakeFiles/CMakeTmp'
Makefile:126: recipe for target 'cmTC_b6d7d/fast' failed
make: *** [cmTC_b6d7d/fast] Error 2


