[35m[1mScanning dependencies of target _ethercat_trigger_controllers_generate_messages_check_deps_SetMultiWaveform[0m
[35m[1mScanning dependencies of target _ethercat_trigger_controllers_generate_messages_check_deps_MultiWaveformTransition[0m
[35m[1mScanning dependencies of target std_msgs_generate_messages_cpp[0m
[35m[1mScanning dependencies of target _ethercat_trigger_controllers_generate_messages_check_deps_MultiWaveform[0m
[35m[1mScanning dependencies of target _ethercat_trigger_controllers_generate_messages_check_deps_SetWaveform[0m
[35m[1mScanning dependencies of target std_msgs_generate_messages_eus[0m
[35m[1mScanning dependencies of target std_msgs_generate_messages_py[0m
[  0%] Built target std_msgs_generate_messages_cpp
[  0%] Built target std_msgs_generate_messages_eus
[  0%] Built target std_msgs_generate_messages_py
[  0%] Built target _ethercat_trigger_controllers_generate_messages_check_deps_SetMultiWaveform
[35m[1mScanning dependencies of target std_msgs_generate_messages_nodejs[0m
[35m[1mScanning dependencies of target std_msgs_generate_messages_lisp[0m
[  0%] Built target _ethercat_trigger_controllers_generate_messages_check_deps_MultiWaveform
[  0%] Built target std_msgs_generate_messages_nodejs
[  0%] Built target _ethercat_trigger_controllers_generate_messages_check_deps_MultiWaveformTransition
[  0%] Built target std_msgs_generate_messages_lisp
[  0%] Built target _ethercat_trigger_controllers_generate_messages_check_deps_SetWaveform
[35m[1mScanning dependencies of target ethercat_trigger_controllers_generate_messages_py[0m
[  3%] [34m[1mGenerating Python from MSG ethercat_trigger_controllers/MultiWaveformTransition[0m
[  7%] [34m[1mGenerating Python from MSG ethercat_trigger_controllers/MultiWaveform[0m
[ 11%] [34m[1mGenerating Python code from SRV ethercat_trigger_controllers/SetMultiWaveform[0m
[ 14%] [34m[1mGenerating Python code from SRV ethercat_trigger_controllers/SetWaveform[0m
[35m[1mScanning dependencies of target ethercat_trigger_controllers_generate_messages_cpp[0m
[ 18%] [34m[1mGenerating C++ code from ethercat_trigger_controllers/MultiWaveformTransition.msg[0m
[ 22%] [34m[1mGenerating Python msg __init__.py for ethercat_trigger_controllers[0m
[35m[1mScanning dependencies of target ethercat_trigger_controllers_generate_messages_eus[0m
[ 25%] [34m[1mGenerating C++ code from ethercat_trigger_controllers/MultiWaveform.msg[0m
[ 29%] [34m[1mGenerating EusLisp code from ethercat_trigger_controllers/MultiWaveformTransition.msg[0m
[ 33%] [34m[1mGenerating EusLisp code from ethercat_trigger_controllers/MultiWaveform.msg[0m
[ 37%] [34m[1mGenerating EusLisp code from ethercat_trigger_controllers/SetMultiWaveform.srv[0m
[ 40%] [34m[1mGenerating EusLisp code from ethercat_trigger_controllers/SetWaveform.srv[0m
[ 44%] [34m[1mGenerating C++ code from ethercat_trigger_controllers/SetMultiWaveform.srv[0m
[ 48%] [34m[1mGenerating EusLisp manifest code for ethercat_trigger_controllers[0m
[35m[1mScanning dependencies of target ethercat_trigger_controllers_generate_messages_nodejs[0m
[ 51%] [34m[1mGenerating Python srv __init__.py for ethercat_trigger_controllers[0m
[ 55%] [34m[1mGenerating Javascript code from ethercat_trigger_controllers/MultiWaveformTransition.msg[0m
[ 59%] [34m[1mGenerating Javascript code from ethercat_trigger_controllers/MultiWaveform.msg[0m
[35m[1mScanning dependencies of target ethercat_trigger_controllers_generate_messages_lisp[0m
[ 59%] Built target ethercat_trigger_controllers_generate_messages_py
[ 62%] [34m[1mGenerating Lisp code from ethercat_trigger_controllers/MultiWaveformTransition.msg[0m
[ 66%] [34m[1mGenerating Javascript code from ethercat_trigger_controllers/SetMultiWaveform.srv[0m
[ 70%] [34m[1mGenerating Lisp code from ethercat_trigger_controllers/MultiWaveform.msg[0m
[ 74%] [34m[1mGenerating Lisp code from ethercat_trigger_controllers/SetMultiWaveform.srv[0m
[ 77%] [34m[1mGenerating Javascript code from ethercat_trigger_controllers/SetWaveform.srv[0m
[ 77%] Built target ethercat_trigger_controllers_generate_messages_nodejs
[ 81%] [34m[1mGenerating Lisp code from ethercat_trigger_controllers/SetWaveform.srv[0m
[ 81%] Built target ethercat_trigger_controllers_generate_messages_lisp
[ 85%] [34m[1mGenerating C++ code from ethercat_trigger_controllers/SetWaveform.srv[0m
[ 85%] Built target ethercat_trigger_controllers_generate_messages_cpp
[ 85%] Built target ethercat_trigger_controllers_generate_messages_eus
[35m[1mScanning dependencies of target ethercat_trigger_controllers_generate_messages[0m
[ 85%] Built target ethercat_trigger_controllers_generate_messages
[35m[1mScanning dependencies of target ethercat_trigger_controllers[0m
[ 88%] [32mBuilding CXX object CMakeFiles/ethercat_trigger_controllers.dir/src/trigger_controller.cpp.o[0m
[ 92%] [32mBuilding CXX object CMakeFiles/ethercat_trigger_controllers.dir/src/multi_trigger_controller.cpp.o[0m
[ 96%] [32mBuilding CXX object CMakeFiles/ethercat_trigger_controllers.dir/src/projector_controller.cpp.o[0m
[100%] [32m[1mLinking CXX shared library /home/kathleen/catkin_ws/devel/.private/ethercat_trigger_controllers/lib/libethercat_trigger_controllers.so[0m
[100%] Built target ethercat_trigger_controllers
