Determining if the pthread_create exist failed with the following output:
Change Dir: /home/kathleen/fetch_ws/build/moveit_controller_manager_example/CMakeFiles/CMakeTmp

Run Build Command:"/usr/bin/make" "cmTC_bc72f/fast"
/usr/bin/make -f CMakeFiles/cmTC_bc72f.dir/build.make CMakeFiles/cmTC_bc72f.dir/build
make[1]: Entering directory '/home/kathleen/fetch_ws/build/moveit_controller_manager_example/CMakeFiles/CMakeTmp'
Building C object CMakeFiles/cmTC_bc72f.dir/CheckSymbolExists.c.o
/usr/bin/cc     -o CMakeFiles/cmTC_bc72f.dir/CheckSymbolExists.c.o   -c /home/kathleen/fetch_ws/build/moveit_controller_manager_example/CMakeFiles/CMakeTmp/CheckSymbolExists.c
Linking C executable cmTC_bc72f
/usr/bin/cmake -E cmake_link_script CMakeFiles/cmTC_bc72f.dir/link.txt --verbose=1
/usr/bin/cc       CMakeFiles/cmTC_bc72f.dir/CheckSymbolExists.c.o  -o cmTC_bc72f -rdynamic 
CMakeFiles/cmTC_bc72f.dir/CheckSymbolExists.c.o: In function `main':
CheckSymbolExists.c:(.text+0x16): undefined reference to `pthread_create'
collect2: error: ld returned 1 exit status
CMakeFiles/cmTC_bc72f.dir/build.make:97: recipe for target 'cmTC_bc72f' failed
make[1]: *** [cmTC_bc72f] Error 1
make[1]: Leaving directory '/home/kathleen/fetch_ws/build/moveit_controller_manager_example/CMakeFiles/CMakeTmp'
Makefile:126: recipe for target 'cmTC_bc72f/fast' failed
make: *** [cmTC_bc72f/fast] Error 2

File /home/kathleen/fetch_ws/build/moveit_controller_manager_example/CMakeFiles/CMakeTmp/CheckSymbolExists.c:
/* */
#include <pthread.h>

int main(int argc, char** argv)
{
  (void)argv;
#ifndef pthread_create
  return ((int*)(&pthread_create))[argc];
#else
  (void)argc;
  return 0;
#endif
}

Determining if the function pthread_create exists in the pthreads failed with the following output:
Change Dir: /home/kathleen/fetch_ws/build/moveit_controller_manager_example/CMakeFiles/CMakeTmp

Run Build Command:"/usr/bin/make" "cmTC_5bb3c/fast"
/usr/bin/make -f CMakeFiles/cmTC_5bb3c.dir/build.make CMakeFiles/cmTC_5bb3c.dir/build
make[1]: Entering directory '/home/kathleen/fetch_ws/build/moveit_controller_manager_example/CMakeFiles/CMakeTmp'
Building C object CMakeFiles/cmTC_5bb3c.dir/CheckFunctionExists.c.o
/usr/bin/cc    -DCHECK_FUNCTION_EXISTS=pthread_create   -o CMakeFiles/cmTC_5bb3c.dir/CheckFunctionExists.c.o   -c /usr/share/cmake-3.5/Modules/CheckFunctionExists.c
Linking C executable cmTC_5bb3c
/usr/bin/cmake -E cmake_link_script CMakeFiles/cmTC_5bb3c.dir/link.txt --verbose=1
/usr/bin/cc   -DCHECK_FUNCTION_EXISTS=pthread_create    CMakeFiles/cmTC_5bb3c.dir/CheckFunctionExists.c.o  -o cmTC_5bb3c -rdynamic -lpthreads 
/usr/bin/ld: cannot find -lpthreads
collect2: error: ld returned 1 exit status
CMakeFiles/cmTC_5bb3c.dir/build.make:97: recipe for target 'cmTC_5bb3c' failed
make[1]: *** [cmTC_5bb3c] Error 1
make[1]: Leaving directory '/home/kathleen/fetch_ws/build/moveit_controller_manager_example/CMakeFiles/CMakeTmp'
Makefile:126: recipe for target 'cmTC_5bb3c/fast' failed
make: *** [cmTC_5bb3c/fast] Error 2


