[  3%] Built target moveit_version
[  6%] Built target moveit_exceptions
[  7%] Built target moveit_profiler
[  7%] Built target sensor_msgs_generate_messages_cpp
[  7%] Built target octomap_msgs_generate_messages_py
[ 10%] Built target moveit_background_processing
[ 10%] Built target octomap_msgs_generate_messages_lisp
[ 10%] Built target object_recognition_msgs_generate_messages_nodejs
[ 10%] Built target object_recognition_msgs_generate_messages_eus
[ 10%] Built target object_recognition_msgs_generate_messages_cpp
[ 10%] Built target octomap_msgs_generate_messages_eus
[ 10%] Built target trajectory_msgs_generate_messages_py
[ 10%] Built target trajectory_msgs_generate_messages_lisp
[ 10%] Built target trajectory_msgs_generate_messages_eus
[ 10%] Built target shape_msgs_generate_messages_py
[ 10%] Built target sensor_msgs_generate_messages_nodejs
[ 10%] Built target trajectory_msgs_generate_messages_nodejs
[ 10%] Built target sensor_msgs_generate_messages_py
[ 10%] Built target visualization_msgs_generate_messages_py
[ 10%] Built target geometry_msgs_generate_messages_nodejs
[ 10%] Built target shape_msgs_generate_messages_nodejs
[ 10%] Built target std_msgs_generate_messages_eus
[ 10%] Built target roscpp_generate_messages_lisp
[ 10%] Built target actionlib_msgs_generate_messages_eus
[ 10%] Built target octomap_msgs_generate_messages_cpp
[ 10%] Built target visualization_msgs_generate_messages_eus
[ 10%] Built target actionlib_msgs_generate_messages_lisp
[ 10%] Built target std_msgs_generate_messages_lisp
[ 10%] Built target roscpp_generate_messages_nodejs
[ 10%] Built target shape_msgs_generate_messages_cpp
[ 10%] Built target geometry_msgs_generate_messages_lisp
[ 10%] Built target sensor_msgs_generate_messages_lisp
[ 10%] Built target object_recognition_msgs_generate_messages_py
[ 10%] Built target rosgraph_msgs_generate_messages_lisp
[ 10%] Built target geometry_msgs_generate_messages_eus
[ 10%] Built target rosgraph_msgs_generate_messages_nodejs
[ 10%] Built target std_msgs_generate_messages_py
[ 10%] Built target moveit_msgs_generate_messages_cpp
[ 10%] Built target moveit_msgs_generate_messages_lisp
[ 10%] Built target roscpp_generate_messages_cpp
[ 10%] Built target actionlib_msgs_generate_messages_py
[ 10%] Built target moveit_msgs_generate_messages_nodejs
[ 10%] Built target sensor_msgs_generate_messages_eus
[ 10%] Built target actionlib_msgs_generate_messages_cpp
[ 10%] Built target std_msgs_generate_messages_cpp
[ 10%] Built target shape_msgs_generate_messages_lisp
[ 10%] Built target object_recognition_msgs_generate_messages_lisp
[ 10%] Built target rosgraph_msgs_generate_messages_cpp
[ 10%] Built target octomap_msgs_generate_messages_nodejs
[ 10%] Built target visualization_msgs_generate_messages_cpp
[ 10%] Built target trajectory_msgs_generate_messages_cpp
[ 10%] Built target shape_msgs_generate_messages_eus
[ 10%] Built target geometry_msgs_generate_messages_py
[ 10%] Built target std_msgs_generate_messages_nodejs
[ 10%] Built target geometry_msgs_generate_messages_cpp
[ 10%] Built target visualization_msgs_generate_messages_lisp
[ 10%] Built target visualization_msgs_generate_messages_nodejs
[ 10%] Built target roscpp_generate_messages_eus
[ 10%] Built target rosgraph_msgs_generate_messages_eus
[ 10%] Built target moveit_msgs_generate_messages_eus
[ 10%] Built target rosgraph_msgs_generate_messages_py
[ 10%] Built target roscpp_generate_messages_py
[ 10%] Built target moveit_msgs_generate_messages_py
[ 10%] Built target actionlib_msgs_generate_messages_nodejs
[ 14%] Built target moveit_kinematics_base
[ 17%] Built target moveit_transforms
[ 23%] Built target moveit_distance_field
[ 39%] Built target moveit_robot_model
[ 45%] Built target moveit_robot_state
[ 48%] Built target moveit_robot_trajectory
[ 50%] Built target moveit_dynamics_solver
[ 51%] Built target moveit_kinematics_metrics
[ 65%] Built target moveit_collision_detection
[ 70%] Built target moveit_planning_interface
[ 75%] Built target moveit_trajectory_processing
[ 81%] Built target moveit_collision_detection_fcl
[ 85%] Built target moveit_kinematic_constraints
[ 89%] Built target moveit_planning_scene
[ 92%] Built target moveit_planning_request_adapter
[100%] Built target moveit_constraint_samplers
