Determining if the pthread_create exist failed with the following output:
Change Dir: /home/kathleen/fetch_ws/build/fetch_teleop/CMakeFiles/CMakeTmp

Run Build Command:"/usr/bin/make" "cmTC_e9833/fast"
/usr/bin/make -f CMakeFiles/cmTC_e9833.dir/build.make CMakeFiles/cmTC_e9833.dir/build
make[1]: Entering directory '/home/kathleen/fetch_ws/build/fetch_teleop/CMakeFiles/CMakeTmp'
Building C object CMakeFiles/cmTC_e9833.dir/CheckSymbolExists.c.o
/usr/bin/cc     -o CMakeFiles/cmTC_e9833.dir/CheckSymbolExists.c.o   -c /home/kathleen/fetch_ws/build/fetch_teleop/CMakeFiles/CMakeTmp/CheckSymbolExists.c
Linking C executable cmTC_e9833
/usr/bin/cmake -E cmake_link_script CMakeFiles/cmTC_e9833.dir/link.txt --verbose=1
/usr/bin/cc       CMakeFiles/cmTC_e9833.dir/CheckSymbolExists.c.o  -o cmTC_e9833 -rdynamic 
CMakeFiles/cmTC_e9833.dir/CheckSymbolExists.c.o: In function `main':
CheckSymbolExists.c:(.text+0x16): undefined reference to `pthread_create'
collect2: error: ld returned 1 exit status
CMakeFiles/cmTC_e9833.dir/build.make:97: recipe for target 'cmTC_e9833' failed
make[1]: *** [cmTC_e9833] Error 1
make[1]: Leaving directory '/home/kathleen/fetch_ws/build/fetch_teleop/CMakeFiles/CMakeTmp'
Makefile:126: recipe for target 'cmTC_e9833/fast' failed
make: *** [cmTC_e9833/fast] Error 2

File /home/kathleen/fetch_ws/build/fetch_teleop/CMakeFiles/CMakeTmp/CheckSymbolExists.c:
/* */
#include <pthread.h>

int main(int argc, char** argv)
{
  (void)argv;
#ifndef pthread_create
  return ((int*)(&pthread_create))[argc];
#else
  (void)argc;
  return 0;
#endif
}

Determining if the function pthread_create exists in the pthreads failed with the following output:
Change Dir: /home/kathleen/fetch_ws/build/fetch_teleop/CMakeFiles/CMakeTmp

Run Build Command:"/usr/bin/make" "cmTC_419db/fast"
/usr/bin/make -f CMakeFiles/cmTC_419db.dir/build.make CMakeFiles/cmTC_419db.dir/build
make[1]: Entering directory '/home/kathleen/fetch_ws/build/fetch_teleop/CMakeFiles/CMakeTmp'
Building C object CMakeFiles/cmTC_419db.dir/CheckFunctionExists.c.o
/usr/bin/cc    -DCHECK_FUNCTION_EXISTS=pthread_create   -o CMakeFiles/cmTC_419db.dir/CheckFunctionExists.c.o   -c /usr/share/cmake-3.5/Modules/CheckFunctionExists.c
Linking C executable cmTC_419db
/usr/bin/cmake -E cmake_link_script CMakeFiles/cmTC_419db.dir/link.txt --verbose=1
/usr/bin/cc   -DCHECK_FUNCTION_EXISTS=pthread_create    CMakeFiles/cmTC_419db.dir/CheckFunctionExists.c.o  -o cmTC_419db -rdynamic -lpthreads 
/usr/bin/ld: cannot find -lpthreads
collect2: error: ld returned 1 exit status
CMakeFiles/cmTC_419db.dir/build.make:97: recipe for target 'cmTC_419db' failed
make[1]: *** [cmTC_419db] Error 1
make[1]: Leaving directory '/home/kathleen/fetch_ws/build/fetch_teleop/CMakeFiles/CMakeTmp'
Makefile:126: recipe for target 'cmTC_419db/fast' failed
make: *** [cmTC_419db/fast] Error 2


