Determining if the pthread_create exist failed with the following output:
Change Dir: /home/kathleen/fetch_ws/build/fetch_gazebo/CMakeFiles/CMakeTmp

Run Build Command:"/usr/bin/make" "cmTC_e65ac/fast"
/usr/bin/make -f CMakeFiles/cmTC_e65ac.dir/build.make CMakeFiles/cmTC_e65ac.dir/build
make[1]: Entering directory '/home/kathleen/fetch_ws/build/fetch_gazebo/CMakeFiles/CMakeTmp'
Building C object CMakeFiles/cmTC_e65ac.dir/CheckSymbolExists.c.o
/usr/bin/cc     -o CMakeFiles/cmTC_e65ac.dir/CheckSymbolExists.c.o   -c /home/kathleen/fetch_ws/build/fetch_gazebo/CMakeFiles/CMakeTmp/CheckSymbolExists.c
Linking C executable cmTC_e65ac
/usr/bin/cmake -E cmake_link_script CMakeFiles/cmTC_e65ac.dir/link.txt --verbose=1
/usr/bin/cc       CMakeFiles/cmTC_e65ac.dir/CheckSymbolExists.c.o  -o cmTC_e65ac -rdynamic 
CMakeFiles/cmTC_e65ac.dir/CheckSymbolExists.c.o: In function `main':
CheckSymbolExists.c:(.text+0x16): undefined reference to `pthread_create'
collect2: error: ld returned 1 exit status
CMakeFiles/cmTC_e65ac.dir/build.make:97: recipe for target 'cmTC_e65ac' failed
make[1]: *** [cmTC_e65ac] Error 1
make[1]: Leaving directory '/home/kathleen/fetch_ws/build/fetch_gazebo/CMakeFiles/CMakeTmp'
Makefile:126: recipe for target 'cmTC_e65ac/fast' failed
make: *** [cmTC_e65ac/fast] Error 2

File /home/kathleen/fetch_ws/build/fetch_gazebo/CMakeFiles/CMakeTmp/CheckSymbolExists.c:
/* */
#include <pthread.h>

int main(int argc, char** argv)
{
  (void)argv;
#ifndef pthread_create
  return ((int*)(&pthread_create))[argc];
#else
  (void)argc;
  return 0;
#endif
}

Determining if the function pthread_create exists in the pthreads failed with the following output:
Change Dir: /home/kathleen/fetch_ws/build/fetch_gazebo/CMakeFiles/CMakeTmp

Run Build Command:"/usr/bin/make" "cmTC_e7752/fast"
/usr/bin/make -f CMakeFiles/cmTC_e7752.dir/build.make CMakeFiles/cmTC_e7752.dir/build
make[1]: Entering directory '/home/kathleen/fetch_ws/build/fetch_gazebo/CMakeFiles/CMakeTmp'
Building C object CMakeFiles/cmTC_e7752.dir/CheckFunctionExists.c.o
/usr/bin/cc    -DCHECK_FUNCTION_EXISTS=pthread_create   -o CMakeFiles/cmTC_e7752.dir/CheckFunctionExists.c.o   -c /usr/share/cmake-3.5/Modules/CheckFunctionExists.c
Linking C executable cmTC_e7752
/usr/bin/cmake -E cmake_link_script CMakeFiles/cmTC_e7752.dir/link.txt --verbose=1
/usr/bin/cc   -DCHECK_FUNCTION_EXISTS=pthread_create    CMakeFiles/cmTC_e7752.dir/CheckFunctionExists.c.o  -o cmTC_e7752 -rdynamic -lpthreads 
/usr/bin/ld: cannot find -lpthreads
collect2: error: ld returned 1 exit status
CMakeFiles/cmTC_e7752.dir/build.make:97: recipe for target 'cmTC_e7752' failed
make[1]: *** [cmTC_e7752] Error 1
make[1]: Leaving directory '/home/kathleen/fetch_ws/build/fetch_gazebo/CMakeFiles/CMakeTmp'
Makefile:126: recipe for target 'cmTC_e7752/fast' failed
make: *** [cmTC_e7752/fast] Error 2


