Determining if the pthread_create exist failed with the following output:
Change Dir: /home/kathleen/fetch_ws/build/slam_karto/CMakeFiles/CMakeTmp

Run Build Command:"/usr/bin/make" "cmTC_796be/fast"
/usr/bin/make -f CMakeFiles/cmTC_796be.dir/build.make CMakeFiles/cmTC_796be.dir/build
make[1]: Entering directory '/home/kathleen/fetch_ws/build/slam_karto/CMakeFiles/CMakeTmp'
Building C object CMakeFiles/cmTC_796be.dir/CheckSymbolExists.c.o
/usr/bin/cc     -o CMakeFiles/cmTC_796be.dir/CheckSymbolExists.c.o   -c /home/kathleen/fetch_ws/build/slam_karto/CMakeFiles/CMakeTmp/CheckSymbolExists.c
Linking C executable cmTC_796be
/usr/bin/cmake -E cmake_link_script CMakeFiles/cmTC_796be.dir/link.txt --verbose=1
/usr/bin/cc       CMakeFiles/cmTC_796be.dir/CheckSymbolExists.c.o  -o cmTC_796be -rdynamic 
CMakeFiles/cmTC_796be.dir/CheckSymbolExists.c.o: In function `main':
CheckSymbolExists.c:(.text+0x16): undefined reference to `pthread_create'
collect2: error: ld returned 1 exit status
CMakeFiles/cmTC_796be.dir/build.make:97: recipe for target 'cmTC_796be' failed
make[1]: *** [cmTC_796be] Error 1
make[1]: Leaving directory '/home/kathleen/fetch_ws/build/slam_karto/CMakeFiles/CMakeTmp'
Makefile:126: recipe for target 'cmTC_796be/fast' failed
make: *** [cmTC_796be/fast] Error 2

File /home/kathleen/fetch_ws/build/slam_karto/CMakeFiles/CMakeTmp/CheckSymbolExists.c:
/* */
#include <pthread.h>

int main(int argc, char** argv)
{
  (void)argv;
#ifndef pthread_create
  return ((int*)(&pthread_create))[argc];
#else
  (void)argc;
  return 0;
#endif
}

Determining if the function pthread_create exists in the pthreads failed with the following output:
Change Dir: /home/kathleen/fetch_ws/build/slam_karto/CMakeFiles/CMakeTmp

Run Build Command:"/usr/bin/make" "cmTC_67cfe/fast"
/usr/bin/make -f CMakeFiles/cmTC_67cfe.dir/build.make CMakeFiles/cmTC_67cfe.dir/build
make[1]: Entering directory '/home/kathleen/fetch_ws/build/slam_karto/CMakeFiles/CMakeTmp'
Building C object CMakeFiles/cmTC_67cfe.dir/CheckFunctionExists.c.o
/usr/bin/cc    -DCHECK_FUNCTION_EXISTS=pthread_create   -o CMakeFiles/cmTC_67cfe.dir/CheckFunctionExists.c.o   -c /usr/share/cmake-3.5/Modules/CheckFunctionExists.c
Linking C executable cmTC_67cfe
/usr/bin/cmake -E cmake_link_script CMakeFiles/cmTC_67cfe.dir/link.txt --verbose=1
/usr/bin/cc   -DCHECK_FUNCTION_EXISTS=pthread_create    CMakeFiles/cmTC_67cfe.dir/CheckFunctionExists.c.o  -o cmTC_67cfe -rdynamic -lpthreads 
/usr/bin/ld: cannot find -lpthreads
collect2: error: ld returned 1 exit status
CMakeFiles/cmTC_67cfe.dir/build.make:97: recipe for target 'cmTC_67cfe' failed
make[1]: *** [cmTC_67cfe] Error 1
make[1]: Leaving directory '/home/kathleen/fetch_ws/build/slam_karto/CMakeFiles/CMakeTmp'
Makefile:126: recipe for target 'cmTC_67cfe/fast' failed
make: *** [cmTC_67cfe/fast] Error 2


