Determining if the pthread_create exist failed with the following output:
Change Dir: /home/kathleen/catkin_ws/build/pr2_controllers_msgs/CMakeFiles/CMakeTmp

Run Build Command:"/usr/bin/make" "cmTC_42214/fast"
/usr/bin/make -f CMakeFiles/cmTC_42214.dir/build.make CMakeFiles/cmTC_42214.dir/build
make[1]: Entering directory '/home/kathleen/catkin_ws/build/pr2_controllers_msgs/CMakeFiles/CMakeTmp'
Building C object CMakeFiles/cmTC_42214.dir/CheckSymbolExists.c.o
/usr/bin/cc     -o CMakeFiles/cmTC_42214.dir/CheckSymbolExists.c.o   -c /home/kathleen/catkin_ws/build/pr2_controllers_msgs/CMakeFiles/CMakeTmp/CheckSymbolExists.c
Linking C executable cmTC_42214
/usr/bin/cmake -E cmake_link_script CMakeFiles/cmTC_42214.dir/link.txt --verbose=1
/usr/bin/cc       CMakeFiles/cmTC_42214.dir/CheckSymbolExists.c.o  -o cmTC_42214 -rdynamic 
CMakeFiles/cmTC_42214.dir/CheckSymbolExists.c.o: In function `main':
CheckSymbolExists.c:(.text+0x16): undefined reference to `pthread_create'
collect2: error: ld returned 1 exit status
CMakeFiles/cmTC_42214.dir/build.make:97: recipe for target 'cmTC_42214' failed
make[1]: *** [cmTC_42214] Error 1
make[1]: Leaving directory '/home/kathleen/catkin_ws/build/pr2_controllers_msgs/CMakeFiles/CMakeTmp'
Makefile:126: recipe for target 'cmTC_42214/fast' failed
make: *** [cmTC_42214/fast] Error 2

File /home/kathleen/catkin_ws/build/pr2_controllers_msgs/CMakeFiles/CMakeTmp/CheckSymbolExists.c:
/* */
#include <pthread.h>

int main(int argc, char** argv)
{
  (void)argv;
#ifndef pthread_create
  return ((int*)(&pthread_create))[argc];
#else
  (void)argc;
  return 0;
#endif
}

Determining if the function pthread_create exists in the pthreads failed with the following output:
Change Dir: /home/kathleen/catkin_ws/build/pr2_controllers_msgs/CMakeFiles/CMakeTmp

Run Build Command:"/usr/bin/make" "cmTC_2b75e/fast"
/usr/bin/make -f CMakeFiles/cmTC_2b75e.dir/build.make CMakeFiles/cmTC_2b75e.dir/build
make[1]: Entering directory '/home/kathleen/catkin_ws/build/pr2_controllers_msgs/CMakeFiles/CMakeTmp'
Building C object CMakeFiles/cmTC_2b75e.dir/CheckFunctionExists.c.o
/usr/bin/cc    -DCHECK_FUNCTION_EXISTS=pthread_create   -o CMakeFiles/cmTC_2b75e.dir/CheckFunctionExists.c.o   -c /usr/share/cmake-3.5/Modules/CheckFunctionExists.c
Linking C executable cmTC_2b75e
/usr/bin/cmake -E cmake_link_script CMakeFiles/cmTC_2b75e.dir/link.txt --verbose=1
/usr/bin/cc   -DCHECK_FUNCTION_EXISTS=pthread_create    CMakeFiles/cmTC_2b75e.dir/CheckFunctionExists.c.o  -o cmTC_2b75e -rdynamic -lpthreads 
/usr/bin/ld: cannot find -lpthreads
collect2: error: ld returned 1 exit status
CMakeFiles/cmTC_2b75e.dir/build.make:97: recipe for target 'cmTC_2b75e' failed
make[1]: *** [cmTC_2b75e] Error 1
make[1]: Leaving directory '/home/kathleen/catkin_ws/build/pr2_controllers_msgs/CMakeFiles/CMakeTmp'
Makefile:126: recipe for target 'cmTC_2b75e/fast' failed
make: *** [cmTC_2b75e/fast] Error 2


