[  0%] Built target sensor_msgs_generate_messages_lisp
[  0%] Built target _grasping_msgs_generate_messages_check_deps_GraspPlanningFeedback
[  0%] Built target _grasping_msgs_generate_messages_check_deps_Object
[  0%] Built target _grasping_msgs_generate_messages_check_deps_FindGraspableObjectsGoal
[  0%] Built target moveit_msgs_generate_messages_lisp
[  0%] Built target _grasping_msgs_generate_messages_check_deps_GraspPlanningResult
[  0%] Built target _grasping_msgs_generate_messages_check_deps_GraspPlanningAction
[  0%] Built target _grasping_msgs_generate_messages_check_deps_GraspPlanningActionResult
[  0%] Built target _grasping_msgs_generate_messages_check_deps_GraspPlanningGoal
[  0%] Built target shape_msgs_generate_messages_lisp
[  0%] Built target geometry_msgs_generate_messages_lisp
[  0%] Built target _grasping_msgs_generate_messages_check_deps_FindGraspableObjectsFeedback
[  0%] Built target _grasping_msgs_generate_messages_check_deps_FindGraspableObjectsActionGoal
[  0%] Built target _grasping_msgs_generate_messages_check_deps_FindGraspableObjectsActionFeedback
[  0%] Built target _grasping_msgs_generate_messages_check_deps_GraspPlanningActionFeedback
[  0%] Built target _grasping_msgs_generate_messages_check_deps_FindGraspableObjectsResult
[  0%] Built target _grasping_msgs_generate_messages_check_deps_GraspPlanningActionGoal
[  0%] Built target _grasping_msgs_generate_messages_check_deps_FindGraspableObjectsActionResult
[  0%] Built target _grasping_msgs_generate_messages_check_deps_GraspableObject
[  0%] Built target _grasping_msgs_generate_messages_check_deps_FindGraspableObjectsAction
[  0%] Built target _grasping_msgs_generate_messages_check_deps_ObjectProperty
[  0%] Built target shape_msgs_generate_messages_py
[  0%] Built target moveit_msgs_generate_messages_py
[  0%] Built target geometry_msgs_generate_messages_py
[  0%] Built target sensor_msgs_generate_messages_py
[  0%] Built target moveit_msgs_generate_messages_nodejs
[  0%] Built target geometry_msgs_generate_messages_nodejs
[  0%] Built target shape_msgs_generate_messages_nodejs
[  0%] Built target sensor_msgs_generate_messages_nodejs
[  0%] Built target sensor_msgs_generate_messages_eus
[  0%] Built target geometry_msgs_generate_messages_eus
[  0%] Built target shape_msgs_generate_messages_eus
[  0%] Built target moveit_msgs_generate_messages_eus
[  0%] Built target sensor_msgs_generate_messages_cpp
[  0%] Built target geometry_msgs_generate_messages_cpp
[  0%] Built target shape_msgs_generate_messages_cpp
[  0%] Built target moveit_msgs_generate_messages_cpp
[ 19%] Built target grasping_msgs_generate_messages_nodejs
[ 39%] Built target grasping_msgs_generate_messages_lisp
[ 59%] Built target grasping_msgs_generate_messages_py
[ 80%] Built target grasping_msgs_generate_messages_eus
[100%] Built target grasping_msgs_generate_messages_cpp
[100%] Built target grasping_msgs_generate_messages
