[  0%] Built target _pr2_tilt_laser_interface_generate_messages_check_deps_GetSnapshotFeedback
[  0%] Built target actionlib_msgs_generate_messages_cpp
[  0%] Built target sensor_msgs_generate_messages_cpp
[  0%] Built target pr2_msgs_generate_messages_cpp
[  0%] Built target _pr2_tilt_laser_interface_generate_messages_check_deps_GetSnapshotActionResult
[  0%] Built target _pr2_tilt_laser_interface_generate_messages_check_deps_GetSnapshotActionGoal
[  0%] Built target _pr2_tilt_laser_interface_generate_messages_check_deps_GetSnapshotResult
[  0%] Built target _pr2_tilt_laser_interface_generate_messages_check_deps_GetSnapshotActionFeedback
[  0%] Built target _pr2_tilt_laser_interface_generate_messages_check_deps_GetSnapshotAction
[  0%] Built target actionlib_msgs_generate_messages_py
[  0%] Built target _pr2_tilt_laser_interface_generate_messages_check_deps_GetSnapshotGoal
[  0%] Built target sensor_msgs_generate_messages_py
[  0%] Built target pr2_msgs_generate_messages_py
[  0%] Built target sensor_msgs_generate_messages_eus
[  0%] Built target pr2_msgs_generate_messages_eus
[  0%] Built target actionlib_msgs_generate_messages_eus
[  0%] Built target pr2_msgs_generate_messages_lisp
[  0%] Built target actionlib_msgs_generate_messages_lisp
[  0%] Built target sensor_msgs_generate_messages_lisp
[  0%] Built target sensor_msgs_generate_messages_nodejs
[  0%] Built target pr2_msgs_generate_messages_nodejs
[ 20%] Built target pr2_tilt_laser_interface_generate_messages_py
[ 38%] Built target pr2_tilt_laser_interface_generate_messages_cpp
[ 38%] Built target actionlib_msgs_generate_messages_nodejs
[ 58%] Built target pr2_tilt_laser_interface_generate_messages_eus
[ 76%] Built target pr2_tilt_laser_interface_generate_messages_lisp
[ 76%] Built target pr2_tilt_laser_interface_gencpp
[ 94%] Built target pr2_tilt_laser_interface_generate_messages_nodejs
[ 94%] Built target pr2_tilt_laser_interface_generate_messages
[100%] Built target grab_result
