Determining if the pthread_create exist failed with the following output:
Change Dir: /home/kathleen/catkin_ws/build/pr2_head_action/CMakeFiles/CMakeTmp

Run Build Command:"/usr/bin/make" "cmTC_a3a8b/fast"
/usr/bin/make -f CMakeFiles/cmTC_a3a8b.dir/build.make CMakeFiles/cmTC_a3a8b.dir/build
make[1]: Entering directory '/home/kathleen/catkin_ws/build/pr2_head_action/CMakeFiles/CMakeTmp'
Building C object CMakeFiles/cmTC_a3a8b.dir/CheckSymbolExists.c.o
/usr/bin/cc     -o CMakeFiles/cmTC_a3a8b.dir/CheckSymbolExists.c.o   -c /home/kathleen/catkin_ws/build/pr2_head_action/CMakeFiles/CMakeTmp/CheckSymbolExists.c
Linking C executable cmTC_a3a8b
/usr/bin/cmake -E cmake_link_script CMakeFiles/cmTC_a3a8b.dir/link.txt --verbose=1
/usr/bin/cc       CMakeFiles/cmTC_a3a8b.dir/CheckSymbolExists.c.o  -o cmTC_a3a8b -rdynamic 
CMakeFiles/cmTC_a3a8b.dir/CheckSymbolExists.c.o: In function `main':
CheckSymbolExists.c:(.text+0x16): undefined reference to `pthread_create'
collect2: error: ld returned 1 exit status
CMakeFiles/cmTC_a3a8b.dir/build.make:97: recipe for target 'cmTC_a3a8b' failed
make[1]: *** [cmTC_a3a8b] Error 1
make[1]: Leaving directory '/home/kathleen/catkin_ws/build/pr2_head_action/CMakeFiles/CMakeTmp'
Makefile:126: recipe for target 'cmTC_a3a8b/fast' failed
make: *** [cmTC_a3a8b/fast] Error 2

File /home/kathleen/catkin_ws/build/pr2_head_action/CMakeFiles/CMakeTmp/CheckSymbolExists.c:
/* */
#include <pthread.h>

int main(int argc, char** argv)
{
  (void)argv;
#ifndef pthread_create
  return ((int*)(&pthread_create))[argc];
#else
  (void)argc;
  return 0;
#endif
}

Determining if the function pthread_create exists in the pthreads failed with the following output:
Change Dir: /home/kathleen/catkin_ws/build/pr2_head_action/CMakeFiles/CMakeTmp

Run Build Command:"/usr/bin/make" "cmTC_10aa0/fast"
/usr/bin/make -f CMakeFiles/cmTC_10aa0.dir/build.make CMakeFiles/cmTC_10aa0.dir/build
make[1]: Entering directory '/home/kathleen/catkin_ws/build/pr2_head_action/CMakeFiles/CMakeTmp'
Building C object CMakeFiles/cmTC_10aa0.dir/CheckFunctionExists.c.o
/usr/bin/cc    -DCHECK_FUNCTION_EXISTS=pthread_create   -o CMakeFiles/cmTC_10aa0.dir/CheckFunctionExists.c.o   -c /usr/share/cmake-3.5/Modules/CheckFunctionExists.c
Linking C executable cmTC_10aa0
/usr/bin/cmake -E cmake_link_script CMakeFiles/cmTC_10aa0.dir/link.txt --verbose=1
/usr/bin/cc   -DCHECK_FUNCTION_EXISTS=pthread_create    CMakeFiles/cmTC_10aa0.dir/CheckFunctionExists.c.o  -o cmTC_10aa0 -rdynamic -lpthreads 
/usr/bin/ld: cannot find -lpthreads
collect2: error: ld returned 1 exit status
CMakeFiles/cmTC_10aa0.dir/build.make:97: recipe for target 'cmTC_10aa0' failed
make[1]: *** [cmTC_10aa0] Error 1
make[1]: Leaving directory '/home/kathleen/catkin_ws/build/pr2_head_action/CMakeFiles/CMakeTmp'
Makefile:126: recipe for target 'cmTC_10aa0/fast' failed
make: *** [cmTC_10aa0/fast] Error 2


