Determining if the pthread_create exist failed with the following output:
Change Dir: /home/kathleen/catkin_ws/build/pr2_tuck_arms_action/CMakeFiles/CMakeTmp

Run Build Command:"/usr/bin/make" "cmTC_2f396/fast"
/usr/bin/make -f CMakeFiles/cmTC_2f396.dir/build.make CMakeFiles/cmTC_2f396.dir/build
make[1]: Entering directory '/home/kathleen/catkin_ws/build/pr2_tuck_arms_action/CMakeFiles/CMakeTmp'
Building C object CMakeFiles/cmTC_2f396.dir/CheckSymbolExists.c.o
/usr/bin/cc     -o CMakeFiles/cmTC_2f396.dir/CheckSymbolExists.c.o   -c /home/kathleen/catkin_ws/build/pr2_tuck_arms_action/CMakeFiles/CMakeTmp/CheckSymbolExists.c
Linking C executable cmTC_2f396
/usr/bin/cmake -E cmake_link_script CMakeFiles/cmTC_2f396.dir/link.txt --verbose=1
/usr/bin/cc       CMakeFiles/cmTC_2f396.dir/CheckSymbolExists.c.o  -o cmTC_2f396 -rdynamic 
CMakeFiles/cmTC_2f396.dir/CheckSymbolExists.c.o: In function `main':
CheckSymbolExists.c:(.text+0x16): undefined reference to `pthread_create'
collect2: error: ld returned 1 exit status
CMakeFiles/cmTC_2f396.dir/build.make:97: recipe for target 'cmTC_2f396' failed
make[1]: *** [cmTC_2f396] Error 1
make[1]: Leaving directory '/home/kathleen/catkin_ws/build/pr2_tuck_arms_action/CMakeFiles/CMakeTmp'
Makefile:126: recipe for target 'cmTC_2f396/fast' failed
make: *** [cmTC_2f396/fast] Error 2

File /home/kathleen/catkin_ws/build/pr2_tuck_arms_action/CMakeFiles/CMakeTmp/CheckSymbolExists.c:
/* */
#include <pthread.h>

int main(int argc, char** argv)
{
  (void)argv;
#ifndef pthread_create
  return ((int*)(&pthread_create))[argc];
#else
  (void)argc;
  return 0;
#endif
}

Determining if the function pthread_create exists in the pthreads failed with the following output:
Change Dir: /home/kathleen/catkin_ws/build/pr2_tuck_arms_action/CMakeFiles/CMakeTmp

Run Build Command:"/usr/bin/make" "cmTC_e658c/fast"
/usr/bin/make -f CMakeFiles/cmTC_e658c.dir/build.make CMakeFiles/cmTC_e658c.dir/build
make[1]: Entering directory '/home/kathleen/catkin_ws/build/pr2_tuck_arms_action/CMakeFiles/CMakeTmp'
Building C object CMakeFiles/cmTC_e658c.dir/CheckFunctionExists.c.o
/usr/bin/cc    -DCHECK_FUNCTION_EXISTS=pthread_create   -o CMakeFiles/cmTC_e658c.dir/CheckFunctionExists.c.o   -c /usr/share/cmake-3.5/Modules/CheckFunctionExists.c
Linking C executable cmTC_e658c
/usr/bin/cmake -E cmake_link_script CMakeFiles/cmTC_e658c.dir/link.txt --verbose=1
/usr/bin/cc   -DCHECK_FUNCTION_EXISTS=pthread_create    CMakeFiles/cmTC_e658c.dir/CheckFunctionExists.c.o  -o cmTC_e658c -rdynamic -lpthreads 
/usr/bin/ld: cannot find -lpthreads
collect2: error: ld returned 1 exit status
CMakeFiles/cmTC_e658c.dir/build.make:97: recipe for target 'cmTC_e658c' failed
make[1]: *** [cmTC_e658c] Error 1
make[1]: Leaving directory '/home/kathleen/catkin_ws/build/pr2_tuck_arms_action/CMakeFiles/CMakeTmp'
Makefile:126: recipe for target 'cmTC_e658c/fast' failed
make: *** [cmTC_e658c/fast] Error 2


