Determining if the pthread_create exist failed with the following output:
Change Dir: /home/kathleen/humanoid_robotics/project/fetch_ws/build/fetch_gazebo_demo/CMakeFiles/CMakeTmp

Run Build Command:"/usr/bin/make" "cmTC_c8397/fast"
/usr/bin/make -f CMakeFiles/cmTC_c8397.dir/build.make CMakeFiles/cmTC_c8397.dir/build
make[1]: Entering directory '/home/kathleen/humanoid_robotics/project/fetch_ws/build/fetch_gazebo_demo/CMakeFiles/CMakeTmp'
Building C object CMakeFiles/cmTC_c8397.dir/CheckSymbolExists.c.o
/usr/bin/cc     -o CMakeFiles/cmTC_c8397.dir/CheckSymbolExists.c.o   -c /home/kathleen/humanoid_robotics/project/fetch_ws/build/fetch_gazebo_demo/CMakeFiles/CMakeTmp/CheckSymbolExists.c
Linking C executable cmTC_c8397
/usr/bin/cmake -E cmake_link_script CMakeFiles/cmTC_c8397.dir/link.txt --verbose=1
/usr/bin/cc       CMakeFiles/cmTC_c8397.dir/CheckSymbolExists.c.o  -o cmTC_c8397 -rdynamic 
CMakeFiles/cmTC_c8397.dir/CheckSymbolExists.c.o: In function `main':
CheckSymbolExists.c:(.text+0x16): undefined reference to `pthread_create'
collect2: error: ld returned 1 exit status
CMakeFiles/cmTC_c8397.dir/build.make:97: recipe for target 'cmTC_c8397' failed
make[1]: *** [cmTC_c8397] Error 1
make[1]: Leaving directory '/home/kathleen/humanoid_robotics/project/fetch_ws/build/fetch_gazebo_demo/CMakeFiles/CMakeTmp'
Makefile:126: recipe for target 'cmTC_c8397/fast' failed
make: *** [cmTC_c8397/fast] Error 2

File /home/kathleen/humanoid_robotics/project/fetch_ws/build/fetch_gazebo_demo/CMakeFiles/CMakeTmp/CheckSymbolExists.c:
/* */
#include <pthread.h>

int main(int argc, char** argv)
{
  (void)argv;
#ifndef pthread_create
  return ((int*)(&pthread_create))[argc];
#else
  (void)argc;
  return 0;
#endif
}

Determining if the function pthread_create exists in the pthreads failed with the following output:
Change Dir: /home/kathleen/humanoid_robotics/project/fetch_ws/build/fetch_gazebo_demo/CMakeFiles/CMakeTmp

Run Build Command:"/usr/bin/make" "cmTC_009af/fast"
/usr/bin/make -f CMakeFiles/cmTC_009af.dir/build.make CMakeFiles/cmTC_009af.dir/build
make[1]: Entering directory '/home/kathleen/humanoid_robotics/project/fetch_ws/build/fetch_gazebo_demo/CMakeFiles/CMakeTmp'
Building C object CMakeFiles/cmTC_009af.dir/CheckFunctionExists.c.o
/usr/bin/cc    -DCHECK_FUNCTION_EXISTS=pthread_create   -o CMakeFiles/cmTC_009af.dir/CheckFunctionExists.c.o   -c /usr/share/cmake-3.5/Modules/CheckFunctionExists.c
Linking C executable cmTC_009af
/usr/bin/cmake -E cmake_link_script CMakeFiles/cmTC_009af.dir/link.txt --verbose=1
/usr/bin/cc   -DCHECK_FUNCTION_EXISTS=pthread_create    CMakeFiles/cmTC_009af.dir/CheckFunctionExists.c.o  -o cmTC_009af -rdynamic -lpthreads 
/usr/bin/ld: cannot find -lpthreads
collect2: error: ld returned 1 exit status
CMakeFiles/cmTC_009af.dir/build.make:97: recipe for target 'cmTC_009af' failed
make[1]: *** [cmTC_009af] Error 1
make[1]: Leaving directory '/home/kathleen/humanoid_robotics/project/fetch_ws/build/fetch_gazebo_demo/CMakeFiles/CMakeTmp'
Makefile:126: recipe for target 'cmTC_009af/fast' failed
make: *** [cmTC_009af/fast] Error 2


