Symlinking /home/kathleen/catkin_ws/devel/share/roseus/ros/pr2_mechanism_controllers/manifest.l
Symlinking /home/kathleen/catkin_ws/devel/share/roseus/ros/pr2_mechanism_controllers/msg/OdometryMatrix.l
Symlinking /home/kathleen/catkin_ws/devel/share/roseus/ros/pr2_mechanism_controllers/msg/TrackLinkCmd.l
Symlinking /home/kathleen/catkin_ws/devel/share/roseus/ros/pr2_mechanism_controllers/msg/BaseControllerState2.l
Symlinking /home/kathleen/catkin_ws/devel/share/roseus/ros/pr2_mechanism_controllers/msg/DebugInfo.l
Symlinking /home/kathleen/catkin_ws/devel/share/roseus/ros/pr2_mechanism_controllers/msg/Odometer.l
Symlinking /home/kathleen/catkin_ws/devel/share/roseus/ros/pr2_mechanism_controllers/msg/BaseControllerState.l
Symlinking /home/kathleen/catkin_ws/devel/share/roseus/ros/pr2_mechanism_controllers/msg/BaseOdometryState.l
Symlinking /home/kathleen/catkin_ws/devel/share/roseus/ros/pr2_mechanism_controllers/srv/SetProfile.l
Symlinking /home/kathleen/catkin_ws/devel/share/pr2_mechanism_controllers/cmake/pr2_mechanism_controllers-msg-paths.cmake
Symlinking /home/kathleen/catkin_ws/devel/share/pr2_mechanism_controllers/cmake/pr2_mechanism_controllersConfig-version.cmake
Symlinking /home/kathleen/catkin_ws/devel/share/pr2_mechanism_controllers/cmake/pr2_mechanism_controllersConfig.cmake
Symlinking /home/kathleen/catkin_ws/devel/share/pr2_mechanism_controllers/cmake/pr2_mechanism_controllers-msg-extras.cmake
Symlinking /home/kathleen/catkin_ws/devel/share/common-lisp/ros/pr2_mechanism_controllers/msg/_package_Odometer.lisp
Symlinking /home/kathleen/catkin_ws/devel/share/common-lisp/ros/pr2_mechanism_controllers/msg/_package_BaseOdometryState.lisp
Symlinking /home/kathleen/catkin_ws/devel/share/common-lisp/ros/pr2_mechanism_controllers/msg/DebugInfo.lisp
Symlinking /home/kathleen/catkin_ws/devel/share/common-lisp/ros/pr2_mechanism_controllers/msg/_package_TrackLinkCmd.lisp
Symlinking /home/kathleen/catkin_ws/devel/share/common-lisp/ros/pr2_mechanism_controllers/msg/OdometryMatrix.lisp
Symlinking /home/kathleen/catkin_ws/devel/share/common-lisp/ros/pr2_mechanism_controllers/msg/BaseControllerState.lisp
Symlinking /home/kathleen/catkin_ws/devel/share/common-lisp/ros/pr2_mechanism_controllers/msg/_package_OdometryMatrix.lisp
Symlinking /home/kathleen/catkin_ws/devel/share/common-lisp/ros/pr2_mechanism_controllers/msg/Odometer.lisp
Symlinking /home/kathleen/catkin_ws/devel/share/common-lisp/ros/pr2_mechanism_controllers/msg/_package_BaseControllerState2.lisp
Symlinking /home/kathleen/catkin_ws/devel/share/common-lisp/ros/pr2_mechanism_controllers/msg/BaseControllerState2.lisp
Symlinking /home/kathleen/catkin_ws/devel/share/common-lisp/ros/pr2_mechanism_controllers/msg/TrackLinkCmd.lisp
Symlinking /home/kathleen/catkin_ws/devel/share/common-lisp/ros/pr2_mechanism_controllers/msg/_package.lisp
Symlinking /home/kathleen/catkin_ws/devel/share/common-lisp/ros/pr2_mechanism_controllers/msg/BaseOdometryState.lisp
Symlinking /home/kathleen/catkin_ws/devel/share/common-lisp/ros/pr2_mechanism_controllers/msg/_package_BaseControllerState.lisp
Symlinking /home/kathleen/catkin_ws/devel/share/common-lisp/ros/pr2_mechanism_controllers/msg/_package_DebugInfo.lisp
Symlinking /home/kathleen/catkin_ws/devel/share/common-lisp/ros/pr2_mechanism_controllers/msg/pr2_mechanism_controllers-msg.asd
Symlinking /home/kathleen/catkin_ws/devel/share/common-lisp/ros/pr2_mechanism_controllers/srv/pr2_mechanism_controllers-srv.asd
Symlinking /home/kathleen/catkin_ws/devel/share/common-lisp/ros/pr2_mechanism_controllers/srv/_package_SetProfile.lisp
Symlinking /home/kathleen/catkin_ws/devel/share/common-lisp/ros/pr2_mechanism_controllers/srv/SetProfile.lisp
Symlinking /home/kathleen/catkin_ws/devel/share/common-lisp/ros/pr2_mechanism_controllers/srv/_package.lisp
Symlinking /home/kathleen/catkin_ws/devel/share/gennodejs/ros/pr2_mechanism_controllers/_index.js
Symlinking /home/kathleen/catkin_ws/devel/share/gennodejs/ros/pr2_mechanism_controllers/msg/Odometer.js
Symlinking /home/kathleen/catkin_ws/devel/share/gennodejs/ros/pr2_mechanism_controllers/msg/BaseControllerState.js
Symlinking /home/kathleen/catkin_ws/devel/share/gennodejs/ros/pr2_mechanism_controllers/msg/OdometryMatrix.js
Symlinking /home/kathleen/catkin_ws/devel/share/gennodejs/ros/pr2_mechanism_controllers/msg/BaseControllerState2.js
Symlinking /home/kathleen/catkin_ws/devel/share/gennodejs/ros/pr2_mechanism_controllers/msg/DebugInfo.js
Symlinking /home/kathleen/catkin_ws/devel/share/gennodejs/ros/pr2_mechanism_controllers/msg/_index.js
Symlinking /home/kathleen/catkin_ws/devel/share/gennodejs/ros/pr2_mechanism_controllers/msg/BaseOdometryState.js
Symlinking /home/kathleen/catkin_ws/devel/share/gennodejs/ros/pr2_mechanism_controllers/msg/TrackLinkCmd.js
Symlinking /home/kathleen/catkin_ws/devel/share/gennodejs/ros/pr2_mechanism_controllers/srv/SetProfile.js
Symlinking /home/kathleen/catkin_ws/devel/share/gennodejs/ros/pr2_mechanism_controllers/srv/_index.js
Symlinking /home/kathleen/catkin_ws/devel/lib/libpr2_mechanism_controllers.so
Symlinking /home/kathleen/catkin_ws/devel/lib/pkgconfig/pr2_mechanism_controllers.pc
Symlinking /home/kathleen/catkin_ws/devel/lib/python2.7/dist-packages/pr2_mechanism_controllers/__init__.py
Symlinking /home/kathleen/catkin_ws/devel/lib/python2.7/dist-packages/pr2_mechanism_controllers/msg/_Odometer.py
Symlinking /home/kathleen/catkin_ws/devel/lib/python2.7/dist-packages/pr2_mechanism_controllers/msg/_DebugInfo.py
Symlinking /home/kathleen/catkin_ws/devel/lib/python2.7/dist-packages/pr2_mechanism_controllers/msg/_OdometryMatrix.py
Symlinking /home/kathleen/catkin_ws/devel/lib/python2.7/dist-packages/pr2_mechanism_controllers/msg/_BaseControllerState.py
Symlinking /home/kathleen/catkin_ws/devel/lib/python2.7/dist-packages/pr2_mechanism_controllers/msg/_BaseControllerState2.py
Symlinking /home/kathleen/catkin_ws/devel/lib/python2.7/dist-packages/pr2_mechanism_controllers/msg/_TrackLinkCmd.py
Symlinking /home/kathleen/catkin_ws/devel/lib/python2.7/dist-packages/pr2_mechanism_controllers/msg/_BaseOdometryState.py
Symlinking /home/kathleen/catkin_ws/devel/lib/python2.7/dist-packages/pr2_mechanism_controllers/msg/__init__.py
Symlinking /home/kathleen/catkin_ws/devel/lib/python2.7/dist-packages/pr2_mechanism_controllers/srv/_SetProfile.py
Symlinking /home/kathleen/catkin_ws/devel/lib/python2.7/dist-packages/pr2_mechanism_controllers/srv/__init__.py
Symlinking /home/kathleen/catkin_ws/devel/include/pr2_mechanism_controllers/OdometryMatrix.h
Symlinking /home/kathleen/catkin_ws/devel/include/pr2_mechanism_controllers/Odometer.h
Symlinking /home/kathleen/catkin_ws/devel/include/pr2_mechanism_controllers/SetProfileRequest.h
Symlinking /home/kathleen/catkin_ws/devel/include/pr2_mechanism_controllers/SetProfile.h
Symlinking /home/kathleen/catkin_ws/devel/include/pr2_mechanism_controllers/TrackLinkCmd.h
Symlinking /home/kathleen/catkin_ws/devel/include/pr2_mechanism_controllers/DebugInfo.h
Symlinking /home/kathleen/catkin_ws/devel/include/pr2_mechanism_controllers/BaseControllerState2.h
Symlinking /home/kathleen/catkin_ws/devel/include/pr2_mechanism_controllers/SetProfileResponse.h
Symlinking /home/kathleen/catkin_ws/devel/include/pr2_mechanism_controllers/BaseOdometryState.h
Symlinking /home/kathleen/catkin_ws/devel/include/pr2_mechanism_controllers/BaseControllerState.h
