[  0%] Built target std_msgs_generate_messages_py
[  0%] Built target std_msgs_generate_messages_eus
[  0%] Built target _pr2_mechanism_controllers_generate_messages_check_deps_BaseControllerState2
[  0%] Built target _pr2_mechanism_controllers_generate_messages_check_deps_BaseControllerState
[  0%] Built target _pr2_mechanism_controllers_generate_messages_check_deps_TrackLinkCmd
[  0%] Built target _pr2_mechanism_controllers_generate_messages_check_deps_Odometer
[  0%] Built target _pr2_mechanism_controllers_generate_messages_check_deps_DebugInfo
[  0%] Built target _pr2_mechanism_controllers_generate_messages_check_deps_OdometryMatrix
[  0%] Built target geometry_msgs_generate_messages_nodejs
[  0%] Built target std_msgs_generate_messages_nodejs
[  0%] Built target geometry_msgs_generate_messages_py
[  0%] Built target _pr2_mechanism_controllers_generate_messages_check_deps_BaseOdometryState
[  0%] Built target _pr2_mechanism_controllers_generate_messages_check_deps_SetProfile
[  0%] Built target std_msgs_generate_messages_cpp
[  0%] Built target geometry_msgs_generate_messages_cpp
[  0%] Built target geometry_msgs_generate_messages_eus
[  0%] Built target pr2_msgs_generate_messages_nodejs
[  0%] Built target pr2_msgs_generate_messages_eus
[  0%] Built target pr2_msgs_generate_messages_lisp
[  0%] Built target std_msgs_generate_messages_lisp
[  0%] Built target pr2_msgs_generate_messages_py
[  0%] Built target geometry_msgs_generate_messages_lisp
[ 19%] Built target pr2_mechanism_controllers_generate_messages_py
[ 36%] Built target pr2_mechanism_controllers_generate_messages_eus
[ 36%] Built target pr2_msgs_generate_messages_cpp
[ 36%] Built target pr2_mechanism_controllers_xacro_generated_to_devel_space_
[ 51%] Built target pr2_mechanism_controllers_generate_messages_nodejs
[ 67%] Built target pr2_mechanism_controllers_generate_messages_cpp
[ 82%] Built target pr2_mechanism_controllers_generate_messages_lisp
[ 82%] Built target pr2_mechanism_controllers_generate_messages
[100%] Built target pr2_mechanism_controllers
