[35m[1mScanning dependencies of target _pr2_mechanism_controllers_generate_messages_check_deps_TrackLinkCmd[0m
[35m[1mScanning dependencies of target _pr2_mechanism_controllers_generate_messages_check_deps_BaseControllerState[0m
[35m[1mScanning dependencies of target _pr2_mechanism_controllers_generate_messages_check_deps_DebugInfo[0m
[35m[1mScanning dependencies of target std_msgs_generate_messages_eus[0m
[35m[1mScanning dependencies of target _pr2_mechanism_controllers_generate_messages_check_deps_BaseOdometryState[0m
[35m[1mScanning dependencies of target _pr2_mechanism_controllers_generate_messages_check_deps_BaseControllerState2[0m
[35m[1mScanning dependencies of target std_msgs_generate_messages_py[0m
[35m[1mScanning dependencies of target _pr2_mechanism_controllers_generate_messages_check_deps_Odometer[0m
[  0%] Built target std_msgs_generate_messages_py
[  0%] Built target std_msgs_generate_messages_eus
[  0%] Built target _pr2_mechanism_controllers_generate_messages_check_deps_DebugInfo
[35m[1mScanning dependencies of target _pr2_mechanism_controllers_generate_messages_check_deps_SetProfile[0m
[  0%] Built target _pr2_mechanism_controllers_generate_messages_check_deps_BaseControllerState
[35m[1mScanning dependencies of target _pr2_mechanism_controllers_generate_messages_check_deps_OdometryMatrix[0m
[35m[1mScanning dependencies of target geometry_msgs_generate_messages_py[0m
[  0%] Built target geometry_msgs_generate_messages_py
[  0%] Built target _pr2_mechanism_controllers_generate_messages_check_deps_BaseOdometryState
[  0%] Built target _pr2_mechanism_controllers_generate_messages_check_deps_TrackLinkCmd
[  0%] Built target _pr2_mechanism_controllers_generate_messages_check_deps_Odometer
[35m[1mScanning dependencies of target geometry_msgs_generate_messages_nodejs[0m
[35m[1mScanning dependencies of target std_msgs_generate_messages_nodejs[0m
[35m[1mScanning dependencies of target geometry_msgs_generate_messages_cpp[0m
[35m[1mScanning dependencies of target geometry_msgs_generate_messages_eus[0m
[  0%] Built target std_msgs_generate_messages_nodejs
[  0%] Built target geometry_msgs_generate_messages_cpp
[  0%] Built target _pr2_mechanism_controllers_generate_messages_check_deps_BaseControllerState2
[35m[1mScanning dependencies of target std_msgs_generate_messages_cpp[0m
[  0%] Built target _pr2_mechanism_controllers_generate_messages_check_deps_OdometryMatrix
[  0%] Built target geometry_msgs_generate_messages_nodejs
[  0%] Built target geometry_msgs_generate_messages_eus
[35m[1mScanning dependencies of target pr2_msgs_generate_messages_nodejs[0m
[35m[1mScanning dependencies of target pr2_msgs_generate_messages_lisp[0m
[  0%] Built target _pr2_mechanism_controllers_generate_messages_check_deps_SetProfile
[  0%] Built target std_msgs_generate_messages_cpp
[35m[1mScanning dependencies of target geometry_msgs_generate_messages_lisp[0m
[35m[1mScanning dependencies of target pr2_msgs_generate_messages_py[0m
[35m[1mScanning dependencies of target std_msgs_generate_messages_lisp[0m
[35m[1mScanning dependencies of target pr2_msgs_generate_messages_eus[0m
[  0%] Built target pr2_msgs_generate_messages_nodejs
[  0%] Built target pr2_msgs_generate_messages_lisp
[  0%] Built target geometry_msgs_generate_messages_lisp
[35m[1mScanning dependencies of target pr2_msgs_generate_messages_cpp[0m
[  0%] Built target pr2_msgs_generate_messages_py
[  0%] Built target pr2_msgs_generate_messages_eus
[35m[1mScanning dependencies of target pr2_mechanism_controllers_generate_messages_py[0m
[35m[1mScanning dependencies of target pr2_mechanism_controllers_generate_messages_nodejs[0m
[  0%] Built target std_msgs_generate_messages_lisp
[35m[1mScanning dependencies of target pr2_mechanism_controllers_xacro_generated_to_devel_space_[0m
[35m[1mScanning dependencies of target pr2_mechanism_controllers_generate_messages_cpp[0m
[35m[1mScanning dependencies of target pr2_mechanism_controllers_generate_messages_lisp[0m
[35m[1mScanning dependencies of target pr2_mechanism_controllers_generate_messages_eus[0m
[  0%] Built target pr2_msgs_generate_messages_cpp
[  0%] Built target pr2_mechanism_controllers_xacro_generated_to_devel_space_
[  1%] [34m[1mGenerating Javascript code from pr2_mechanism_controllers/OdometryMatrix.msg[0m
[  3%] [34m[1mGenerating Javascript code from pr2_mechanism_controllers/BaseControllerState2.msg[0m
[  5%] [34m[1mGenerating Python from MSG pr2_mechanism_controllers/BaseControllerState2[0m
[  7%] [34m[1mGenerating Python from MSG pr2_mechanism_controllers/OdometryMatrix[0m
[  9%] [34m[1mGenerating Python from MSG pr2_mechanism_controllers/TrackLinkCmd[0m
[ 11%] [34m[1mGenerating C++ code from pr2_mechanism_controllers/OdometryMatrix.msg[0m
[ 13%] [34m[1mGenerating Lisp code from pr2_mechanism_controllers/OdometryMatrix.msg[0m
[ 15%] [34m[1mGenerating EusLisp code from pr2_mechanism_controllers/OdometryMatrix.msg[0m
[ 17%] [34m[1mGenerating EusLisp code from pr2_mechanism_controllers/BaseControllerState2.msg[0m
[ 19%] [34m[1mGenerating Lisp code from pr2_mechanism_controllers/BaseControllerState2.msg[0m
[ 21%] [34m[1mGenerating Javascript code from pr2_mechanism_controllers/TrackLinkCmd.msg[0m
[ 23%] [34m[1mGenerating Javascript code from pr2_mechanism_controllers/BaseOdometryState.msg[0m
[ 25%] [34m[1mGenerating EusLisp code from pr2_mechanism_controllers/TrackLinkCmd.msg[0m
[ 26%] [34m[1mGenerating EusLisp code from pr2_mechanism_controllers/BaseOdometryState.msg[0m
[ 28%] [34m[1mGenerating Lisp code from pr2_mechanism_controllers/TrackLinkCmd.msg[0m
[ 30%] [34m[1mGenerating Lisp code from pr2_mechanism_controllers/BaseOdometryState.msg[0m
[ 32%] [34m[1mGenerating EusLisp code from pr2_mechanism_controllers/Odometer.msg[0m
[ 34%] [34m[1mGenerating Python from MSG pr2_mechanism_controllers/BaseOdometryState[0m
[ 36%] [34m[1mGenerating Javascript code from pr2_mechanism_controllers/Odometer.msg[0m
[ 38%] [34m[1mGenerating Lisp code from pr2_mechanism_controllers/Odometer.msg[0m
[ 40%] [34m[1mGenerating C++ code from pr2_mechanism_controllers/BaseControllerState2.msg[0m
[ 42%] [34m[1mGenerating EusLisp code from pr2_mechanism_controllers/DebugInfo.msg[0m
[ 44%] [34m[1mGenerating EusLisp code from pr2_mechanism_controllers/BaseControllerState.msg[0m
[ 46%] [34m[1mGenerating EusLisp code from pr2_mechanism_controllers/SetProfile.srv[0m
[ 48%] [34m[1mGenerating EusLisp manifest code for pr2_mechanism_controllers[0m
[ 50%] [34m[1mGenerating Javascript code from pr2_mechanism_controllers/DebugInfo.msg[0m
[ 51%] [34m[1mGenerating Lisp code from pr2_mechanism_controllers/SetProfile.srv[0m
[ 53%] [34m[1mGenerating Lisp code from pr2_mechanism_controllers/BaseControllerState.msg[0m
[ 55%] [34m[1mGenerating Lisp code from pr2_mechanism_controllers/DebugInfo.msg[0m
[ 57%] [34m[1mGenerating Javascript code from pr2_mechanism_controllers/BaseControllerState.msg[0m
[ 59%] [34m[1mGenerating Python from MSG pr2_mechanism_controllers/Odometer[0m
[ 61%] [34m[1mGenerating Javascript code from pr2_mechanism_controllers/SetProfile.srv[0m
[ 63%] [34m[1mGenerating Python from MSG pr2_mechanism_controllers/DebugInfo[0m
[ 65%] [34m[1mGenerating Python from MSG pr2_mechanism_controllers/BaseControllerState[0m
[ 67%] [34m[1mGenerating C++ code from pr2_mechanism_controllers/TrackLinkCmd.msg[0m
[ 69%] [34m[1mGenerating C++ code from pr2_mechanism_controllers/BaseOdometryState.msg[0m
[ 71%] [34m[1mGenerating Python code from SRV pr2_mechanism_controllers/SetProfile[0m
[ 73%] [34m[1mGenerating C++ code from pr2_mechanism_controllers/Odometer.msg[0m
[ 75%] [34m[1mGenerating C++ code from pr2_mechanism_controllers/DebugInfo.msg[0m
[ 75%] Built target pr2_mechanism_controllers_generate_messages_nodejs
[ 75%] Built target pr2_mechanism_controllers_generate_messages_lisp
[ 76%] [34m[1mGenerating C++ code from pr2_mechanism_controllers/BaseControllerState.msg[0m
[ 78%] [34m[1mGenerating C++ code from pr2_mechanism_controllers/SetProfile.srv[0m
[ 80%] [34m[1mGenerating Python msg __init__.py for pr2_mechanism_controllers[0m
[ 82%] [34m[1mGenerating Python srv __init__.py for pr2_mechanism_controllers[0m
[ 82%] Built target pr2_mechanism_controllers_generate_messages_py
[ 82%] Built target pr2_mechanism_controllers_generate_messages_cpp
[ 82%] Built target pr2_mechanism_controllers_generate_messages_eus
[35m[1mScanning dependencies of target pr2_mechanism_controllers_generate_messages[0m
[35m[1mScanning dependencies of target pr2_mechanism_controllers[0m
[ 82%] Built target pr2_mechanism_controllers_generate_messages
[ 84%] [32mBuilding CXX object CMakeFiles/pr2_mechanism_controllers.dir/src/base_kinematics.cpp.o[0m
[ 86%] [32mBuilding CXX object CMakeFiles/pr2_mechanism_controllers.dir/src/caster_controller.cpp.o[0m
[ 88%] [32mBuilding CXX object CMakeFiles/pr2_mechanism_controllers.dir/src/laser_scanner_traj_controller.cpp.o[0m
[ 90%] [32mBuilding CXX object CMakeFiles/pr2_mechanism_controllers.dir/src/pr2_odometry.cpp.o[0m
[ 92%] [32mBuilding CXX object CMakeFiles/pr2_mechanism_controllers.dir/src/pr2_base_controller.cpp.o[0m
[ 94%] [32mBuilding CXX object CMakeFiles/pr2_mechanism_controllers.dir/src/pr2_gripper_controller.cpp.o[0m
[ 96%] [32mBuilding CXX object CMakeFiles/pr2_mechanism_controllers.dir/src/trajectory.cpp.o[0m
[ 98%] [32mBuilding CXX object CMakeFiles/pr2_mechanism_controllers.dir/src/pr2_base_controller2.cpp.o[0m
[100%] [32m[1mLinking CXX shared library /home/kathleen/catkin_ws/devel/.private/pr2_mechanism_controllers/lib/libpr2_mechanism_controllers.so[0m
[100%] Built target pr2_mechanism_controllers
