Symlinking /home/kathleen/fetch_ws/devel/share/moveit_ros_planning_interface/cmake/moveit_ros_planning_interfaceConfig-version.cmake
Symlinking /home/kathleen/fetch_ws/devel/share/moveit_ros_planning_interface/cmake/moveit_ros_planning_interfaceConfig.cmake
Symlinking /home/kathleen/fetch_ws/devel/lib/libmoveit_move_group_interface.so.0.9.11
Symlinking /home/kathleen/fetch_ws/devel/lib/libmoveit_py_bindings_tools.so.0.9.11
Symlinking /home/kathleen/fetch_ws/devel/lib/libmoveit_planning_scene_interface.so.0.9.11
Symlinking /home/kathleen/fetch_ws/devel/lib/libmoveit_common_planning_interface_objects.so
Symlinking /home/kathleen/fetch_ws/devel/lib/libmoveit_planning_scene_interface.so
Symlinking /home/kathleen/fetch_ws/devel/lib/libmoveit_common_planning_interface_objects.so.0.9.11
Symlinking /home/kathleen/fetch_ws/devel/lib/libmoveit_py_bindings_tools.so
Symlinking /home/kathleen/fetch_ws/devel/lib/libmoveit_move_group_interface.so
Symlinking /home/kathleen/fetch_ws/devel/lib/pkgconfig/moveit_ros_planning_interface.pc
Symlinking /home/kathleen/fetch_ws/devel/lib/moveit_ros_planning_interface/demo
Symlinking /home/kathleen/fetch_ws/devel/lib/python2.7/dist-packages/moveit_ros_planning_interface/_moveit_robot_interface.so
Symlinking /home/kathleen/fetch_ws/devel/lib/python2.7/dist-packages/moveit_ros_planning_interface/_moveit_planning_scene_interface.so
Symlinking /home/kathleen/fetch_ws/devel/lib/python2.7/dist-packages/moveit_ros_planning_interface/_moveit_planning_scene_interface.so.0.9.11
Symlinking /home/kathleen/fetch_ws/devel/lib/python2.7/dist-packages/moveit_ros_planning_interface/_moveit_robot_interface.so.0.9.11
Symlinking /home/kathleen/fetch_ws/devel/lib/python2.7/dist-packages/moveit_ros_planning_interface/_moveit_move_group_interface.so
Symlinking /home/kathleen/fetch_ws/devel/lib/python2.7/dist-packages/moveit_ros_planning_interface/_moveit_roscpp_initializer.so
Symlinking /home/kathleen/fetch_ws/devel/lib/python2.7/dist-packages/moveit_ros_planning_interface/_moveit_roscpp_initializer.so.0.9.11
Symlinking /home/kathleen/fetch_ws/devel/lib/python2.7/dist-packages/moveit_ros_planning_interface/_moveit_move_group_interface.so.0.9.11
Symlinking /home/kathleen/fetch_ws/devel/lib/python2.7/dist-packages/moveit_ros_planning_interface/__init__.py
