Determining if the pthread_create exist failed with the following output:
Change Dir: /home/kathleen/fetch_ws/build/moveit_planners_ompl/CMakeFiles/CMakeTmp

Run Build Command:"/usr/bin/make" "cmTC_ec431/fast"
/usr/bin/make -f CMakeFiles/cmTC_ec431.dir/build.make CMakeFiles/cmTC_ec431.dir/build
make[1]: Entering directory '/home/kathleen/fetch_ws/build/moveit_planners_ompl/CMakeFiles/CMakeTmp'
Building C object CMakeFiles/cmTC_ec431.dir/CheckSymbolExists.c.o
/usr/bin/cc     -o CMakeFiles/cmTC_ec431.dir/CheckSymbolExists.c.o   -c /home/kathleen/fetch_ws/build/moveit_planners_ompl/CMakeFiles/CMakeTmp/CheckSymbolExists.c
Linking C executable cmTC_ec431
/usr/bin/cmake -E cmake_link_script CMakeFiles/cmTC_ec431.dir/link.txt --verbose=1
/usr/bin/cc       CMakeFiles/cmTC_ec431.dir/CheckSymbolExists.c.o  -o cmTC_ec431 -rdynamic 
CMakeFiles/cmTC_ec431.dir/CheckSymbolExists.c.o: In function `main':
CheckSymbolExists.c:(.text+0x16): undefined reference to `pthread_create'
collect2: error: ld returned 1 exit status
CMakeFiles/cmTC_ec431.dir/build.make:97: recipe for target 'cmTC_ec431' failed
make[1]: *** [cmTC_ec431] Error 1
make[1]: Leaving directory '/home/kathleen/fetch_ws/build/moveit_planners_ompl/CMakeFiles/CMakeTmp'
Makefile:126: recipe for target 'cmTC_ec431/fast' failed
make: *** [cmTC_ec431/fast] Error 2

File /home/kathleen/fetch_ws/build/moveit_planners_ompl/CMakeFiles/CMakeTmp/CheckSymbolExists.c:
/* */
#include <pthread.h>

int main(int argc, char** argv)
{
  (void)argv;
#ifndef pthread_create
  return ((int*)(&pthread_create))[argc];
#else
  (void)argc;
  return 0;
#endif
}

Determining if the function pthread_create exists in the pthreads failed with the following output:
Change Dir: /home/kathleen/fetch_ws/build/moveit_planners_ompl/CMakeFiles/CMakeTmp

Run Build Command:"/usr/bin/make" "cmTC_63235/fast"
/usr/bin/make -f CMakeFiles/cmTC_63235.dir/build.make CMakeFiles/cmTC_63235.dir/build
make[1]: Entering directory '/home/kathleen/fetch_ws/build/moveit_planners_ompl/CMakeFiles/CMakeTmp'
Building C object CMakeFiles/cmTC_63235.dir/CheckFunctionExists.c.o
/usr/bin/cc    -DCHECK_FUNCTION_EXISTS=pthread_create   -o CMakeFiles/cmTC_63235.dir/CheckFunctionExists.c.o   -c /usr/share/cmake-3.5/Modules/CheckFunctionExists.c
Linking C executable cmTC_63235
/usr/bin/cmake -E cmake_link_script CMakeFiles/cmTC_63235.dir/link.txt --verbose=1
/usr/bin/cc   -DCHECK_FUNCTION_EXISTS=pthread_create    CMakeFiles/cmTC_63235.dir/CheckFunctionExists.c.o  -o cmTC_63235 -rdynamic -lpthreads 
/usr/bin/ld: cannot find -lpthreads
collect2: error: ld returned 1 exit status
CMakeFiles/cmTC_63235.dir/build.make:97: recipe for target 'cmTC_63235' failed
make[1]: *** [cmTC_63235] Error 1
make[1]: Leaving directory '/home/kathleen/fetch_ws/build/moveit_planners_ompl/CMakeFiles/CMakeTmp'
Makefile:126: recipe for target 'cmTC_63235/fast' failed
make: *** [cmTC_63235/fast] Error 2


