Determining if the pthread_create exist failed with the following output:
Change Dir: /home/kathleen/catkin_ws/build/gazebo_msgs/CMakeFiles/CMakeTmp

Run Build Command:"/usr/bin/make" "cmTC_7818f/fast"
/usr/bin/make -f CMakeFiles/cmTC_7818f.dir/build.make CMakeFiles/cmTC_7818f.dir/build
make[1]: Entering directory '/home/kathleen/catkin_ws/build/gazebo_msgs/CMakeFiles/CMakeTmp'
Building C object CMakeFiles/cmTC_7818f.dir/CheckSymbolExists.c.o
/usr/bin/cc     -o CMakeFiles/cmTC_7818f.dir/CheckSymbolExists.c.o   -c /home/kathleen/catkin_ws/build/gazebo_msgs/CMakeFiles/CMakeTmp/CheckSymbolExists.c
Linking C executable cmTC_7818f
/usr/bin/cmake -E cmake_link_script CMakeFiles/cmTC_7818f.dir/link.txt --verbose=1
/usr/bin/cc       CMakeFiles/cmTC_7818f.dir/CheckSymbolExists.c.o  -o cmTC_7818f -rdynamic 
CMakeFiles/cmTC_7818f.dir/CheckSymbolExists.c.o: In function `main':
CheckSymbolExists.c:(.text+0x16): undefined reference to `pthread_create'
collect2: error: ld returned 1 exit status
CMakeFiles/cmTC_7818f.dir/build.make:97: recipe for target 'cmTC_7818f' failed
make[1]: *** [cmTC_7818f] Error 1
make[1]: Leaving directory '/home/kathleen/catkin_ws/build/gazebo_msgs/CMakeFiles/CMakeTmp'
Makefile:126: recipe for target 'cmTC_7818f/fast' failed
make: *** [cmTC_7818f/fast] Error 2

File /home/kathleen/catkin_ws/build/gazebo_msgs/CMakeFiles/CMakeTmp/CheckSymbolExists.c:
/* */
#include <pthread.h>

int main(int argc, char** argv)
{
  (void)argv;
#ifndef pthread_create
  return ((int*)(&pthread_create))[argc];
#else
  (void)argc;
  return 0;
#endif
}

Determining if the function pthread_create exists in the pthreads failed with the following output:
Change Dir: /home/kathleen/catkin_ws/build/gazebo_msgs/CMakeFiles/CMakeTmp

Run Build Command:"/usr/bin/make" "cmTC_b6004/fast"
/usr/bin/make -f CMakeFiles/cmTC_b6004.dir/build.make CMakeFiles/cmTC_b6004.dir/build
make[1]: Entering directory '/home/kathleen/catkin_ws/build/gazebo_msgs/CMakeFiles/CMakeTmp'
Building C object CMakeFiles/cmTC_b6004.dir/CheckFunctionExists.c.o
/usr/bin/cc    -DCHECK_FUNCTION_EXISTS=pthread_create   -o CMakeFiles/cmTC_b6004.dir/CheckFunctionExists.c.o   -c /usr/share/cmake-3.5/Modules/CheckFunctionExists.c
Linking C executable cmTC_b6004
/usr/bin/cmake -E cmake_link_script CMakeFiles/cmTC_b6004.dir/link.txt --verbose=1
/usr/bin/cc   -DCHECK_FUNCTION_EXISTS=pthread_create    CMakeFiles/cmTC_b6004.dir/CheckFunctionExists.c.o  -o cmTC_b6004 -rdynamic -lpthreads 
/usr/bin/ld: cannot find -lpthreads
collect2: error: ld returned 1 exit status
CMakeFiles/cmTC_b6004.dir/build.make:97: recipe for target 'cmTC_b6004' failed
make[1]: *** [cmTC_b6004] Error 1
make[1]: Leaving directory '/home/kathleen/catkin_ws/build/gazebo_msgs/CMakeFiles/CMakeTmp'
Makefile:126: recipe for target 'cmTC_b6004/fast' failed
make: *** [cmTC_b6004/fast] Error 2


