Linked: (/home/kathleen/catkin_ws/devel/.private/pr2_common_action_msgs/share/roseus/ros/pr2_common_action_msgs/manifest.l, /home/kathleen/catkin_ws/devel/share/roseus/ros/pr2_common_action_msgs/manifest.l)
Linked: (/home/kathleen/catkin_ws/devel/.private/pr2_common_action_msgs/share/roseus/ros/pr2_common_action_msgs/msg/ArmMoveIKActionFeedback.l, /home/kathleen/catkin_ws/devel/share/roseus/ros/pr2_common_action_msgs/msg/ArmMoveIKActionFeedback.l)
Linked: (/home/kathleen/catkin_ws/devel/.private/pr2_common_action_msgs/share/roseus/ros/pr2_common_action_msgs/msg/TuckArmsActionGoal.l, /home/kathleen/catkin_ws/devel/share/roseus/ros/pr2_common_action_msgs/msg/TuckArmsActionGoal.l)
Linked: (/home/kathleen/catkin_ws/devel/.private/pr2_common_action_msgs/share/roseus/ros/pr2_common_action_msgs/msg/ArmMoveIKAction.l, /home/kathleen/catkin_ws/devel/share/roseus/ros/pr2_common_action_msgs/msg/ArmMoveIKAction.l)
Linked: (/home/kathleen/catkin_ws/devel/.private/pr2_common_action_msgs/share/roseus/ros/pr2_common_action_msgs/msg/ArmMoveIKActionResult.l, /home/kathleen/catkin_ws/devel/share/roseus/ros/pr2_common_action_msgs/msg/ArmMoveIKActionResult.l)
Linked: (/home/kathleen/catkin_ws/devel/.private/pr2_common_action_msgs/share/roseus/ros/pr2_common_action_msgs/msg/TuckArmsActionFeedback.l, /home/kathleen/catkin_ws/devel/share/roseus/ros/pr2_common_action_msgs/msg/TuckArmsActionFeedback.l)
Linked: (/home/kathleen/catkin_ws/devel/.private/pr2_common_action_msgs/share/roseus/ros/pr2_common_action_msgs/msg/ArmMoveIKActionGoal.l, /home/kathleen/catkin_ws/devel/share/roseus/ros/pr2_common_action_msgs/msg/ArmMoveIKActionGoal.l)
Linked: (/home/kathleen/catkin_ws/devel/.private/pr2_common_action_msgs/share/roseus/ros/pr2_common_action_msgs/msg/TuckArmsAction.l, /home/kathleen/catkin_ws/devel/share/roseus/ros/pr2_common_action_msgs/msg/TuckArmsAction.l)
Linked: (/home/kathleen/catkin_ws/devel/.private/pr2_common_action_msgs/share/roseus/ros/pr2_common_action_msgs/msg/ArmMoveIKFeedback.l, /home/kathleen/catkin_ws/devel/share/roseus/ros/pr2_common_action_msgs/msg/ArmMoveIKFeedback.l)
Linked: (/home/kathleen/catkin_ws/devel/.private/pr2_common_action_msgs/share/roseus/ros/pr2_common_action_msgs/msg/TuckArmsGoal.l, /home/kathleen/catkin_ws/devel/share/roseus/ros/pr2_common_action_msgs/msg/TuckArmsGoal.l)
Linked: (/home/kathleen/catkin_ws/devel/.private/pr2_common_action_msgs/share/roseus/ros/pr2_common_action_msgs/msg/ArmMoveIKGoal.l, /home/kathleen/catkin_ws/devel/share/roseus/ros/pr2_common_action_msgs/msg/ArmMoveIKGoal.l)
Linked: (/home/kathleen/catkin_ws/devel/.private/pr2_common_action_msgs/share/roseus/ros/pr2_common_action_msgs/msg/TuckArmsActionResult.l, /home/kathleen/catkin_ws/devel/share/roseus/ros/pr2_common_action_msgs/msg/TuckArmsActionResult.l)
Linked: (/home/kathleen/catkin_ws/devel/.private/pr2_common_action_msgs/share/roseus/ros/pr2_common_action_msgs/msg/TuckArmsResult.l, /home/kathleen/catkin_ws/devel/share/roseus/ros/pr2_common_action_msgs/msg/TuckArmsResult.l)
Linked: (/home/kathleen/catkin_ws/devel/.private/pr2_common_action_msgs/share/roseus/ros/pr2_common_action_msgs/msg/TuckArmsFeedback.l, /home/kathleen/catkin_ws/devel/share/roseus/ros/pr2_common_action_msgs/msg/TuckArmsFeedback.l)
Linked: (/home/kathleen/catkin_ws/devel/.private/pr2_common_action_msgs/share/roseus/ros/pr2_common_action_msgs/msg/ArmMoveIKResult.l, /home/kathleen/catkin_ws/devel/share/roseus/ros/pr2_common_action_msgs/msg/ArmMoveIKResult.l)
Linked: (/home/kathleen/catkin_ws/devel/.private/pr2_common_action_msgs/share/pr2_common_action_msgs/cmake/pr2_common_action_msgs-msg-paths.cmake, /home/kathleen/catkin_ws/devel/share/pr2_common_action_msgs/cmake/pr2_common_action_msgs-msg-paths.cmake)
Linked: (/home/kathleen/catkin_ws/devel/.private/pr2_common_action_msgs/share/pr2_common_action_msgs/cmake/pr2_common_action_msgsConfig-version.cmake, /home/kathleen/catkin_ws/devel/share/pr2_common_action_msgs/cmake/pr2_common_action_msgsConfig-version.cmake)
Linked: (/home/kathleen/catkin_ws/devel/.private/pr2_common_action_msgs/share/pr2_common_action_msgs/cmake/pr2_common_action_msgs-msg-extras.cmake, /home/kathleen/catkin_ws/devel/share/pr2_common_action_msgs/cmake/pr2_common_action_msgs-msg-extras.cmake)
Linked: (/home/kathleen/catkin_ws/devel/.private/pr2_common_action_msgs/share/pr2_common_action_msgs/cmake/pr2_common_action_msgsConfig.cmake, /home/kathleen/catkin_ws/devel/share/pr2_common_action_msgs/cmake/pr2_common_action_msgsConfig.cmake)
Linked: (/home/kathleen/catkin_ws/devel/.private/pr2_common_action_msgs/share/pr2_common_action_msgs/msg/TuckArmsActionFeedback.msg, /home/kathleen/catkin_ws/devel/share/pr2_common_action_msgs/msg/TuckArmsActionFeedback.msg)
Linked: (/home/kathleen/catkin_ws/devel/.private/pr2_common_action_msgs/share/pr2_common_action_msgs/msg/TuckArmsActionResult.msg, /home/kathleen/catkin_ws/devel/share/pr2_common_action_msgs/msg/TuckArmsActionResult.msg)
Linked: (/home/kathleen/catkin_ws/devel/.private/pr2_common_action_msgs/share/pr2_common_action_msgs/msg/ArmMoveIKResult.msg, /home/kathleen/catkin_ws/devel/share/pr2_common_action_msgs/msg/ArmMoveIKResult.msg)
Linked: (/home/kathleen/catkin_ws/devel/.private/pr2_common_action_msgs/share/pr2_common_action_msgs/msg/TuckArmsActionGoal.msg, /home/kathleen/catkin_ws/devel/share/pr2_common_action_msgs/msg/TuckArmsActionGoal.msg)
Linked: (/home/kathleen/catkin_ws/devel/.private/pr2_common_action_msgs/share/pr2_common_action_msgs/msg/ArmMoveIKActionFeedback.msg, /home/kathleen/catkin_ws/devel/share/pr2_common_action_msgs/msg/ArmMoveIKActionFeedback.msg)
Linked: (/home/kathleen/catkin_ws/devel/.private/pr2_common_action_msgs/share/pr2_common_action_msgs/msg/ArmMoveIKActionGoal.msg, /home/kathleen/catkin_ws/devel/share/pr2_common_action_msgs/msg/ArmMoveIKActionGoal.msg)
Linked: (/home/kathleen/catkin_ws/devel/.private/pr2_common_action_msgs/share/pr2_common_action_msgs/msg/TuckArmsAction.msg, /home/kathleen/catkin_ws/devel/share/pr2_common_action_msgs/msg/TuckArmsAction.msg)
Linked: (/home/kathleen/catkin_ws/devel/.private/pr2_common_action_msgs/share/pr2_common_action_msgs/msg/TuckArmsGoal.msg, /home/kathleen/catkin_ws/devel/share/pr2_common_action_msgs/msg/TuckArmsGoal.msg)
Linked: (/home/kathleen/catkin_ws/devel/.private/pr2_common_action_msgs/share/pr2_common_action_msgs/msg/TuckArmsResult.msg, /home/kathleen/catkin_ws/devel/share/pr2_common_action_msgs/msg/TuckArmsResult.msg)
Linked: (/home/kathleen/catkin_ws/devel/.private/pr2_common_action_msgs/share/pr2_common_action_msgs/msg/ArmMoveIKGoal.msg, /home/kathleen/catkin_ws/devel/share/pr2_common_action_msgs/msg/ArmMoveIKGoal.msg)
Linked: (/home/kathleen/catkin_ws/devel/.private/pr2_common_action_msgs/share/pr2_common_action_msgs/msg/TuckArmsFeedback.msg, /home/kathleen/catkin_ws/devel/share/pr2_common_action_msgs/msg/TuckArmsFeedback.msg)
Linked: (/home/kathleen/catkin_ws/devel/.private/pr2_common_action_msgs/share/pr2_common_action_msgs/msg/ArmMoveIKAction.msg, /home/kathleen/catkin_ws/devel/share/pr2_common_action_msgs/msg/ArmMoveIKAction.msg)
Linked: (/home/kathleen/catkin_ws/devel/.private/pr2_common_action_msgs/share/pr2_common_action_msgs/msg/ArmMoveIKFeedback.msg, /home/kathleen/catkin_ws/devel/share/pr2_common_action_msgs/msg/ArmMoveIKFeedback.msg)
Linked: (/home/kathleen/catkin_ws/devel/.private/pr2_common_action_msgs/share/pr2_common_action_msgs/msg/ArmMoveIKActionResult.msg, /home/kathleen/catkin_ws/devel/share/pr2_common_action_msgs/msg/ArmMoveIKActionResult.msg)
Linked: (/home/kathleen/catkin_ws/devel/.private/pr2_common_action_msgs/share/common-lisp/ros/pr2_common_action_msgs/msg/_package_ArmMoveIKActionFeedback.lisp, /home/kathleen/catkin_ws/devel/share/common-lisp/ros/pr2_common_action_msgs/msg/_package_ArmMoveIKActionFeedback.lisp)
Linked: (/home/kathleen/catkin_ws/devel/.private/pr2_common_action_msgs/share/common-lisp/ros/pr2_common_action_msgs/msg/_package_TuckArmsActionFeedback.lisp, /home/kathleen/catkin_ws/devel/share/common-lisp/ros/pr2_common_action_msgs/msg/_package_TuckArmsActionFeedback.lisp)
Linked: (/home/kathleen/catkin_ws/devel/.private/pr2_common_action_msgs/share/common-lisp/ros/pr2_common_action_msgs/msg/_package_TuckArmsFeedback.lisp, /home/kathleen/catkin_ws/devel/share/common-lisp/ros/pr2_common_action_msgs/msg/_package_TuckArmsFeedback.lisp)
Linked: (/home/kathleen/catkin_ws/devel/.private/pr2_common_action_msgs/share/common-lisp/ros/pr2_common_action_msgs/msg/ArmMoveIKActionFeedback.lisp, /home/kathleen/catkin_ws/devel/share/common-lisp/ros/pr2_common_action_msgs/msg/ArmMoveIKActionFeedback.lisp)
Linked: (/home/kathleen/catkin_ws/devel/.private/pr2_common_action_msgs/share/common-lisp/ros/pr2_common_action_msgs/msg/_package_ArmMoveIKResult.lisp, /home/kathleen/catkin_ws/devel/share/common-lisp/ros/pr2_common_action_msgs/msg/_package_ArmMoveIKResult.lisp)
Linked: (/home/kathleen/catkin_ws/devel/.private/pr2_common_action_msgs/share/common-lisp/ros/pr2_common_action_msgs/msg/_package_ArmMoveIKActionResult.lisp, /home/kathleen/catkin_ws/devel/share/common-lisp/ros/pr2_common_action_msgs/msg/_package_ArmMoveIKActionResult.lisp)
Linked: (/home/kathleen/catkin_ws/devel/.private/pr2_common_action_msgs/share/common-lisp/ros/pr2_common_action_msgs/msg/TuckArmsActionFeedback.lisp, /home/kathleen/catkin_ws/devel/share/common-lisp/ros/pr2_common_action_msgs/msg/TuckArmsActionFeedback.lisp)
Linked: (/home/kathleen/catkin_ws/devel/.private/pr2_common_action_msgs/share/common-lisp/ros/pr2_common_action_msgs/msg/TuckArmsActionGoal.lisp, /home/kathleen/catkin_ws/devel/share/common-lisp/ros/pr2_common_action_msgs/msg/TuckArmsActionGoal.lisp)
Linked: (/home/kathleen/catkin_ws/devel/.private/pr2_common_action_msgs/share/common-lisp/ros/pr2_common_action_msgs/msg/ArmMoveIKGoal.lisp, /home/kathleen/catkin_ws/devel/share/common-lisp/ros/pr2_common_action_msgs/msg/ArmMoveIKGoal.lisp)
Linked: (/home/kathleen/catkin_ws/devel/.private/pr2_common_action_msgs/share/common-lisp/ros/pr2_common_action_msgs/msg/ArmMoveIKResult.lisp, /home/kathleen/catkin_ws/devel/share/common-lisp/ros/pr2_common_action_msgs/msg/ArmMoveIKResult.lisp)
Linked: (/home/kathleen/catkin_ws/devel/.private/pr2_common_action_msgs/share/common-lisp/ros/pr2_common_action_msgs/msg/_package_ArmMoveIKActionGoal.lisp, /home/kathleen/catkin_ws/devel/share/common-lisp/ros/pr2_common_action_msgs/msg/_package_ArmMoveIKActionGoal.lisp)
Linked: (/home/kathleen/catkin_ws/devel/.private/pr2_common_action_msgs/share/common-lisp/ros/pr2_common_action_msgs/msg/_package_TuckArmsAction.lisp, /home/kathleen/catkin_ws/devel/share/common-lisp/ros/pr2_common_action_msgs/msg/_package_TuckArmsAction.lisp)
Linked: (/home/kathleen/catkin_ws/devel/.private/pr2_common_action_msgs/share/common-lisp/ros/pr2_common_action_msgs/msg/ArmMoveIKAction.lisp, /home/kathleen/catkin_ws/devel/share/common-lisp/ros/pr2_common_action_msgs/msg/ArmMoveIKAction.lisp)
Linked: (/home/kathleen/catkin_ws/devel/.private/pr2_common_action_msgs/share/common-lisp/ros/pr2_common_action_msgs/msg/_package_TuckArmsResult.lisp, /home/kathleen/catkin_ws/devel/share/common-lisp/ros/pr2_common_action_msgs/msg/_package_TuckArmsResult.lisp)
Linked: (/home/kathleen/catkin_ws/devel/.private/pr2_common_action_msgs/share/common-lisp/ros/pr2_common_action_msgs/msg/_package_TuckArmsGoal.lisp, /home/kathleen/catkin_ws/devel/share/common-lisp/ros/pr2_common_action_msgs/msg/_package_TuckArmsGoal.lisp)
Linked: (/home/kathleen/catkin_ws/devel/.private/pr2_common_action_msgs/share/common-lisp/ros/pr2_common_action_msgs/msg/TuckArmsGoal.lisp, /home/kathleen/catkin_ws/devel/share/common-lisp/ros/pr2_common_action_msgs/msg/TuckArmsGoal.lisp)
Linked: (/home/kathleen/catkin_ws/devel/.private/pr2_common_action_msgs/share/common-lisp/ros/pr2_common_action_msgs/msg/pr2_common_action_msgs-msg.asd, /home/kathleen/catkin_ws/devel/share/common-lisp/ros/pr2_common_action_msgs/msg/pr2_common_action_msgs-msg.asd)
Linked: (/home/kathleen/catkin_ws/devel/.private/pr2_common_action_msgs/share/common-lisp/ros/pr2_common_action_msgs/msg/_package_ArmMoveIKGoal.lisp, /home/kathleen/catkin_ws/devel/share/common-lisp/ros/pr2_common_action_msgs/msg/_package_ArmMoveIKGoal.lisp)
Linked: (/home/kathleen/catkin_ws/devel/.private/pr2_common_action_msgs/share/common-lisp/ros/pr2_common_action_msgs/msg/_package_TuckArmsActionResult.lisp, /home/kathleen/catkin_ws/devel/share/common-lisp/ros/pr2_common_action_msgs/msg/_package_TuckArmsActionResult.lisp)
Linked: (/home/kathleen/catkin_ws/devel/.private/pr2_common_action_msgs/share/common-lisp/ros/pr2_common_action_msgs/msg/TuckArmsResult.lisp, /home/kathleen/catkin_ws/devel/share/common-lisp/ros/pr2_common_action_msgs/msg/TuckArmsResult.lisp)
Linked: (/home/kathleen/catkin_ws/devel/.private/pr2_common_action_msgs/share/common-lisp/ros/pr2_common_action_msgs/msg/TuckArmsFeedback.lisp, /home/kathleen/catkin_ws/devel/share/common-lisp/ros/pr2_common_action_msgs/msg/TuckArmsFeedback.lisp)
Linked: (/home/kathleen/catkin_ws/devel/.private/pr2_common_action_msgs/share/common-lisp/ros/pr2_common_action_msgs/msg/ArmMoveIKActionResult.lisp, /home/kathleen/catkin_ws/devel/share/common-lisp/ros/pr2_common_action_msgs/msg/ArmMoveIKActionResult.lisp)
Linked: (/home/kathleen/catkin_ws/devel/.private/pr2_common_action_msgs/share/common-lisp/ros/pr2_common_action_msgs/msg/TuckArmsActionResult.lisp, /home/kathleen/catkin_ws/devel/share/common-lisp/ros/pr2_common_action_msgs/msg/TuckArmsActionResult.lisp)
Linked: (/home/kathleen/catkin_ws/devel/.private/pr2_common_action_msgs/share/common-lisp/ros/pr2_common_action_msgs/msg/ArmMoveIKFeedback.lisp, /home/kathleen/catkin_ws/devel/share/common-lisp/ros/pr2_common_action_msgs/msg/ArmMoveIKFeedback.lisp)
Linked: (/home/kathleen/catkin_ws/devel/.private/pr2_common_action_msgs/share/common-lisp/ros/pr2_common_action_msgs/msg/TuckArmsAction.lisp, /home/kathleen/catkin_ws/devel/share/common-lisp/ros/pr2_common_action_msgs/msg/TuckArmsAction.lisp)
Linked: (/home/kathleen/catkin_ws/devel/.private/pr2_common_action_msgs/share/common-lisp/ros/pr2_common_action_msgs/msg/_package_TuckArmsActionGoal.lisp, /home/kathleen/catkin_ws/devel/share/common-lisp/ros/pr2_common_action_msgs/msg/_package_TuckArmsActionGoal.lisp)
Linked: (/home/kathleen/catkin_ws/devel/.private/pr2_common_action_msgs/share/common-lisp/ros/pr2_common_action_msgs/msg/_package_ArmMoveIKFeedback.lisp, /home/kathleen/catkin_ws/devel/share/common-lisp/ros/pr2_common_action_msgs/msg/_package_ArmMoveIKFeedback.lisp)
Linked: (/home/kathleen/catkin_ws/devel/.private/pr2_common_action_msgs/share/common-lisp/ros/pr2_common_action_msgs/msg/ArmMoveIKActionGoal.lisp, /home/kathleen/catkin_ws/devel/share/common-lisp/ros/pr2_common_action_msgs/msg/ArmMoveIKActionGoal.lisp)
Linked: (/home/kathleen/catkin_ws/devel/.private/pr2_common_action_msgs/share/common-lisp/ros/pr2_common_action_msgs/msg/_package.lisp, /home/kathleen/catkin_ws/devel/share/common-lisp/ros/pr2_common_action_msgs/msg/_package.lisp)
Linked: (/home/kathleen/catkin_ws/devel/.private/pr2_common_action_msgs/share/common-lisp/ros/pr2_common_action_msgs/msg/_package_ArmMoveIKAction.lisp, /home/kathleen/catkin_ws/devel/share/common-lisp/ros/pr2_common_action_msgs/msg/_package_ArmMoveIKAction.lisp)
Linked: (/home/kathleen/catkin_ws/devel/.private/pr2_common_action_msgs/share/gennodejs/ros/pr2_common_action_msgs/_index.js, /home/kathleen/catkin_ws/devel/share/gennodejs/ros/pr2_common_action_msgs/_index.js)
Linked: (/home/kathleen/catkin_ws/devel/.private/pr2_common_action_msgs/share/gennodejs/ros/pr2_common_action_msgs/msg/ArmMoveIKActionGoal.js, /home/kathleen/catkin_ws/devel/share/gennodejs/ros/pr2_common_action_msgs/msg/ArmMoveIKActionGoal.js)
Linked: (/home/kathleen/catkin_ws/devel/.private/pr2_common_action_msgs/share/gennodejs/ros/pr2_common_action_msgs/msg/TuckArmsGoal.js, /home/kathleen/catkin_ws/devel/share/gennodejs/ros/pr2_common_action_msgs/msg/TuckArmsGoal.js)
Linked: (/home/kathleen/catkin_ws/devel/.private/pr2_common_action_msgs/share/gennodejs/ros/pr2_common_action_msgs/msg/ArmMoveIKFeedback.js, /home/kathleen/catkin_ws/devel/share/gennodejs/ros/pr2_common_action_msgs/msg/ArmMoveIKFeedback.js)
Linked: (/home/kathleen/catkin_ws/devel/.private/pr2_common_action_msgs/share/gennodejs/ros/pr2_common_action_msgs/msg/TuckArmsAction.js, /home/kathleen/catkin_ws/devel/share/gennodejs/ros/pr2_common_action_msgs/msg/TuckArmsAction.js)
Linked: (/home/kathleen/catkin_ws/devel/.private/pr2_common_action_msgs/share/gennodejs/ros/pr2_common_action_msgs/msg/TuckArmsResult.js, /home/kathleen/catkin_ws/devel/share/gennodejs/ros/pr2_common_action_msgs/msg/TuckArmsResult.js)
Linked: (/home/kathleen/catkin_ws/devel/.private/pr2_common_action_msgs/share/gennodejs/ros/pr2_common_action_msgs/msg/ArmMoveIKActionFeedback.js, /home/kathleen/catkin_ws/devel/share/gennodejs/ros/pr2_common_action_msgs/msg/ArmMoveIKActionFeedback.js)
Linked: (/home/kathleen/catkin_ws/devel/.private/pr2_common_action_msgs/share/gennodejs/ros/pr2_common_action_msgs/msg/TuckArmsFeedback.js, /home/kathleen/catkin_ws/devel/share/gennodejs/ros/pr2_common_action_msgs/msg/TuckArmsFeedback.js)
Linked: (/home/kathleen/catkin_ws/devel/.private/pr2_common_action_msgs/share/gennodejs/ros/pr2_common_action_msgs/msg/TuckArmsActionGoal.js, /home/kathleen/catkin_ws/devel/share/gennodejs/ros/pr2_common_action_msgs/msg/TuckArmsActionGoal.js)
Linked: (/home/kathleen/catkin_ws/devel/.private/pr2_common_action_msgs/share/gennodejs/ros/pr2_common_action_msgs/msg/ArmMoveIKResult.js, /home/kathleen/catkin_ws/devel/share/gennodejs/ros/pr2_common_action_msgs/msg/ArmMoveIKResult.js)
Linked: (/home/kathleen/catkin_ws/devel/.private/pr2_common_action_msgs/share/gennodejs/ros/pr2_common_action_msgs/msg/_index.js, /home/kathleen/catkin_ws/devel/share/gennodejs/ros/pr2_common_action_msgs/msg/_index.js)
Linked: (/home/kathleen/catkin_ws/devel/.private/pr2_common_action_msgs/share/gennodejs/ros/pr2_common_action_msgs/msg/ArmMoveIKGoal.js, /home/kathleen/catkin_ws/devel/share/gennodejs/ros/pr2_common_action_msgs/msg/ArmMoveIKGoal.js)
Linked: (/home/kathleen/catkin_ws/devel/.private/pr2_common_action_msgs/share/gennodejs/ros/pr2_common_action_msgs/msg/TuckArmsActionResult.js, /home/kathleen/catkin_ws/devel/share/gennodejs/ros/pr2_common_action_msgs/msg/TuckArmsActionResult.js)
Linked: (/home/kathleen/catkin_ws/devel/.private/pr2_common_action_msgs/share/gennodejs/ros/pr2_common_action_msgs/msg/ArmMoveIKActionResult.js, /home/kathleen/catkin_ws/devel/share/gennodejs/ros/pr2_common_action_msgs/msg/ArmMoveIKActionResult.js)
Linked: (/home/kathleen/catkin_ws/devel/.private/pr2_common_action_msgs/share/gennodejs/ros/pr2_common_action_msgs/msg/TuckArmsActionFeedback.js, /home/kathleen/catkin_ws/devel/share/gennodejs/ros/pr2_common_action_msgs/msg/TuckArmsActionFeedback.js)
Linked: (/home/kathleen/catkin_ws/devel/.private/pr2_common_action_msgs/share/gennodejs/ros/pr2_common_action_msgs/msg/ArmMoveIKAction.js, /home/kathleen/catkin_ws/devel/share/gennodejs/ros/pr2_common_action_msgs/msg/ArmMoveIKAction.js)
Linked: (/home/kathleen/catkin_ws/devel/.private/pr2_common_action_msgs/lib/pkgconfig/pr2_common_action_msgs.pc, /home/kathleen/catkin_ws/devel/lib/pkgconfig/pr2_common_action_msgs.pc)
Linked: (/home/kathleen/catkin_ws/devel/.private/pr2_common_action_msgs/lib/python2.7/dist-packages/pr2_common_action_msgs/__init__.py, /home/kathleen/catkin_ws/devel/lib/python2.7/dist-packages/pr2_common_action_msgs/__init__.py)
Linked: (/home/kathleen/catkin_ws/devel/.private/pr2_common_action_msgs/lib/python2.7/dist-packages/pr2_common_action_msgs/msg/_ArmMoveIKActionGoal.py, /home/kathleen/catkin_ws/devel/lib/python2.7/dist-packages/pr2_common_action_msgs/msg/_ArmMoveIKActionGoal.py)
Linked: (/home/kathleen/catkin_ws/devel/.private/pr2_common_action_msgs/lib/python2.7/dist-packages/pr2_common_action_msgs/msg/_ArmMoveIKActionFeedback.py, /home/kathleen/catkin_ws/devel/lib/python2.7/dist-packages/pr2_common_action_msgs/msg/_ArmMoveIKActionFeedback.py)
Linked: (/home/kathleen/catkin_ws/devel/.private/pr2_common_action_msgs/lib/python2.7/dist-packages/pr2_common_action_msgs/msg/_TuckArmsGoal.py, /home/kathleen/catkin_ws/devel/lib/python2.7/dist-packages/pr2_common_action_msgs/msg/_TuckArmsGoal.py)
Linked: (/home/kathleen/catkin_ws/devel/.private/pr2_common_action_msgs/lib/python2.7/dist-packages/pr2_common_action_msgs/msg/_TuckArmsActionFeedback.py, /home/kathleen/catkin_ws/devel/lib/python2.7/dist-packages/pr2_common_action_msgs/msg/_TuckArmsActionFeedback.py)
Linked: (/home/kathleen/catkin_ws/devel/.private/pr2_common_action_msgs/lib/python2.7/dist-packages/pr2_common_action_msgs/msg/_ArmMoveIKAction.py, /home/kathleen/catkin_ws/devel/lib/python2.7/dist-packages/pr2_common_action_msgs/msg/_ArmMoveIKAction.py)
Linked: (/home/kathleen/catkin_ws/devel/.private/pr2_common_action_msgs/lib/python2.7/dist-packages/pr2_common_action_msgs/msg/_ArmMoveIKFeedback.py, /home/kathleen/catkin_ws/devel/lib/python2.7/dist-packages/pr2_common_action_msgs/msg/_ArmMoveIKFeedback.py)
Linked: (/home/kathleen/catkin_ws/devel/.private/pr2_common_action_msgs/lib/python2.7/dist-packages/pr2_common_action_msgs/msg/_TuckArmsResult.py, /home/kathleen/catkin_ws/devel/lib/python2.7/dist-packages/pr2_common_action_msgs/msg/_TuckArmsResult.py)
Linked: (/home/kathleen/catkin_ws/devel/.private/pr2_common_action_msgs/lib/python2.7/dist-packages/pr2_common_action_msgs/msg/_TuckArmsAction.py, /home/kathleen/catkin_ws/devel/lib/python2.7/dist-packages/pr2_common_action_msgs/msg/_TuckArmsAction.py)
Linked: (/home/kathleen/catkin_ws/devel/.private/pr2_common_action_msgs/lib/python2.7/dist-packages/pr2_common_action_msgs/msg/_TuckArmsActionResult.py, /home/kathleen/catkin_ws/devel/lib/python2.7/dist-packages/pr2_common_action_msgs/msg/_TuckArmsActionResult.py)
Linked: (/home/kathleen/catkin_ws/devel/.private/pr2_common_action_msgs/lib/python2.7/dist-packages/pr2_common_action_msgs/msg/_ArmMoveIKResult.py, /home/kathleen/catkin_ws/devel/lib/python2.7/dist-packages/pr2_common_action_msgs/msg/_ArmMoveIKResult.py)
Linked: (/home/kathleen/catkin_ws/devel/.private/pr2_common_action_msgs/lib/python2.7/dist-packages/pr2_common_action_msgs/msg/_ArmMoveIKGoal.py, /home/kathleen/catkin_ws/devel/lib/python2.7/dist-packages/pr2_common_action_msgs/msg/_ArmMoveIKGoal.py)
Linked: (/home/kathleen/catkin_ws/devel/.private/pr2_common_action_msgs/lib/python2.7/dist-packages/pr2_common_action_msgs/msg/_TuckArmsActionGoal.py, /home/kathleen/catkin_ws/devel/lib/python2.7/dist-packages/pr2_common_action_msgs/msg/_TuckArmsActionGoal.py)
Linked: (/home/kathleen/catkin_ws/devel/.private/pr2_common_action_msgs/lib/python2.7/dist-packages/pr2_common_action_msgs/msg/_TuckArmsFeedback.py, /home/kathleen/catkin_ws/devel/lib/python2.7/dist-packages/pr2_common_action_msgs/msg/_TuckArmsFeedback.py)
Linked: (/home/kathleen/catkin_ws/devel/.private/pr2_common_action_msgs/lib/python2.7/dist-packages/pr2_common_action_msgs/msg/_ArmMoveIKActionResult.py, /home/kathleen/catkin_ws/devel/lib/python2.7/dist-packages/pr2_common_action_msgs/msg/_ArmMoveIKActionResult.py)
Linked: (/home/kathleen/catkin_ws/devel/.private/pr2_common_action_msgs/lib/python2.7/dist-packages/pr2_common_action_msgs/msg/__init__.py, /home/kathleen/catkin_ws/devel/lib/python2.7/dist-packages/pr2_common_action_msgs/msg/__init__.py)
Linked: (/home/kathleen/catkin_ws/devel/.private/pr2_common_action_msgs/include/pr2_common_action_msgs/TuckArmsActionResult.h, /home/kathleen/catkin_ws/devel/include/pr2_common_action_msgs/TuckArmsActionResult.h)
Linked: (/home/kathleen/catkin_ws/devel/.private/pr2_common_action_msgs/include/pr2_common_action_msgs/ArmMoveIKActionResult.h, /home/kathleen/catkin_ws/devel/include/pr2_common_action_msgs/ArmMoveIKActionResult.h)
Linked: (/home/kathleen/catkin_ws/devel/.private/pr2_common_action_msgs/include/pr2_common_action_msgs/TuckArmsActionFeedback.h, /home/kathleen/catkin_ws/devel/include/pr2_common_action_msgs/TuckArmsActionFeedback.h)
Linked: (/home/kathleen/catkin_ws/devel/.private/pr2_common_action_msgs/include/pr2_common_action_msgs/ArmMoveIKActionFeedback.h, /home/kathleen/catkin_ws/devel/include/pr2_common_action_msgs/ArmMoveIKActionFeedback.h)
Linked: (/home/kathleen/catkin_ws/devel/.private/pr2_common_action_msgs/include/pr2_common_action_msgs/ArmMoveIKResult.h, /home/kathleen/catkin_ws/devel/include/pr2_common_action_msgs/ArmMoveIKResult.h)
Linked: (/home/kathleen/catkin_ws/devel/.private/pr2_common_action_msgs/include/pr2_common_action_msgs/TuckArmsGoal.h, /home/kathleen/catkin_ws/devel/include/pr2_common_action_msgs/TuckArmsGoal.h)
Linked: (/home/kathleen/catkin_ws/devel/.private/pr2_common_action_msgs/include/pr2_common_action_msgs/ArmMoveIKAction.h, /home/kathleen/catkin_ws/devel/include/pr2_common_action_msgs/ArmMoveIKAction.h)
Linked: (/home/kathleen/catkin_ws/devel/.private/pr2_common_action_msgs/include/pr2_common_action_msgs/ArmMoveIKActionGoal.h, /home/kathleen/catkin_ws/devel/include/pr2_common_action_msgs/ArmMoveIKActionGoal.h)
Linked: (/home/kathleen/catkin_ws/devel/.private/pr2_common_action_msgs/include/pr2_common_action_msgs/TuckArmsResult.h, /home/kathleen/catkin_ws/devel/include/pr2_common_action_msgs/TuckArmsResult.h)
Linked: (/home/kathleen/catkin_ws/devel/.private/pr2_common_action_msgs/include/pr2_common_action_msgs/TuckArmsActionGoal.h, /home/kathleen/catkin_ws/devel/include/pr2_common_action_msgs/TuckArmsActionGoal.h)
Linked: (/home/kathleen/catkin_ws/devel/.private/pr2_common_action_msgs/include/pr2_common_action_msgs/ArmMoveIKGoal.h, /home/kathleen/catkin_ws/devel/include/pr2_common_action_msgs/ArmMoveIKGoal.h)
Linked: (/home/kathleen/catkin_ws/devel/.private/pr2_common_action_msgs/include/pr2_common_action_msgs/ArmMoveIKFeedback.h, /home/kathleen/catkin_ws/devel/include/pr2_common_action_msgs/ArmMoveIKFeedback.h)
Linked: (/home/kathleen/catkin_ws/devel/.private/pr2_common_action_msgs/include/pr2_common_action_msgs/TuckArmsAction.h, /home/kathleen/catkin_ws/devel/include/pr2_common_action_msgs/TuckArmsAction.h)
Linked: (/home/kathleen/catkin_ws/devel/.private/pr2_common_action_msgs/include/pr2_common_action_msgs/TuckArmsFeedback.h, /home/kathleen/catkin_ws/devel/include/pr2_common_action_msgs/TuckArmsFeedback.h)
