Symlinking /home/kathleen/fetch_ws/devel/share/roseus/ros/grasping_msgs/manifest.l
Symlinking /home/kathleen/fetch_ws/devel/share/roseus/ros/grasping_msgs/msg/GraspPlanningActionFeedback.l
Symlinking /home/kathleen/fetch_ws/devel/share/roseus/ros/grasping_msgs/msg/GraspPlanningResult.l
Symlinking /home/kathleen/fetch_ws/devel/share/roseus/ros/grasping_msgs/msg/GraspPlanningActionGoal.l
Symlinking /home/kathleen/fetch_ws/devel/share/roseus/ros/grasping_msgs/msg/Object.l
Symlinking /home/kathleen/fetch_ws/devel/share/roseus/ros/grasping_msgs/msg/ObjectProperty.l
Symlinking /home/kathleen/fetch_ws/devel/share/roseus/ros/grasping_msgs/msg/GraspPlanningActionResult.l
Symlinking /home/kathleen/fetch_ws/devel/share/roseus/ros/grasping_msgs/msg/FindGraspableObjectsResult.l
Symlinking /home/kathleen/fetch_ws/devel/share/roseus/ros/grasping_msgs/msg/GraspableObject.l
Symlinking /home/kathleen/fetch_ws/devel/share/roseus/ros/grasping_msgs/msg/FindGraspableObjectsActionResult.l
Symlinking /home/kathleen/fetch_ws/devel/share/roseus/ros/grasping_msgs/msg/FindGraspableObjectsGoal.l
Symlinking /home/kathleen/fetch_ws/devel/share/roseus/ros/grasping_msgs/msg/GraspPlanningGoal.l
Symlinking /home/kathleen/fetch_ws/devel/share/roseus/ros/grasping_msgs/msg/FindGraspableObjectsAction.l
Symlinking /home/kathleen/fetch_ws/devel/share/roseus/ros/grasping_msgs/msg/GraspPlanningFeedback.l
Symlinking /home/kathleen/fetch_ws/devel/share/roseus/ros/grasping_msgs/msg/FindGraspableObjectsActionFeedback.l
Symlinking /home/kathleen/fetch_ws/devel/share/roseus/ros/grasping_msgs/msg/FindGraspableObjectsActionGoal.l
Symlinking /home/kathleen/fetch_ws/devel/share/roseus/ros/grasping_msgs/msg/GraspPlanningAction.l
Symlinking /home/kathleen/fetch_ws/devel/share/roseus/ros/grasping_msgs/msg/FindGraspableObjectsFeedback.l
Symlinking /home/kathleen/fetch_ws/devel/share/common-lisp/ros/grasping_msgs/msg/FindGraspableObjectsResult.lisp
Symlinking /home/kathleen/fetch_ws/devel/share/common-lisp/ros/grasping_msgs/msg/GraspPlanningFeedback.lisp
Symlinking /home/kathleen/fetch_ws/devel/share/common-lisp/ros/grasping_msgs/msg/_package_GraspPlanningActionResult.lisp
Symlinking /home/kathleen/fetch_ws/devel/share/common-lisp/ros/grasping_msgs/msg/grasping_msgs-msg.asd
Symlinking /home/kathleen/fetch_ws/devel/share/common-lisp/ros/grasping_msgs/msg/_package_GraspPlanningActionFeedback.lisp
Symlinking /home/kathleen/fetch_ws/devel/share/common-lisp/ros/grasping_msgs/msg/FindGraspableObjectsGoal.lisp
Symlinking /home/kathleen/fetch_ws/devel/share/common-lisp/ros/grasping_msgs/msg/_package_GraspPlanningResult.lisp
Symlinking /home/kathleen/fetch_ws/devel/share/common-lisp/ros/grasping_msgs/msg/_package_FindGraspableObjectsActionResult.lisp
Symlinking /home/kathleen/fetch_ws/devel/share/common-lisp/ros/grasping_msgs/msg/FindGraspableObjectsFeedback.lisp
Symlinking /home/kathleen/fetch_ws/devel/share/common-lisp/ros/grasping_msgs/msg/FindGraspableObjectsActionResult.lisp
Symlinking /home/kathleen/fetch_ws/devel/share/common-lisp/ros/grasping_msgs/msg/_package_GraspPlanningActionGoal.lisp
Symlinking /home/kathleen/fetch_ws/devel/share/common-lisp/ros/grasping_msgs/msg/Object.lisp
Symlinking /home/kathleen/fetch_ws/devel/share/common-lisp/ros/grasping_msgs/msg/GraspPlanningResult.lisp
Symlinking /home/kathleen/fetch_ws/devel/share/common-lisp/ros/grasping_msgs/msg/_package_GraspPlanningAction.lisp
Symlinking /home/kathleen/fetch_ws/devel/share/common-lisp/ros/grasping_msgs/msg/GraspPlanningActionResult.lisp
Symlinking /home/kathleen/fetch_ws/devel/share/common-lisp/ros/grasping_msgs/msg/FindGraspableObjectsActionFeedback.lisp
Symlinking /home/kathleen/fetch_ws/devel/share/common-lisp/ros/grasping_msgs/msg/GraspPlanningActionFeedback.lisp
Symlinking /home/kathleen/fetch_ws/devel/share/common-lisp/ros/grasping_msgs/msg/_package_Object.lisp
Symlinking /home/kathleen/fetch_ws/devel/share/common-lisp/ros/grasping_msgs/msg/GraspPlanningGoal.lisp
Symlinking /home/kathleen/fetch_ws/devel/share/common-lisp/ros/grasping_msgs/msg/_package_FindGraspableObjectsGoal.lisp
Symlinking /home/kathleen/fetch_ws/devel/share/common-lisp/ros/grasping_msgs/msg/_package_GraspPlanningFeedback.lisp
Symlinking /home/kathleen/fetch_ws/devel/share/common-lisp/ros/grasping_msgs/msg/_package_FindGraspableObjectsActionFeedback.lisp
Symlinking /home/kathleen/fetch_ws/devel/share/common-lisp/ros/grasping_msgs/msg/GraspPlanningActionGoal.lisp
Symlinking /home/kathleen/fetch_ws/devel/share/common-lisp/ros/grasping_msgs/msg/_package_FindGraspableObjectsResult.lisp
Symlinking /home/kathleen/fetch_ws/devel/share/common-lisp/ros/grasping_msgs/msg/GraspableObject.lisp
Symlinking /home/kathleen/fetch_ws/devel/share/common-lisp/ros/grasping_msgs/msg/_package_FindGraspableObjectsAction.lisp
Symlinking /home/kathleen/fetch_ws/devel/share/common-lisp/ros/grasping_msgs/msg/_package.lisp
Symlinking /home/kathleen/fetch_ws/devel/share/common-lisp/ros/grasping_msgs/msg/GraspPlanningAction.lisp
Symlinking /home/kathleen/fetch_ws/devel/share/common-lisp/ros/grasping_msgs/msg/_package_GraspableObject.lisp
Symlinking /home/kathleen/fetch_ws/devel/share/common-lisp/ros/grasping_msgs/msg/ObjectProperty.lisp
Symlinking /home/kathleen/fetch_ws/devel/share/common-lisp/ros/grasping_msgs/msg/_package_ObjectProperty.lisp
Symlinking /home/kathleen/fetch_ws/devel/share/common-lisp/ros/grasping_msgs/msg/_package_GraspPlanningGoal.lisp
Symlinking /home/kathleen/fetch_ws/devel/share/common-lisp/ros/grasping_msgs/msg/_package_FindGraspableObjectsActionGoal.lisp
Symlinking /home/kathleen/fetch_ws/devel/share/common-lisp/ros/grasping_msgs/msg/FindGraspableObjectsActionGoal.lisp
Symlinking /home/kathleen/fetch_ws/devel/share/common-lisp/ros/grasping_msgs/msg/_package_FindGraspableObjectsFeedback.lisp
Symlinking /home/kathleen/fetch_ws/devel/share/common-lisp/ros/grasping_msgs/msg/FindGraspableObjectsAction.lisp
Symlinking /home/kathleen/fetch_ws/devel/share/gennodejs/ros/grasping_msgs/_index.js
Symlinking /home/kathleen/fetch_ws/devel/share/gennodejs/ros/grasping_msgs/msg/FindGraspableObjectsAction.js
Symlinking /home/kathleen/fetch_ws/devel/share/gennodejs/ros/grasping_msgs/msg/GraspPlanningActionFeedback.js
Symlinking /home/kathleen/fetch_ws/devel/share/gennodejs/ros/grasping_msgs/msg/GraspPlanningFeedback.js
Symlinking /home/kathleen/fetch_ws/devel/share/gennodejs/ros/grasping_msgs/msg/FindGraspableObjectsResult.js
Symlinking /home/kathleen/fetch_ws/devel/share/gennodejs/ros/grasping_msgs/msg/FindGraspableObjectsActionGoal.js
Symlinking /home/kathleen/fetch_ws/devel/share/gennodejs/ros/grasping_msgs/msg/GraspableObject.js
Symlinking /home/kathleen/fetch_ws/devel/share/gennodejs/ros/grasping_msgs/msg/FindGraspableObjectsFeedback.js
Symlinking /home/kathleen/fetch_ws/devel/share/gennodejs/ros/grasping_msgs/msg/ObjectProperty.js
Symlinking /home/kathleen/fetch_ws/devel/share/gennodejs/ros/grasping_msgs/msg/GraspPlanningActionGoal.js
Symlinking /home/kathleen/fetch_ws/devel/share/gennodejs/ros/grasping_msgs/msg/GraspPlanningResult.js
Symlinking /home/kathleen/fetch_ws/devel/share/gennodejs/ros/grasping_msgs/msg/Object.js
Symlinking /home/kathleen/fetch_ws/devel/share/gennodejs/ros/grasping_msgs/msg/_index.js
Symlinking /home/kathleen/fetch_ws/devel/share/gennodejs/ros/grasping_msgs/msg/GraspPlanningActionResult.js
Symlinking /home/kathleen/fetch_ws/devel/share/gennodejs/ros/grasping_msgs/msg/GraspPlanningGoal.js
Symlinking /home/kathleen/fetch_ws/devel/share/gennodejs/ros/grasping_msgs/msg/FindGraspableObjectsActionResult.js
Symlinking /home/kathleen/fetch_ws/devel/share/gennodejs/ros/grasping_msgs/msg/FindGraspableObjectsActionFeedback.js
Symlinking /home/kathleen/fetch_ws/devel/share/gennodejs/ros/grasping_msgs/msg/GraspPlanningAction.js
Symlinking /home/kathleen/fetch_ws/devel/share/gennodejs/ros/grasping_msgs/msg/FindGraspableObjectsGoal.js
Symlinking /home/kathleen/fetch_ws/devel/share/grasping_msgs/cmake/grasping_msgsConfig.cmake
Symlinking /home/kathleen/fetch_ws/devel/share/grasping_msgs/cmake/grasping_msgsConfig-version.cmake
Symlinking /home/kathleen/fetch_ws/devel/share/grasping_msgs/cmake/grasping_msgs-msg-paths.cmake
Symlinking /home/kathleen/fetch_ws/devel/share/grasping_msgs/cmake/grasping_msgs-msg-extras.cmake
Symlinking /home/kathleen/fetch_ws/devel/share/grasping_msgs/msg/FindGraspableObjectsResult.msg
Symlinking /home/kathleen/fetch_ws/devel/share/grasping_msgs/msg/GraspPlanningAction.msg
Symlinking /home/kathleen/fetch_ws/devel/share/grasping_msgs/msg/FindGraspableObjectsFeedback.msg
Symlinking /home/kathleen/fetch_ws/devel/share/grasping_msgs/msg/GraspPlanningGoal.msg
Symlinking /home/kathleen/fetch_ws/devel/share/grasping_msgs/msg/GraspPlanningResult.msg
Symlinking /home/kathleen/fetch_ws/devel/share/grasping_msgs/msg/GraspPlanningActionGoal.msg
Symlinking /home/kathleen/fetch_ws/devel/share/grasping_msgs/msg/FindGraspableObjectsAction.msg
Symlinking /home/kathleen/fetch_ws/devel/share/grasping_msgs/msg/FindGraspableObjectsActionResult.msg
Symlinking /home/kathleen/fetch_ws/devel/share/grasping_msgs/msg/GraspPlanningActionResult.msg
Symlinking /home/kathleen/fetch_ws/devel/share/grasping_msgs/msg/GraspPlanningActionFeedback.msg
Symlinking /home/kathleen/fetch_ws/devel/share/grasping_msgs/msg/FindGraspableObjectsActionFeedback.msg
Symlinking /home/kathleen/fetch_ws/devel/share/grasping_msgs/msg/GraspPlanningFeedback.msg
Symlinking /home/kathleen/fetch_ws/devel/share/grasping_msgs/msg/FindGraspableObjectsGoal.msg
Symlinking /home/kathleen/fetch_ws/devel/share/grasping_msgs/msg/FindGraspableObjectsActionGoal.msg
Symlinking /home/kathleen/fetch_ws/devel/lib/pkgconfig/grasping_msgs.pc
Symlinking /home/kathleen/fetch_ws/devel/lib/python2.7/dist-packages/grasping_msgs/__init__.py
Symlinking /home/kathleen/fetch_ws/devel/lib/python2.7/dist-packages/grasping_msgs/msg/_FindGraspableObjectsFeedback.py
Symlinking /home/kathleen/fetch_ws/devel/lib/python2.7/dist-packages/grasping_msgs/msg/_GraspPlanningAction.py
Symlinking /home/kathleen/fetch_ws/devel/lib/python2.7/dist-packages/grasping_msgs/msg/_GraspPlanningActionGoal.py
Symlinking /home/kathleen/fetch_ws/devel/lib/python2.7/dist-packages/grasping_msgs/msg/_GraspPlanningGoal.py
Symlinking /home/kathleen/fetch_ws/devel/lib/python2.7/dist-packages/grasping_msgs/msg/_GraspableObject.py
Symlinking /home/kathleen/fetch_ws/devel/lib/python2.7/dist-packages/grasping_msgs/msg/_FindGraspableObjectsResult.py
Symlinking /home/kathleen/fetch_ws/devel/lib/python2.7/dist-packages/grasping_msgs/msg/_FindGraspableObjectsActionResult.py
Symlinking /home/kathleen/fetch_ws/devel/lib/python2.7/dist-packages/grasping_msgs/msg/_FindGraspableObjectsActionGoal.py
Symlinking /home/kathleen/fetch_ws/devel/lib/python2.7/dist-packages/grasping_msgs/msg/_FindGraspableObjectsAction.py
Symlinking /home/kathleen/fetch_ws/devel/lib/python2.7/dist-packages/grasping_msgs/msg/_GraspPlanningActionResult.py
Symlinking /home/kathleen/fetch_ws/devel/lib/python2.7/dist-packages/grasping_msgs/msg/_FindGraspableObjectsGoal.py
Symlinking /home/kathleen/fetch_ws/devel/lib/python2.7/dist-packages/grasping_msgs/msg/_GraspPlanningResult.py
Symlinking /home/kathleen/fetch_ws/devel/lib/python2.7/dist-packages/grasping_msgs/msg/_GraspPlanningFeedback.py
Symlinking /home/kathleen/fetch_ws/devel/lib/python2.7/dist-packages/grasping_msgs/msg/_FindGraspableObjectsActionFeedback.py
Symlinking /home/kathleen/fetch_ws/devel/lib/python2.7/dist-packages/grasping_msgs/msg/_ObjectProperty.py
Symlinking /home/kathleen/fetch_ws/devel/lib/python2.7/dist-packages/grasping_msgs/msg/_Object.py
Symlinking /home/kathleen/fetch_ws/devel/lib/python2.7/dist-packages/grasping_msgs/msg/_GraspPlanningActionFeedback.py
Symlinking /home/kathleen/fetch_ws/devel/lib/python2.7/dist-packages/grasping_msgs/msg/__init__.py
Symlinking /home/kathleen/fetch_ws/devel/include/grasping_msgs/FindGraspableObjectsActionGoal.h
Symlinking /home/kathleen/fetch_ws/devel/include/grasping_msgs/GraspPlanningActionGoal.h
Symlinking /home/kathleen/fetch_ws/devel/include/grasping_msgs/FindGraspableObjectsGoal.h
Symlinking /home/kathleen/fetch_ws/devel/include/grasping_msgs/FindGraspableObjectsFeedback.h
Symlinking /home/kathleen/fetch_ws/devel/include/grasping_msgs/GraspPlanningActionFeedback.h
Symlinking /home/kathleen/fetch_ws/devel/include/grasping_msgs/FindGraspableObjectsActionFeedback.h
Symlinking /home/kathleen/fetch_ws/devel/include/grasping_msgs/FindGraspableObjectsAction.h
Symlinking /home/kathleen/fetch_ws/devel/include/grasping_msgs/GraspPlanningResult.h
Symlinking /home/kathleen/fetch_ws/devel/include/grasping_msgs/GraspPlanningActionResult.h
Symlinking /home/kathleen/fetch_ws/devel/include/grasping_msgs/Object.h
Symlinking /home/kathleen/fetch_ws/devel/include/grasping_msgs/ObjectProperty.h
Symlinking /home/kathleen/fetch_ws/devel/include/grasping_msgs/GraspableObject.h
Symlinking /home/kathleen/fetch_ws/devel/include/grasping_msgs/GraspPlanningGoal.h
Symlinking /home/kathleen/fetch_ws/devel/include/grasping_msgs/GraspPlanningAction.h
Symlinking /home/kathleen/fetch_ws/devel/include/grasping_msgs/GraspPlanningFeedback.h
Symlinking /home/kathleen/fetch_ws/devel/include/grasping_msgs/FindGraspableObjectsActionResult.h
Symlinking /home/kathleen/fetch_ws/devel/include/grasping_msgs/FindGraspableObjectsResult.h
