Linked: (/home/kathleen/catkin_ws/devel/.private/pr2_controllers_msgs/share/roseus/ros/pr2_controllers_msgs/manifest.l, /home/kathleen/catkin_ws/devel/share/roseus/ros/pr2_controllers_msgs/manifest.l)
Linked: (/home/kathleen/catkin_ws/devel/.private/pr2_controllers_msgs/share/roseus/ros/pr2_controllers_msgs/msg/PointHeadFeedback.l, /home/kathleen/catkin_ws/devel/share/roseus/ros/pr2_controllers_msgs/msg/PointHeadFeedback.l)
Linked: (/home/kathleen/catkin_ws/devel/.private/pr2_controllers_msgs/share/roseus/ros/pr2_controllers_msgs/msg/JointTrajectoryAction.l, /home/kathleen/catkin_ws/devel/share/roseus/ros/pr2_controllers_msgs/msg/JointTrajectoryAction.l)
Linked: (/home/kathleen/catkin_ws/devel/.private/pr2_controllers_msgs/share/roseus/ros/pr2_controllers_msgs/msg/PointHeadActionResult.l, /home/kathleen/catkin_ws/devel/share/roseus/ros/pr2_controllers_msgs/msg/PointHeadActionResult.l)
Linked: (/home/kathleen/catkin_ws/devel/.private/pr2_controllers_msgs/share/roseus/ros/pr2_controllers_msgs/msg/Pr2GripperCommandAction.l, /home/kathleen/catkin_ws/devel/share/roseus/ros/pr2_controllers_msgs/msg/Pr2GripperCommandAction.l)
Linked: (/home/kathleen/catkin_ws/devel/.private/pr2_controllers_msgs/share/roseus/ros/pr2_controllers_msgs/msg/PointHeadGoal.l, /home/kathleen/catkin_ws/devel/share/roseus/ros/pr2_controllers_msgs/msg/PointHeadGoal.l)
Linked: (/home/kathleen/catkin_ws/devel/.private/pr2_controllers_msgs/share/roseus/ros/pr2_controllers_msgs/msg/PointHeadActionFeedback.l, /home/kathleen/catkin_ws/devel/share/roseus/ros/pr2_controllers_msgs/msg/PointHeadActionFeedback.l)
Linked: (/home/kathleen/catkin_ws/devel/.private/pr2_controllers_msgs/share/roseus/ros/pr2_controllers_msgs/msg/Pr2GripperCommandActionFeedback.l, /home/kathleen/catkin_ws/devel/share/roseus/ros/pr2_controllers_msgs/msg/Pr2GripperCommandActionFeedback.l)
Linked: (/home/kathleen/catkin_ws/devel/.private/pr2_controllers_msgs/share/roseus/ros/pr2_controllers_msgs/msg/JointTrajectoryFeedback.l, /home/kathleen/catkin_ws/devel/share/roseus/ros/pr2_controllers_msgs/msg/JointTrajectoryFeedback.l)
Linked: (/home/kathleen/catkin_ws/devel/.private/pr2_controllers_msgs/share/roseus/ros/pr2_controllers_msgs/msg/JointControllerState.l, /home/kathleen/catkin_ws/devel/share/roseus/ros/pr2_controllers_msgs/msg/JointControllerState.l)
Linked: (/home/kathleen/catkin_ws/devel/.private/pr2_controllers_msgs/share/roseus/ros/pr2_controllers_msgs/msg/SingleJointPositionAction.l, /home/kathleen/catkin_ws/devel/share/roseus/ros/pr2_controllers_msgs/msg/SingleJointPositionAction.l)
Linked: (/home/kathleen/catkin_ws/devel/.private/pr2_controllers_msgs/share/roseus/ros/pr2_controllers_msgs/msg/Pr2GripperCommandGoal.l, /home/kathleen/catkin_ws/devel/share/roseus/ros/pr2_controllers_msgs/msg/Pr2GripperCommandGoal.l)
Linked: (/home/kathleen/catkin_ws/devel/.private/pr2_controllers_msgs/share/roseus/ros/pr2_controllers_msgs/msg/Pr2GripperCommandResult.l, /home/kathleen/catkin_ws/devel/share/roseus/ros/pr2_controllers_msgs/msg/Pr2GripperCommandResult.l)
Linked: (/home/kathleen/catkin_ws/devel/.private/pr2_controllers_msgs/share/roseus/ros/pr2_controllers_msgs/msg/JointTrajectoryGoal.l, /home/kathleen/catkin_ws/devel/share/roseus/ros/pr2_controllers_msgs/msg/JointTrajectoryGoal.l)
Linked: (/home/kathleen/catkin_ws/devel/.private/pr2_controllers_msgs/share/roseus/ros/pr2_controllers_msgs/msg/PointHeadActionGoal.l, /home/kathleen/catkin_ws/devel/share/roseus/ros/pr2_controllers_msgs/msg/PointHeadActionGoal.l)
Linked: (/home/kathleen/catkin_ws/devel/.private/pr2_controllers_msgs/share/roseus/ros/pr2_controllers_msgs/msg/PointHeadAction.l, /home/kathleen/catkin_ws/devel/share/roseus/ros/pr2_controllers_msgs/msg/PointHeadAction.l)
Linked: (/home/kathleen/catkin_ws/devel/.private/pr2_controllers_msgs/share/roseus/ros/pr2_controllers_msgs/msg/Pr2GripperCommandFeedback.l, /home/kathleen/catkin_ws/devel/share/roseus/ros/pr2_controllers_msgs/msg/Pr2GripperCommandFeedback.l)
Linked: (/home/kathleen/catkin_ws/devel/.private/pr2_controllers_msgs/share/roseus/ros/pr2_controllers_msgs/msg/SingleJointPositionGoal.l, /home/kathleen/catkin_ws/devel/share/roseus/ros/pr2_controllers_msgs/msg/SingleJointPositionGoal.l)
Linked: (/home/kathleen/catkin_ws/devel/.private/pr2_controllers_msgs/share/roseus/ros/pr2_controllers_msgs/msg/SingleJointPositionResult.l, /home/kathleen/catkin_ws/devel/share/roseus/ros/pr2_controllers_msgs/msg/SingleJointPositionResult.l)
Linked: (/home/kathleen/catkin_ws/devel/.private/pr2_controllers_msgs/share/roseus/ros/pr2_controllers_msgs/msg/SingleJointPositionFeedback.l, /home/kathleen/catkin_ws/devel/share/roseus/ros/pr2_controllers_msgs/msg/SingleJointPositionFeedback.l)
Linked: (/home/kathleen/catkin_ws/devel/.private/pr2_controllers_msgs/share/roseus/ros/pr2_controllers_msgs/msg/PointHeadResult.l, /home/kathleen/catkin_ws/devel/share/roseus/ros/pr2_controllers_msgs/msg/PointHeadResult.l)
Linked: (/home/kathleen/catkin_ws/devel/.private/pr2_controllers_msgs/share/roseus/ros/pr2_controllers_msgs/msg/Pr2GripperCommandActionResult.l, /home/kathleen/catkin_ws/devel/share/roseus/ros/pr2_controllers_msgs/msg/Pr2GripperCommandActionResult.l)
Linked: (/home/kathleen/catkin_ws/devel/.private/pr2_controllers_msgs/share/roseus/ros/pr2_controllers_msgs/msg/JointTrajectoryResult.l, /home/kathleen/catkin_ws/devel/share/roseus/ros/pr2_controllers_msgs/msg/JointTrajectoryResult.l)
Linked: (/home/kathleen/catkin_ws/devel/.private/pr2_controllers_msgs/share/roseus/ros/pr2_controllers_msgs/msg/JointTrajectoryActionFeedback.l, /home/kathleen/catkin_ws/devel/share/roseus/ros/pr2_controllers_msgs/msg/JointTrajectoryActionFeedback.l)
Linked: (/home/kathleen/catkin_ws/devel/.private/pr2_controllers_msgs/share/roseus/ros/pr2_controllers_msgs/msg/SingleJointPositionActionFeedback.l, /home/kathleen/catkin_ws/devel/share/roseus/ros/pr2_controllers_msgs/msg/SingleJointPositionActionFeedback.l)
Linked: (/home/kathleen/catkin_ws/devel/.private/pr2_controllers_msgs/share/roseus/ros/pr2_controllers_msgs/msg/JointTrajectoryActionResult.l, /home/kathleen/catkin_ws/devel/share/roseus/ros/pr2_controllers_msgs/msg/JointTrajectoryActionResult.l)
Linked: (/home/kathleen/catkin_ws/devel/.private/pr2_controllers_msgs/share/roseus/ros/pr2_controllers_msgs/msg/Pr2GripperCommand.l, /home/kathleen/catkin_ws/devel/share/roseus/ros/pr2_controllers_msgs/msg/Pr2GripperCommand.l)
Linked: (/home/kathleen/catkin_ws/devel/.private/pr2_controllers_msgs/share/roseus/ros/pr2_controllers_msgs/msg/SingleJointPositionActionGoal.l, /home/kathleen/catkin_ws/devel/share/roseus/ros/pr2_controllers_msgs/msg/SingleJointPositionActionGoal.l)
Linked: (/home/kathleen/catkin_ws/devel/.private/pr2_controllers_msgs/share/roseus/ros/pr2_controllers_msgs/msg/Pr2GripperCommandActionGoal.l, /home/kathleen/catkin_ws/devel/share/roseus/ros/pr2_controllers_msgs/msg/Pr2GripperCommandActionGoal.l)
Linked: (/home/kathleen/catkin_ws/devel/.private/pr2_controllers_msgs/share/roseus/ros/pr2_controllers_msgs/msg/SingleJointPositionActionResult.l, /home/kathleen/catkin_ws/devel/share/roseus/ros/pr2_controllers_msgs/msg/SingleJointPositionActionResult.l)
Linked: (/home/kathleen/catkin_ws/devel/.private/pr2_controllers_msgs/share/roseus/ros/pr2_controllers_msgs/msg/JointTrajectoryActionGoal.l, /home/kathleen/catkin_ws/devel/share/roseus/ros/pr2_controllers_msgs/msg/JointTrajectoryActionGoal.l)
Linked: (/home/kathleen/catkin_ws/devel/.private/pr2_controllers_msgs/share/roseus/ros/pr2_controllers_msgs/msg/JointTrajectoryControllerState.l, /home/kathleen/catkin_ws/devel/share/roseus/ros/pr2_controllers_msgs/msg/JointTrajectoryControllerState.l)
Linked: (/home/kathleen/catkin_ws/devel/.private/pr2_controllers_msgs/share/roseus/ros/pr2_controllers_msgs/srv/QueryCalibrationState.l, /home/kathleen/catkin_ws/devel/share/roseus/ros/pr2_controllers_msgs/srv/QueryCalibrationState.l)
Linked: (/home/kathleen/catkin_ws/devel/.private/pr2_controllers_msgs/share/roseus/ros/pr2_controllers_msgs/srv/QueryTrajectoryState.l, /home/kathleen/catkin_ws/devel/share/roseus/ros/pr2_controllers_msgs/srv/QueryTrajectoryState.l)
Linked: (/home/kathleen/catkin_ws/devel/.private/pr2_controllers_msgs/share/pr2_controllers_msgs/cmake/pr2_controllers_msgs-msg-paths.cmake, /home/kathleen/catkin_ws/devel/share/pr2_controllers_msgs/cmake/pr2_controllers_msgs-msg-paths.cmake)
Linked: (/home/kathleen/catkin_ws/devel/.private/pr2_controllers_msgs/share/pr2_controllers_msgs/cmake/pr2_controllers_msgsConfig.cmake, /home/kathleen/catkin_ws/devel/share/pr2_controllers_msgs/cmake/pr2_controllers_msgsConfig.cmake)
Linked: (/home/kathleen/catkin_ws/devel/.private/pr2_controllers_msgs/share/pr2_controllers_msgs/cmake/pr2_controllers_msgs-msg-extras.cmake, /home/kathleen/catkin_ws/devel/share/pr2_controllers_msgs/cmake/pr2_controllers_msgs-msg-extras.cmake)
Linked: (/home/kathleen/catkin_ws/devel/.private/pr2_controllers_msgs/share/pr2_controllers_msgs/cmake/pr2_controllers_msgsConfig-version.cmake, /home/kathleen/catkin_ws/devel/share/pr2_controllers_msgs/cmake/pr2_controllers_msgsConfig-version.cmake)
Linked: (/home/kathleen/catkin_ws/devel/.private/pr2_controllers_msgs/share/pr2_controllers_msgs/msg/JointTrajectoryActionResult.msg, /home/kathleen/catkin_ws/devel/share/pr2_controllers_msgs/msg/JointTrajectoryActionResult.msg)
Linked: (/home/kathleen/catkin_ws/devel/.private/pr2_controllers_msgs/share/pr2_controllers_msgs/msg/SingleJointPositionActionFeedback.msg, /home/kathleen/catkin_ws/devel/share/pr2_controllers_msgs/msg/SingleJointPositionActionFeedback.msg)
Linked: (/home/kathleen/catkin_ws/devel/.private/pr2_controllers_msgs/share/pr2_controllers_msgs/msg/SingleJointPositionActionResult.msg, /home/kathleen/catkin_ws/devel/share/pr2_controllers_msgs/msg/SingleJointPositionActionResult.msg)
Linked: (/home/kathleen/catkin_ws/devel/.private/pr2_controllers_msgs/share/pr2_controllers_msgs/msg/PointHeadActionGoal.msg, /home/kathleen/catkin_ws/devel/share/pr2_controllers_msgs/msg/PointHeadActionGoal.msg)
Linked: (/home/kathleen/catkin_ws/devel/.private/pr2_controllers_msgs/share/pr2_controllers_msgs/msg/PointHeadAction.msg, /home/kathleen/catkin_ws/devel/share/pr2_controllers_msgs/msg/PointHeadAction.msg)
Linked: (/home/kathleen/catkin_ws/devel/.private/pr2_controllers_msgs/share/pr2_controllers_msgs/msg/Pr2GripperCommandFeedback.msg, /home/kathleen/catkin_ws/devel/share/pr2_controllers_msgs/msg/Pr2GripperCommandFeedback.msg)
Linked: (/home/kathleen/catkin_ws/devel/.private/pr2_controllers_msgs/share/pr2_controllers_msgs/msg/SingleJointPositionResult.msg, /home/kathleen/catkin_ws/devel/share/pr2_controllers_msgs/msg/SingleJointPositionResult.msg)
Linked: (/home/kathleen/catkin_ws/devel/.private/pr2_controllers_msgs/share/pr2_controllers_msgs/msg/SingleJointPositionAction.msg, /home/kathleen/catkin_ws/devel/share/pr2_controllers_msgs/msg/SingleJointPositionAction.msg)
Linked: (/home/kathleen/catkin_ws/devel/.private/pr2_controllers_msgs/share/pr2_controllers_msgs/msg/Pr2GripperCommandAction.msg, /home/kathleen/catkin_ws/devel/share/pr2_controllers_msgs/msg/Pr2GripperCommandAction.msg)
Linked: (/home/kathleen/catkin_ws/devel/.private/pr2_controllers_msgs/share/pr2_controllers_msgs/msg/JointTrajectoryGoal.msg, /home/kathleen/catkin_ws/devel/share/pr2_controllers_msgs/msg/JointTrajectoryGoal.msg)
Linked: (/home/kathleen/catkin_ws/devel/.private/pr2_controllers_msgs/share/pr2_controllers_msgs/msg/PointHeadResult.msg, /home/kathleen/catkin_ws/devel/share/pr2_controllers_msgs/msg/PointHeadResult.msg)
Linked: (/home/kathleen/catkin_ws/devel/.private/pr2_controllers_msgs/share/pr2_controllers_msgs/msg/Pr2GripperCommandGoal.msg, /home/kathleen/catkin_ws/devel/share/pr2_controllers_msgs/msg/Pr2GripperCommandGoal.msg)
Linked: (/home/kathleen/catkin_ws/devel/.private/pr2_controllers_msgs/share/pr2_controllers_msgs/msg/JointTrajectoryResult.msg, /home/kathleen/catkin_ws/devel/share/pr2_controllers_msgs/msg/JointTrajectoryResult.msg)
Linked: (/home/kathleen/catkin_ws/devel/.private/pr2_controllers_msgs/share/pr2_controllers_msgs/msg/SingleJointPositionGoal.msg, /home/kathleen/catkin_ws/devel/share/pr2_controllers_msgs/msg/SingleJointPositionGoal.msg)
Linked: (/home/kathleen/catkin_ws/devel/.private/pr2_controllers_msgs/share/pr2_controllers_msgs/msg/Pr2GripperCommandActionGoal.msg, /home/kathleen/catkin_ws/devel/share/pr2_controllers_msgs/msg/Pr2GripperCommandActionGoal.msg)
Linked: (/home/kathleen/catkin_ws/devel/.private/pr2_controllers_msgs/share/pr2_controllers_msgs/msg/JointTrajectoryActionFeedback.msg, /home/kathleen/catkin_ws/devel/share/pr2_controllers_msgs/msg/JointTrajectoryActionFeedback.msg)
Linked: (/home/kathleen/catkin_ws/devel/.private/pr2_controllers_msgs/share/pr2_controllers_msgs/msg/JointTrajectoryFeedback.msg, /home/kathleen/catkin_ws/devel/share/pr2_controllers_msgs/msg/JointTrajectoryFeedback.msg)
Linked: (/home/kathleen/catkin_ws/devel/.private/pr2_controllers_msgs/share/pr2_controllers_msgs/msg/JointTrajectoryAction.msg, /home/kathleen/catkin_ws/devel/share/pr2_controllers_msgs/msg/JointTrajectoryAction.msg)
Linked: (/home/kathleen/catkin_ws/devel/.private/pr2_controllers_msgs/share/pr2_controllers_msgs/msg/Pr2GripperCommandActionFeedback.msg, /home/kathleen/catkin_ws/devel/share/pr2_controllers_msgs/msg/Pr2GripperCommandActionFeedback.msg)
Linked: (/home/kathleen/catkin_ws/devel/.private/pr2_controllers_msgs/share/pr2_controllers_msgs/msg/PointHeadActionResult.msg, /home/kathleen/catkin_ws/devel/share/pr2_controllers_msgs/msg/PointHeadActionResult.msg)
Linked: (/home/kathleen/catkin_ws/devel/.private/pr2_controllers_msgs/share/pr2_controllers_msgs/msg/Pr2GripperCommandResult.msg, /home/kathleen/catkin_ws/devel/share/pr2_controllers_msgs/msg/Pr2GripperCommandResult.msg)
Linked: (/home/kathleen/catkin_ws/devel/.private/pr2_controllers_msgs/share/pr2_controllers_msgs/msg/Pr2GripperCommandActionResult.msg, /home/kathleen/catkin_ws/devel/share/pr2_controllers_msgs/msg/Pr2GripperCommandActionResult.msg)
Linked: (/home/kathleen/catkin_ws/devel/.private/pr2_controllers_msgs/share/pr2_controllers_msgs/msg/JointTrajectoryActionGoal.msg, /home/kathleen/catkin_ws/devel/share/pr2_controllers_msgs/msg/JointTrajectoryActionGoal.msg)
Linked: (/home/kathleen/catkin_ws/devel/.private/pr2_controllers_msgs/share/pr2_controllers_msgs/msg/SingleJointPositionFeedback.msg, /home/kathleen/catkin_ws/devel/share/pr2_controllers_msgs/msg/SingleJointPositionFeedback.msg)
Linked: (/home/kathleen/catkin_ws/devel/.private/pr2_controllers_msgs/share/pr2_controllers_msgs/msg/PointHeadFeedback.msg, /home/kathleen/catkin_ws/devel/share/pr2_controllers_msgs/msg/PointHeadFeedback.msg)
Linked: (/home/kathleen/catkin_ws/devel/.private/pr2_controllers_msgs/share/pr2_controllers_msgs/msg/SingleJointPositionActionGoal.msg, /home/kathleen/catkin_ws/devel/share/pr2_controllers_msgs/msg/SingleJointPositionActionGoal.msg)
Linked: (/home/kathleen/catkin_ws/devel/.private/pr2_controllers_msgs/share/pr2_controllers_msgs/msg/PointHeadActionFeedback.msg, /home/kathleen/catkin_ws/devel/share/pr2_controllers_msgs/msg/PointHeadActionFeedback.msg)
Linked: (/home/kathleen/catkin_ws/devel/.private/pr2_controllers_msgs/share/pr2_controllers_msgs/msg/PointHeadGoal.msg, /home/kathleen/catkin_ws/devel/share/pr2_controllers_msgs/msg/PointHeadGoal.msg)
Linked: (/home/kathleen/catkin_ws/devel/.private/pr2_controllers_msgs/share/common-lisp/ros/pr2_controllers_msgs/msg/Pr2GripperCommand.lisp, /home/kathleen/catkin_ws/devel/share/common-lisp/ros/pr2_controllers_msgs/msg/Pr2GripperCommand.lisp)
Linked: (/home/kathleen/catkin_ws/devel/.private/pr2_controllers_msgs/share/common-lisp/ros/pr2_controllers_msgs/msg/_package_JointTrajectoryAction.lisp, /home/kathleen/catkin_ws/devel/share/common-lisp/ros/pr2_controllers_msgs/msg/_package_JointTrajectoryAction.lisp)
Linked: (/home/kathleen/catkin_ws/devel/.private/pr2_controllers_msgs/share/common-lisp/ros/pr2_controllers_msgs/msg/Pr2GripperCommandAction.lisp, /home/kathleen/catkin_ws/devel/share/common-lisp/ros/pr2_controllers_msgs/msg/Pr2GripperCommandAction.lisp)
Linked: (/home/kathleen/catkin_ws/devel/.private/pr2_controllers_msgs/share/common-lisp/ros/pr2_controllers_msgs/msg/_package_SingleJointPositionAction.lisp, /home/kathleen/catkin_ws/devel/share/common-lisp/ros/pr2_controllers_msgs/msg/_package_SingleJointPositionAction.lisp)
Linked: (/home/kathleen/catkin_ws/devel/.private/pr2_controllers_msgs/share/common-lisp/ros/pr2_controllers_msgs/msg/_package_Pr2GripperCommand.lisp, /home/kathleen/catkin_ws/devel/share/common-lisp/ros/pr2_controllers_msgs/msg/_package_Pr2GripperCommand.lisp)
Linked: (/home/kathleen/catkin_ws/devel/.private/pr2_controllers_msgs/share/common-lisp/ros/pr2_controllers_msgs/msg/_package_JointTrajectoryActionGoal.lisp, /home/kathleen/catkin_ws/devel/share/common-lisp/ros/pr2_controllers_msgs/msg/_package_JointTrajectoryActionGoal.lisp)
Linked: (/home/kathleen/catkin_ws/devel/.private/pr2_controllers_msgs/share/common-lisp/ros/pr2_controllers_msgs/msg/_package_Pr2GripperCommandAction.lisp, /home/kathleen/catkin_ws/devel/share/common-lisp/ros/pr2_controllers_msgs/msg/_package_Pr2GripperCommandAction.lisp)
Linked: (/home/kathleen/catkin_ws/devel/.private/pr2_controllers_msgs/share/common-lisp/ros/pr2_controllers_msgs/msg/_package_JointTrajectoryControllerState.lisp, /home/kathleen/catkin_ws/devel/share/common-lisp/ros/pr2_controllers_msgs/msg/_package_JointTrajectoryControllerState.lisp)
Linked: (/home/kathleen/catkin_ws/devel/.private/pr2_controllers_msgs/share/common-lisp/ros/pr2_controllers_msgs/msg/SingleJointPositionGoal.lisp, /home/kathleen/catkin_ws/devel/share/common-lisp/ros/pr2_controllers_msgs/msg/SingleJointPositionGoal.lisp)
Linked: (/home/kathleen/catkin_ws/devel/.private/pr2_controllers_msgs/share/common-lisp/ros/pr2_controllers_msgs/msg/_package_JointTrajectoryGoal.lisp, /home/kathleen/catkin_ws/devel/share/common-lisp/ros/pr2_controllers_msgs/msg/_package_JointTrajectoryGoal.lisp)
Linked: (/home/kathleen/catkin_ws/devel/.private/pr2_controllers_msgs/share/common-lisp/ros/pr2_controllers_msgs/msg/JointControllerState.lisp, /home/kathleen/catkin_ws/devel/share/common-lisp/ros/pr2_controllers_msgs/msg/JointControllerState.lisp)
Linked: (/home/kathleen/catkin_ws/devel/.private/pr2_controllers_msgs/share/common-lisp/ros/pr2_controllers_msgs/msg/PointHeadActionFeedback.lisp, /home/kathleen/catkin_ws/devel/share/common-lisp/ros/pr2_controllers_msgs/msg/PointHeadActionFeedback.lisp)
Linked: (/home/kathleen/catkin_ws/devel/.private/pr2_controllers_msgs/share/common-lisp/ros/pr2_controllers_msgs/msg/SingleJointPositionActionFeedback.lisp, /home/kathleen/catkin_ws/devel/share/common-lisp/ros/pr2_controllers_msgs/msg/SingleJointPositionActionFeedback.lisp)
Linked: (/home/kathleen/catkin_ws/devel/.private/pr2_controllers_msgs/share/common-lisp/ros/pr2_controllers_msgs/msg/SingleJointPositionActionGoal.lisp, /home/kathleen/catkin_ws/devel/share/common-lisp/ros/pr2_controllers_msgs/msg/SingleJointPositionActionGoal.lisp)
Linked: (/home/kathleen/catkin_ws/devel/.private/pr2_controllers_msgs/share/common-lisp/ros/pr2_controllers_msgs/msg/JointTrajectoryAction.lisp, /home/kathleen/catkin_ws/devel/share/common-lisp/ros/pr2_controllers_msgs/msg/JointTrajectoryAction.lisp)
Linked: (/home/kathleen/catkin_ws/devel/.private/pr2_controllers_msgs/share/common-lisp/ros/pr2_controllers_msgs/msg/JointTrajectoryControllerState.lisp, /home/kathleen/catkin_ws/devel/share/common-lisp/ros/pr2_controllers_msgs/msg/JointTrajectoryControllerState.lisp)
Linked: (/home/kathleen/catkin_ws/devel/.private/pr2_controllers_msgs/share/common-lisp/ros/pr2_controllers_msgs/msg/SingleJointPositionActionResult.lisp, /home/kathleen/catkin_ws/devel/share/common-lisp/ros/pr2_controllers_msgs/msg/SingleJointPositionActionResult.lisp)
Linked: (/home/kathleen/catkin_ws/devel/.private/pr2_controllers_msgs/share/common-lisp/ros/pr2_controllers_msgs/msg/_package_PointHeadGoal.lisp, /home/kathleen/catkin_ws/devel/share/common-lisp/ros/pr2_controllers_msgs/msg/_package_PointHeadGoal.lisp)
Linked: (/home/kathleen/catkin_ws/devel/.private/pr2_controllers_msgs/share/common-lisp/ros/pr2_controllers_msgs/msg/Pr2GripperCommandGoal.lisp, /home/kathleen/catkin_ws/devel/share/common-lisp/ros/pr2_controllers_msgs/msg/Pr2GripperCommandGoal.lisp)
Linked: (/home/kathleen/catkin_ws/devel/.private/pr2_controllers_msgs/share/common-lisp/ros/pr2_controllers_msgs/msg/_package_Pr2GripperCommandGoal.lisp, /home/kathleen/catkin_ws/devel/share/common-lisp/ros/pr2_controllers_msgs/msg/_package_Pr2GripperCommandGoal.lisp)
Linked: (/home/kathleen/catkin_ws/devel/.private/pr2_controllers_msgs/share/common-lisp/ros/pr2_controllers_msgs/msg/Pr2GripperCommandActionGoal.lisp, /home/kathleen/catkin_ws/devel/share/common-lisp/ros/pr2_controllers_msgs/msg/Pr2GripperCommandActionGoal.lisp)
Linked: (/home/kathleen/catkin_ws/devel/.private/pr2_controllers_msgs/share/common-lisp/ros/pr2_controllers_msgs/msg/_package_SingleJointPositionActionFeedback.lisp, /home/kathleen/catkin_ws/devel/share/common-lisp/ros/pr2_controllers_msgs/msg/_package_SingleJointPositionActionFeedback.lisp)
Linked: (/home/kathleen/catkin_ws/devel/.private/pr2_controllers_msgs/share/common-lisp/ros/pr2_controllers_msgs/msg/PointHeadAction.lisp, /home/kathleen/catkin_ws/devel/share/common-lisp/ros/pr2_controllers_msgs/msg/PointHeadAction.lisp)
Linked: (/home/kathleen/catkin_ws/devel/.private/pr2_controllers_msgs/share/common-lisp/ros/pr2_controllers_msgs/msg/_package_Pr2GripperCommandActionGoal.lisp, /home/kathleen/catkin_ws/devel/share/common-lisp/ros/pr2_controllers_msgs/msg/_package_Pr2GripperCommandActionGoal.lisp)
Linked: (/home/kathleen/catkin_ws/devel/.private/pr2_controllers_msgs/share/common-lisp/ros/pr2_controllers_msgs/msg/pr2_controllers_msgs-msg.asd, /home/kathleen/catkin_ws/devel/share/common-lisp/ros/pr2_controllers_msgs/msg/pr2_controllers_msgs-msg.asd)
Linked: (/home/kathleen/catkin_ws/devel/.private/pr2_controllers_msgs/share/common-lisp/ros/pr2_controllers_msgs/msg/Pr2GripperCommandActionFeedback.lisp, /home/kathleen/catkin_ws/devel/share/common-lisp/ros/pr2_controllers_msgs/msg/Pr2GripperCommandActionFeedback.lisp)
Linked: (/home/kathleen/catkin_ws/devel/.private/pr2_controllers_msgs/share/common-lisp/ros/pr2_controllers_msgs/msg/_package_SingleJointPositionResult.lisp, /home/kathleen/catkin_ws/devel/share/common-lisp/ros/pr2_controllers_msgs/msg/_package_SingleJointPositionResult.lisp)
Linked: (/home/kathleen/catkin_ws/devel/.private/pr2_controllers_msgs/share/common-lisp/ros/pr2_controllers_msgs/msg/_package_PointHeadActionResult.lisp, /home/kathleen/catkin_ws/devel/share/common-lisp/ros/pr2_controllers_msgs/msg/_package_PointHeadActionResult.lisp)
Linked: (/home/kathleen/catkin_ws/devel/.private/pr2_controllers_msgs/share/common-lisp/ros/pr2_controllers_msgs/msg/JointTrajectoryFeedback.lisp, /home/kathleen/catkin_ws/devel/share/common-lisp/ros/pr2_controllers_msgs/msg/JointTrajectoryFeedback.lisp)
Linked: (/home/kathleen/catkin_ws/devel/.private/pr2_controllers_msgs/share/common-lisp/ros/pr2_controllers_msgs/msg/PointHeadResult.lisp, /home/kathleen/catkin_ws/devel/share/common-lisp/ros/pr2_controllers_msgs/msg/PointHeadResult.lisp)
Linked: (/home/kathleen/catkin_ws/devel/.private/pr2_controllers_msgs/share/common-lisp/ros/pr2_controllers_msgs/msg/_package_SingleJointPositionActionResult.lisp, /home/kathleen/catkin_ws/devel/share/common-lisp/ros/pr2_controllers_msgs/msg/_package_SingleJointPositionActionResult.lisp)
Linked: (/home/kathleen/catkin_ws/devel/.private/pr2_controllers_msgs/share/common-lisp/ros/pr2_controllers_msgs/msg/JointTrajectoryActionResult.lisp, /home/kathleen/catkin_ws/devel/share/common-lisp/ros/pr2_controllers_msgs/msg/JointTrajectoryActionResult.lisp)
Linked: (/home/kathleen/catkin_ws/devel/.private/pr2_controllers_msgs/share/common-lisp/ros/pr2_controllers_msgs/msg/_package_JointTrajectoryResult.lisp, /home/kathleen/catkin_ws/devel/share/common-lisp/ros/pr2_controllers_msgs/msg/_package_JointTrajectoryResult.lisp)
Linked: (/home/kathleen/catkin_ws/devel/.private/pr2_controllers_msgs/share/common-lisp/ros/pr2_controllers_msgs/msg/_package_Pr2GripperCommandFeedback.lisp, /home/kathleen/catkin_ws/devel/share/common-lisp/ros/pr2_controllers_msgs/msg/_package_Pr2GripperCommandFeedback.lisp)
Linked: (/home/kathleen/catkin_ws/devel/.private/pr2_controllers_msgs/share/common-lisp/ros/pr2_controllers_msgs/msg/_package_PointHeadFeedback.lisp, /home/kathleen/catkin_ws/devel/share/common-lisp/ros/pr2_controllers_msgs/msg/_package_PointHeadFeedback.lisp)
Linked: (/home/kathleen/catkin_ws/devel/.private/pr2_controllers_msgs/share/common-lisp/ros/pr2_controllers_msgs/msg/_package_PointHeadAction.lisp, /home/kathleen/catkin_ws/devel/share/common-lisp/ros/pr2_controllers_msgs/msg/_package_PointHeadAction.lisp)
Linked: (/home/kathleen/catkin_ws/devel/.private/pr2_controllers_msgs/share/common-lisp/ros/pr2_controllers_msgs/msg/_package_Pr2GripperCommandActionResult.lisp, /home/kathleen/catkin_ws/devel/share/common-lisp/ros/pr2_controllers_msgs/msg/_package_Pr2GripperCommandActionResult.lisp)
Linked: (/home/kathleen/catkin_ws/devel/.private/pr2_controllers_msgs/share/common-lisp/ros/pr2_controllers_msgs/msg/SingleJointPositionAction.lisp, /home/kathleen/catkin_ws/devel/share/common-lisp/ros/pr2_controllers_msgs/msg/SingleJointPositionAction.lisp)
Linked: (/home/kathleen/catkin_ws/devel/.private/pr2_controllers_msgs/share/common-lisp/ros/pr2_controllers_msgs/msg/_package_JointTrajectoryActionResult.lisp, /home/kathleen/catkin_ws/devel/share/common-lisp/ros/pr2_controllers_msgs/msg/_package_JointTrajectoryActionResult.lisp)
Linked: (/home/kathleen/catkin_ws/devel/.private/pr2_controllers_msgs/share/common-lisp/ros/pr2_controllers_msgs/msg/_package_JointControllerState.lisp, /home/kathleen/catkin_ws/devel/share/common-lisp/ros/pr2_controllers_msgs/msg/_package_JointControllerState.lisp)
Linked: (/home/kathleen/catkin_ws/devel/.private/pr2_controllers_msgs/share/common-lisp/ros/pr2_controllers_msgs/msg/JointTrajectoryGoal.lisp, /home/kathleen/catkin_ws/devel/share/common-lisp/ros/pr2_controllers_msgs/msg/JointTrajectoryGoal.lisp)
Linked: (/home/kathleen/catkin_ws/devel/.private/pr2_controllers_msgs/share/common-lisp/ros/pr2_controllers_msgs/msg/PointHeadActionResult.lisp, /home/kathleen/catkin_ws/devel/share/common-lisp/ros/pr2_controllers_msgs/msg/PointHeadActionResult.lisp)
Linked: (/home/kathleen/catkin_ws/devel/.private/pr2_controllers_msgs/share/common-lisp/ros/pr2_controllers_msgs/msg/_package_SingleJointPositionGoal.lisp, /home/kathleen/catkin_ws/devel/share/common-lisp/ros/pr2_controllers_msgs/msg/_package_SingleJointPositionGoal.lisp)
Linked: (/home/kathleen/catkin_ws/devel/.private/pr2_controllers_msgs/share/common-lisp/ros/pr2_controllers_msgs/msg/_package_PointHeadActionFeedback.lisp, /home/kathleen/catkin_ws/devel/share/common-lisp/ros/pr2_controllers_msgs/msg/_package_PointHeadActionFeedback.lisp)
Linked: (/home/kathleen/catkin_ws/devel/.private/pr2_controllers_msgs/share/common-lisp/ros/pr2_controllers_msgs/msg/PointHeadFeedback.lisp, /home/kathleen/catkin_ws/devel/share/common-lisp/ros/pr2_controllers_msgs/msg/PointHeadFeedback.lisp)
Linked: (/home/kathleen/catkin_ws/devel/.private/pr2_controllers_msgs/share/common-lisp/ros/pr2_controllers_msgs/msg/_package_SingleJointPositionActionGoal.lisp, /home/kathleen/catkin_ws/devel/share/common-lisp/ros/pr2_controllers_msgs/msg/_package_SingleJointPositionActionGoal.lisp)
Linked: (/home/kathleen/catkin_ws/devel/.private/pr2_controllers_msgs/share/common-lisp/ros/pr2_controllers_msgs/msg/_package_JointTrajectoryActionFeedback.lisp, /home/kathleen/catkin_ws/devel/share/common-lisp/ros/pr2_controllers_msgs/msg/_package_JointTrajectoryActionFeedback.lisp)
Linked: (/home/kathleen/catkin_ws/devel/.private/pr2_controllers_msgs/share/common-lisp/ros/pr2_controllers_msgs/msg/SingleJointPositionFeedback.lisp, /home/kathleen/catkin_ws/devel/share/common-lisp/ros/pr2_controllers_msgs/msg/SingleJointPositionFeedback.lisp)
Linked: (/home/kathleen/catkin_ws/devel/.private/pr2_controllers_msgs/share/common-lisp/ros/pr2_controllers_msgs/msg/Pr2GripperCommandResult.lisp, /home/kathleen/catkin_ws/devel/share/common-lisp/ros/pr2_controllers_msgs/msg/Pr2GripperCommandResult.lisp)
Linked: (/home/kathleen/catkin_ws/devel/.private/pr2_controllers_msgs/share/common-lisp/ros/pr2_controllers_msgs/msg/_package_SingleJointPositionFeedback.lisp, /home/kathleen/catkin_ws/devel/share/common-lisp/ros/pr2_controllers_msgs/msg/_package_SingleJointPositionFeedback.lisp)
Linked: (/home/kathleen/catkin_ws/devel/.private/pr2_controllers_msgs/share/common-lisp/ros/pr2_controllers_msgs/msg/SingleJointPositionResult.lisp, /home/kathleen/catkin_ws/devel/share/common-lisp/ros/pr2_controllers_msgs/msg/SingleJointPositionResult.lisp)
Linked: (/home/kathleen/catkin_ws/devel/.private/pr2_controllers_msgs/share/common-lisp/ros/pr2_controllers_msgs/msg/JointTrajectoryResult.lisp, /home/kathleen/catkin_ws/devel/share/common-lisp/ros/pr2_controllers_msgs/msg/JointTrajectoryResult.lisp)
Linked: (/home/kathleen/catkin_ws/devel/.private/pr2_controllers_msgs/share/common-lisp/ros/pr2_controllers_msgs/msg/_package.lisp, /home/kathleen/catkin_ws/devel/share/common-lisp/ros/pr2_controllers_msgs/msg/_package.lisp)
Linked: (/home/kathleen/catkin_ws/devel/.private/pr2_controllers_msgs/share/common-lisp/ros/pr2_controllers_msgs/msg/_package_PointHeadActionGoal.lisp, /home/kathleen/catkin_ws/devel/share/common-lisp/ros/pr2_controllers_msgs/msg/_package_PointHeadActionGoal.lisp)
Linked: (/home/kathleen/catkin_ws/devel/.private/pr2_controllers_msgs/share/common-lisp/ros/pr2_controllers_msgs/msg/JointTrajectoryActionGoal.lisp, /home/kathleen/catkin_ws/devel/share/common-lisp/ros/pr2_controllers_msgs/msg/JointTrajectoryActionGoal.lisp)
Linked: (/home/kathleen/catkin_ws/devel/.private/pr2_controllers_msgs/share/common-lisp/ros/pr2_controllers_msgs/msg/PointHeadGoal.lisp, /home/kathleen/catkin_ws/devel/share/common-lisp/ros/pr2_controllers_msgs/msg/PointHeadGoal.lisp)
Linked: (/home/kathleen/catkin_ws/devel/.private/pr2_controllers_msgs/share/common-lisp/ros/pr2_controllers_msgs/msg/Pr2GripperCommandFeedback.lisp, /home/kathleen/catkin_ws/devel/share/common-lisp/ros/pr2_controllers_msgs/msg/Pr2GripperCommandFeedback.lisp)
Linked: (/home/kathleen/catkin_ws/devel/.private/pr2_controllers_msgs/share/common-lisp/ros/pr2_controllers_msgs/msg/JointTrajectoryActionFeedback.lisp, /home/kathleen/catkin_ws/devel/share/common-lisp/ros/pr2_controllers_msgs/msg/JointTrajectoryActionFeedback.lisp)
Linked: (/home/kathleen/catkin_ws/devel/.private/pr2_controllers_msgs/share/common-lisp/ros/pr2_controllers_msgs/msg/_package_JointTrajectoryFeedback.lisp, /home/kathleen/catkin_ws/devel/share/common-lisp/ros/pr2_controllers_msgs/msg/_package_JointTrajectoryFeedback.lisp)
Linked: (/home/kathleen/catkin_ws/devel/.private/pr2_controllers_msgs/share/common-lisp/ros/pr2_controllers_msgs/msg/_package_Pr2GripperCommandActionFeedback.lisp, /home/kathleen/catkin_ws/devel/share/common-lisp/ros/pr2_controllers_msgs/msg/_package_Pr2GripperCommandActionFeedback.lisp)
Linked: (/home/kathleen/catkin_ws/devel/.private/pr2_controllers_msgs/share/common-lisp/ros/pr2_controllers_msgs/msg/PointHeadActionGoal.lisp, /home/kathleen/catkin_ws/devel/share/common-lisp/ros/pr2_controllers_msgs/msg/PointHeadActionGoal.lisp)
Linked: (/home/kathleen/catkin_ws/devel/.private/pr2_controllers_msgs/share/common-lisp/ros/pr2_controllers_msgs/msg/_package_Pr2GripperCommandResult.lisp, /home/kathleen/catkin_ws/devel/share/common-lisp/ros/pr2_controllers_msgs/msg/_package_Pr2GripperCommandResult.lisp)
Linked: (/home/kathleen/catkin_ws/devel/.private/pr2_controllers_msgs/share/common-lisp/ros/pr2_controllers_msgs/msg/_package_PointHeadResult.lisp, /home/kathleen/catkin_ws/devel/share/common-lisp/ros/pr2_controllers_msgs/msg/_package_PointHeadResult.lisp)
Linked: (/home/kathleen/catkin_ws/devel/.private/pr2_controllers_msgs/share/common-lisp/ros/pr2_controllers_msgs/msg/Pr2GripperCommandActionResult.lisp, /home/kathleen/catkin_ws/devel/share/common-lisp/ros/pr2_controllers_msgs/msg/Pr2GripperCommandActionResult.lisp)
Linked: (/home/kathleen/catkin_ws/devel/.private/pr2_controllers_msgs/share/common-lisp/ros/pr2_controllers_msgs/srv/pr2_controllers_msgs-srv.asd, /home/kathleen/catkin_ws/devel/share/common-lisp/ros/pr2_controllers_msgs/srv/pr2_controllers_msgs-srv.asd)
Linked: (/home/kathleen/catkin_ws/devel/.private/pr2_controllers_msgs/share/common-lisp/ros/pr2_controllers_msgs/srv/_package_QueryCalibrationState.lisp, /home/kathleen/catkin_ws/devel/share/common-lisp/ros/pr2_controllers_msgs/srv/_package_QueryCalibrationState.lisp)
Linked: (/home/kathleen/catkin_ws/devel/.private/pr2_controllers_msgs/share/common-lisp/ros/pr2_controllers_msgs/srv/QueryTrajectoryState.lisp, /home/kathleen/catkin_ws/devel/share/common-lisp/ros/pr2_controllers_msgs/srv/QueryTrajectoryState.lisp)
Linked: (/home/kathleen/catkin_ws/devel/.private/pr2_controllers_msgs/share/common-lisp/ros/pr2_controllers_msgs/srv/QueryCalibrationState.lisp, /home/kathleen/catkin_ws/devel/share/common-lisp/ros/pr2_controllers_msgs/srv/QueryCalibrationState.lisp)
Linked: (/home/kathleen/catkin_ws/devel/.private/pr2_controllers_msgs/share/common-lisp/ros/pr2_controllers_msgs/srv/_package_QueryTrajectoryState.lisp, /home/kathleen/catkin_ws/devel/share/common-lisp/ros/pr2_controllers_msgs/srv/_package_QueryTrajectoryState.lisp)
Linked: (/home/kathleen/catkin_ws/devel/.private/pr2_controllers_msgs/share/common-lisp/ros/pr2_controllers_msgs/srv/_package.lisp, /home/kathleen/catkin_ws/devel/share/common-lisp/ros/pr2_controllers_msgs/srv/_package.lisp)
Linked: (/home/kathleen/catkin_ws/devel/.private/pr2_controllers_msgs/share/gennodejs/ros/pr2_controllers_msgs/_index.js, /home/kathleen/catkin_ws/devel/share/gennodejs/ros/pr2_controllers_msgs/_index.js)
Linked: (/home/kathleen/catkin_ws/devel/.private/pr2_controllers_msgs/share/gennodejs/ros/pr2_controllers_msgs/msg/JointTrajectoryGoal.js, /home/kathleen/catkin_ws/devel/share/gennodejs/ros/pr2_controllers_msgs/msg/JointTrajectoryGoal.js)
Linked: (/home/kathleen/catkin_ws/devel/.private/pr2_controllers_msgs/share/gennodejs/ros/pr2_controllers_msgs/msg/PointHeadAction.js, /home/kathleen/catkin_ws/devel/share/gennodejs/ros/pr2_controllers_msgs/msg/PointHeadAction.js)
Linked: (/home/kathleen/catkin_ws/devel/.private/pr2_controllers_msgs/share/gennodejs/ros/pr2_controllers_msgs/msg/PointHeadFeedback.js, /home/kathleen/catkin_ws/devel/share/gennodejs/ros/pr2_controllers_msgs/msg/PointHeadFeedback.js)
Linked: (/home/kathleen/catkin_ws/devel/.private/pr2_controllers_msgs/share/gennodejs/ros/pr2_controllers_msgs/msg/Pr2GripperCommandActionFeedback.js, /home/kathleen/catkin_ws/devel/share/gennodejs/ros/pr2_controllers_msgs/msg/Pr2GripperCommandActionFeedback.js)
Linked: (/home/kathleen/catkin_ws/devel/.private/pr2_controllers_msgs/share/gennodejs/ros/pr2_controllers_msgs/msg/JointControllerState.js, /home/kathleen/catkin_ws/devel/share/gennodejs/ros/pr2_controllers_msgs/msg/JointControllerState.js)
Linked: (/home/kathleen/catkin_ws/devel/.private/pr2_controllers_msgs/share/gennodejs/ros/pr2_controllers_msgs/msg/SingleJointPositionActionFeedback.js, /home/kathleen/catkin_ws/devel/share/gennodejs/ros/pr2_controllers_msgs/msg/SingleJointPositionActionFeedback.js)
Linked: (/home/kathleen/catkin_ws/devel/.private/pr2_controllers_msgs/share/gennodejs/ros/pr2_controllers_msgs/msg/JointTrajectoryAction.js, /home/kathleen/catkin_ws/devel/share/gennodejs/ros/pr2_controllers_msgs/msg/JointTrajectoryAction.js)
Linked: (/home/kathleen/catkin_ws/devel/.private/pr2_controllers_msgs/share/gennodejs/ros/pr2_controllers_msgs/msg/JointTrajectoryActionResult.js, /home/kathleen/catkin_ws/devel/share/gennodejs/ros/pr2_controllers_msgs/msg/JointTrajectoryActionResult.js)
Linked: (/home/kathleen/catkin_ws/devel/.private/pr2_controllers_msgs/share/gennodejs/ros/pr2_controllers_msgs/msg/Pr2GripperCommand.js, /home/kathleen/catkin_ws/devel/share/gennodejs/ros/pr2_controllers_msgs/msg/Pr2GripperCommand.js)
Linked: (/home/kathleen/catkin_ws/devel/.private/pr2_controllers_msgs/share/gennodejs/ros/pr2_controllers_msgs/msg/SingleJointPositionResult.js, /home/kathleen/catkin_ws/devel/share/gennodejs/ros/pr2_controllers_msgs/msg/SingleJointPositionResult.js)
Linked: (/home/kathleen/catkin_ws/devel/.private/pr2_controllers_msgs/share/gennodejs/ros/pr2_controllers_msgs/msg/PointHeadActionResult.js, /home/kathleen/catkin_ws/devel/share/gennodejs/ros/pr2_controllers_msgs/msg/PointHeadActionResult.js)
Linked: (/home/kathleen/catkin_ws/devel/.private/pr2_controllers_msgs/share/gennodejs/ros/pr2_controllers_msgs/msg/Pr2GripperCommandFeedback.js, /home/kathleen/catkin_ws/devel/share/gennodejs/ros/pr2_controllers_msgs/msg/Pr2GripperCommandFeedback.js)
Linked: (/home/kathleen/catkin_ws/devel/.private/pr2_controllers_msgs/share/gennodejs/ros/pr2_controllers_msgs/msg/JointTrajectoryActionFeedback.js, /home/kathleen/catkin_ws/devel/share/gennodejs/ros/pr2_controllers_msgs/msg/JointTrajectoryActionFeedback.js)
Linked: (/home/kathleen/catkin_ws/devel/.private/pr2_controllers_msgs/share/gennodejs/ros/pr2_controllers_msgs/msg/SingleJointPositionActionGoal.js, /home/kathleen/catkin_ws/devel/share/gennodejs/ros/pr2_controllers_msgs/msg/SingleJointPositionActionGoal.js)
Linked: (/home/kathleen/catkin_ws/devel/.private/pr2_controllers_msgs/share/gennodejs/ros/pr2_controllers_msgs/msg/Pr2GripperCommandActionGoal.js, /home/kathleen/catkin_ws/devel/share/gennodejs/ros/pr2_controllers_msgs/msg/Pr2GripperCommandActionGoal.js)
Linked: (/home/kathleen/catkin_ws/devel/.private/pr2_controllers_msgs/share/gennodejs/ros/pr2_controllers_msgs/msg/JointTrajectoryFeedback.js, /home/kathleen/catkin_ws/devel/share/gennodejs/ros/pr2_controllers_msgs/msg/JointTrajectoryFeedback.js)
Linked: (/home/kathleen/catkin_ws/devel/.private/pr2_controllers_msgs/share/gennodejs/ros/pr2_controllers_msgs/msg/JointTrajectoryActionGoal.js, /home/kathleen/catkin_ws/devel/share/gennodejs/ros/pr2_controllers_msgs/msg/JointTrajectoryActionGoal.js)
Linked: (/home/kathleen/catkin_ws/devel/.private/pr2_controllers_msgs/share/gennodejs/ros/pr2_controllers_msgs/msg/SingleJointPositionGoal.js, /home/kathleen/catkin_ws/devel/share/gennodejs/ros/pr2_controllers_msgs/msg/SingleJointPositionGoal.js)
Linked: (/home/kathleen/catkin_ws/devel/.private/pr2_controllers_msgs/share/gennodejs/ros/pr2_controllers_msgs/msg/SingleJointPositionAction.js, /home/kathleen/catkin_ws/devel/share/gennodejs/ros/pr2_controllers_msgs/msg/SingleJointPositionAction.js)
Linked: (/home/kathleen/catkin_ws/devel/.private/pr2_controllers_msgs/share/gennodejs/ros/pr2_controllers_msgs/msg/_index.js, /home/kathleen/catkin_ws/devel/share/gennodejs/ros/pr2_controllers_msgs/msg/_index.js)
Linked: (/home/kathleen/catkin_ws/devel/.private/pr2_controllers_msgs/share/gennodejs/ros/pr2_controllers_msgs/msg/SingleJointPositionFeedback.js, /home/kathleen/catkin_ws/devel/share/gennodejs/ros/pr2_controllers_msgs/msg/SingleJointPositionFeedback.js)
Linked: (/home/kathleen/catkin_ws/devel/.private/pr2_controllers_msgs/share/gennodejs/ros/pr2_controllers_msgs/msg/PointHeadResult.js, /home/kathleen/catkin_ws/devel/share/gennodejs/ros/pr2_controllers_msgs/msg/PointHeadResult.js)
Linked: (/home/kathleen/catkin_ws/devel/.private/pr2_controllers_msgs/share/gennodejs/ros/pr2_controllers_msgs/msg/Pr2GripperCommandResult.js, /home/kathleen/catkin_ws/devel/share/gennodejs/ros/pr2_controllers_msgs/msg/Pr2GripperCommandResult.js)
Linked: (/home/kathleen/catkin_ws/devel/.private/pr2_controllers_msgs/share/gennodejs/ros/pr2_controllers_msgs/msg/JointTrajectoryResult.js, /home/kathleen/catkin_ws/devel/share/gennodejs/ros/pr2_controllers_msgs/msg/JointTrajectoryResult.js)
Linked: (/home/kathleen/catkin_ws/devel/.private/pr2_controllers_msgs/share/gennodejs/ros/pr2_controllers_msgs/msg/Pr2GripperCommandActionResult.js, /home/kathleen/catkin_ws/devel/share/gennodejs/ros/pr2_controllers_msgs/msg/Pr2GripperCommandActionResult.js)
Linked: (/home/kathleen/catkin_ws/devel/.private/pr2_controllers_msgs/share/gennodejs/ros/pr2_controllers_msgs/msg/PointHeadActionFeedback.js, /home/kathleen/catkin_ws/devel/share/gennodejs/ros/pr2_controllers_msgs/msg/PointHeadActionFeedback.js)
Linked: (/home/kathleen/catkin_ws/devel/.private/pr2_controllers_msgs/share/gennodejs/ros/pr2_controllers_msgs/msg/Pr2GripperCommandAction.js, /home/kathleen/catkin_ws/devel/share/gennodejs/ros/pr2_controllers_msgs/msg/Pr2GripperCommandAction.js)
Linked: (/home/kathleen/catkin_ws/devel/.private/pr2_controllers_msgs/share/gennodejs/ros/pr2_controllers_msgs/msg/SingleJointPositionActionResult.js, /home/kathleen/catkin_ws/devel/share/gennodejs/ros/pr2_controllers_msgs/msg/SingleJointPositionActionResult.js)
Linked: (/home/kathleen/catkin_ws/devel/.private/pr2_controllers_msgs/share/gennodejs/ros/pr2_controllers_msgs/msg/PointHeadGoal.js, /home/kathleen/catkin_ws/devel/share/gennodejs/ros/pr2_controllers_msgs/msg/PointHeadGoal.js)
Linked: (/home/kathleen/catkin_ws/devel/.private/pr2_controllers_msgs/share/gennodejs/ros/pr2_controllers_msgs/msg/JointTrajectoryControllerState.js, /home/kathleen/catkin_ws/devel/share/gennodejs/ros/pr2_controllers_msgs/msg/JointTrajectoryControllerState.js)
Linked: (/home/kathleen/catkin_ws/devel/.private/pr2_controllers_msgs/share/gennodejs/ros/pr2_controllers_msgs/msg/Pr2GripperCommandGoal.js, /home/kathleen/catkin_ws/devel/share/gennodejs/ros/pr2_controllers_msgs/msg/Pr2GripperCommandGoal.js)
Linked: (/home/kathleen/catkin_ws/devel/.private/pr2_controllers_msgs/share/gennodejs/ros/pr2_controllers_msgs/msg/PointHeadActionGoal.js, /home/kathleen/catkin_ws/devel/share/gennodejs/ros/pr2_controllers_msgs/msg/PointHeadActionGoal.js)
Linked: (/home/kathleen/catkin_ws/devel/.private/pr2_controllers_msgs/share/gennodejs/ros/pr2_controllers_msgs/srv/QueryTrajectoryState.js, /home/kathleen/catkin_ws/devel/share/gennodejs/ros/pr2_controllers_msgs/srv/QueryTrajectoryState.js)
Linked: (/home/kathleen/catkin_ws/devel/.private/pr2_controllers_msgs/share/gennodejs/ros/pr2_controllers_msgs/srv/_index.js, /home/kathleen/catkin_ws/devel/share/gennodejs/ros/pr2_controllers_msgs/srv/_index.js)
Linked: (/home/kathleen/catkin_ws/devel/.private/pr2_controllers_msgs/share/gennodejs/ros/pr2_controllers_msgs/srv/QueryCalibrationState.js, /home/kathleen/catkin_ws/devel/share/gennodejs/ros/pr2_controllers_msgs/srv/QueryCalibrationState.js)
Linked: (/home/kathleen/catkin_ws/devel/.private/pr2_controllers_msgs/lib/pkgconfig/pr2_controllers_msgs.pc, /home/kathleen/catkin_ws/devel/lib/pkgconfig/pr2_controllers_msgs.pc)
Linked: (/home/kathleen/catkin_ws/devel/.private/pr2_controllers_msgs/lib/python2.7/dist-packages/pr2_controllers_msgs/__init__.py, /home/kathleen/catkin_ws/devel/lib/python2.7/dist-packages/pr2_controllers_msgs/__init__.py)
Linked: (/home/kathleen/catkin_ws/devel/.private/pr2_controllers_msgs/lib/python2.7/dist-packages/pr2_controllers_msgs/msg/_SingleJointPositionActionFeedback.py, /home/kathleen/catkin_ws/devel/lib/python2.7/dist-packages/pr2_controllers_msgs/msg/_SingleJointPositionActionFeedback.py)
Linked: (/home/kathleen/catkin_ws/devel/.private/pr2_controllers_msgs/lib/python2.7/dist-packages/pr2_controllers_msgs/msg/_JointTrajectoryActionFeedback.py, /home/kathleen/catkin_ws/devel/lib/python2.7/dist-packages/pr2_controllers_msgs/msg/_JointTrajectoryActionFeedback.py)
Linked: (/home/kathleen/catkin_ws/devel/.private/pr2_controllers_msgs/lib/python2.7/dist-packages/pr2_controllers_msgs/msg/_PointHeadActionGoal.py, /home/kathleen/catkin_ws/devel/lib/python2.7/dist-packages/pr2_controllers_msgs/msg/_PointHeadActionGoal.py)
Linked: (/home/kathleen/catkin_ws/devel/.private/pr2_controllers_msgs/lib/python2.7/dist-packages/pr2_controllers_msgs/msg/_PointHeadAction.py, /home/kathleen/catkin_ws/devel/lib/python2.7/dist-packages/pr2_controllers_msgs/msg/_PointHeadAction.py)
Linked: (/home/kathleen/catkin_ws/devel/.private/pr2_controllers_msgs/lib/python2.7/dist-packages/pr2_controllers_msgs/msg/_JointTrajectoryControllerState.py, /home/kathleen/catkin_ws/devel/lib/python2.7/dist-packages/pr2_controllers_msgs/msg/_JointTrajectoryControllerState.py)
Linked: (/home/kathleen/catkin_ws/devel/.private/pr2_controllers_msgs/lib/python2.7/dist-packages/pr2_controllers_msgs/msg/_PointHeadActionFeedback.py, /home/kathleen/catkin_ws/devel/lib/python2.7/dist-packages/pr2_controllers_msgs/msg/_PointHeadActionFeedback.py)
Linked: (/home/kathleen/catkin_ws/devel/.private/pr2_controllers_msgs/lib/python2.7/dist-packages/pr2_controllers_msgs/msg/_PointHeadFeedback.py, /home/kathleen/catkin_ws/devel/lib/python2.7/dist-packages/pr2_controllers_msgs/msg/_PointHeadFeedback.py)
Linked: (/home/kathleen/catkin_ws/devel/.private/pr2_controllers_msgs/lib/python2.7/dist-packages/pr2_controllers_msgs/msg/_Pr2GripperCommandActionGoal.py, /home/kathleen/catkin_ws/devel/lib/python2.7/dist-packages/pr2_controllers_msgs/msg/_Pr2GripperCommandActionGoal.py)
Linked: (/home/kathleen/catkin_ws/devel/.private/pr2_controllers_msgs/lib/python2.7/dist-packages/pr2_controllers_msgs/msg/_SingleJointPositionActionResult.py, /home/kathleen/catkin_ws/devel/lib/python2.7/dist-packages/pr2_controllers_msgs/msg/_SingleJointPositionActionResult.py)
Linked: (/home/kathleen/catkin_ws/devel/.private/pr2_controllers_msgs/lib/python2.7/dist-packages/pr2_controllers_msgs/msg/_SingleJointPositionGoal.py, /home/kathleen/catkin_ws/devel/lib/python2.7/dist-packages/pr2_controllers_msgs/msg/_SingleJointPositionGoal.py)
Linked: (/home/kathleen/catkin_ws/devel/.private/pr2_controllers_msgs/lib/python2.7/dist-packages/pr2_controllers_msgs/msg/_JointTrajectoryGoal.py, /home/kathleen/catkin_ws/devel/lib/python2.7/dist-packages/pr2_controllers_msgs/msg/_JointTrajectoryGoal.py)
Linked: (/home/kathleen/catkin_ws/devel/.private/pr2_controllers_msgs/lib/python2.7/dist-packages/pr2_controllers_msgs/msg/_JointTrajectoryResult.py, /home/kathleen/catkin_ws/devel/lib/python2.7/dist-packages/pr2_controllers_msgs/msg/_JointTrajectoryResult.py)
Linked: (/home/kathleen/catkin_ws/devel/.private/pr2_controllers_msgs/lib/python2.7/dist-packages/pr2_controllers_msgs/msg/_Pr2GripperCommandFeedback.py, /home/kathleen/catkin_ws/devel/lib/python2.7/dist-packages/pr2_controllers_msgs/msg/_Pr2GripperCommandFeedback.py)
Linked: (/home/kathleen/catkin_ws/devel/.private/pr2_controllers_msgs/lib/python2.7/dist-packages/pr2_controllers_msgs/msg/_JointControllerState.py, /home/kathleen/catkin_ws/devel/lib/python2.7/dist-packages/pr2_controllers_msgs/msg/_JointControllerState.py)
Linked: (/home/kathleen/catkin_ws/devel/.private/pr2_controllers_msgs/lib/python2.7/dist-packages/pr2_controllers_msgs/msg/_Pr2GripperCommandGoal.py, /home/kathleen/catkin_ws/devel/lib/python2.7/dist-packages/pr2_controllers_msgs/msg/_Pr2GripperCommandGoal.py)
Linked: (/home/kathleen/catkin_ws/devel/.private/pr2_controllers_msgs/lib/python2.7/dist-packages/pr2_controllers_msgs/msg/_Pr2GripperCommandResult.py, /home/kathleen/catkin_ws/devel/lib/python2.7/dist-packages/pr2_controllers_msgs/msg/_Pr2GripperCommandResult.py)
Linked: (/home/kathleen/catkin_ws/devel/.private/pr2_controllers_msgs/lib/python2.7/dist-packages/pr2_controllers_msgs/msg/_JointTrajectoryFeedback.py, /home/kathleen/catkin_ws/devel/lib/python2.7/dist-packages/pr2_controllers_msgs/msg/_JointTrajectoryFeedback.py)
Linked: (/home/kathleen/catkin_ws/devel/.private/pr2_controllers_msgs/lib/python2.7/dist-packages/pr2_controllers_msgs/msg/_JointTrajectoryActionGoal.py, /home/kathleen/catkin_ws/devel/lib/python2.7/dist-packages/pr2_controllers_msgs/msg/_JointTrajectoryActionGoal.py)
Linked: (/home/kathleen/catkin_ws/devel/.private/pr2_controllers_msgs/lib/python2.7/dist-packages/pr2_controllers_msgs/msg/_Pr2GripperCommandActionResult.py, /home/kathleen/catkin_ws/devel/lib/python2.7/dist-packages/pr2_controllers_msgs/msg/_Pr2GripperCommandActionResult.py)
Linked: (/home/kathleen/catkin_ws/devel/.private/pr2_controllers_msgs/lib/python2.7/dist-packages/pr2_controllers_msgs/msg/_SingleJointPositionAction.py, /home/kathleen/catkin_ws/devel/lib/python2.7/dist-packages/pr2_controllers_msgs/msg/_SingleJointPositionAction.py)
Linked: (/home/kathleen/catkin_ws/devel/.private/pr2_controllers_msgs/lib/python2.7/dist-packages/pr2_controllers_msgs/msg/_PointHeadActionResult.py, /home/kathleen/catkin_ws/devel/lib/python2.7/dist-packages/pr2_controllers_msgs/msg/_PointHeadActionResult.py)
Linked: (/home/kathleen/catkin_ws/devel/.private/pr2_controllers_msgs/lib/python2.7/dist-packages/pr2_controllers_msgs/msg/_PointHeadResult.py, /home/kathleen/catkin_ws/devel/lib/python2.7/dist-packages/pr2_controllers_msgs/msg/_PointHeadResult.py)
Linked: (/home/kathleen/catkin_ws/devel/.private/pr2_controllers_msgs/lib/python2.7/dist-packages/pr2_controllers_msgs/msg/_Pr2GripperCommandActionFeedback.py, /home/kathleen/catkin_ws/devel/lib/python2.7/dist-packages/pr2_controllers_msgs/msg/_Pr2GripperCommandActionFeedback.py)
Linked: (/home/kathleen/catkin_ws/devel/.private/pr2_controllers_msgs/lib/python2.7/dist-packages/pr2_controllers_msgs/msg/_SingleJointPositionResult.py, /home/kathleen/catkin_ws/devel/lib/python2.7/dist-packages/pr2_controllers_msgs/msg/_SingleJointPositionResult.py)
Linked: (/home/kathleen/catkin_ws/devel/.private/pr2_controllers_msgs/lib/python2.7/dist-packages/pr2_controllers_msgs/msg/_SingleJointPositionFeedback.py, /home/kathleen/catkin_ws/devel/lib/python2.7/dist-packages/pr2_controllers_msgs/msg/_SingleJointPositionFeedback.py)
Linked: (/home/kathleen/catkin_ws/devel/.private/pr2_controllers_msgs/lib/python2.7/dist-packages/pr2_controllers_msgs/msg/_PointHeadGoal.py, /home/kathleen/catkin_ws/devel/lib/python2.7/dist-packages/pr2_controllers_msgs/msg/_PointHeadGoal.py)
Linked: (/home/kathleen/catkin_ws/devel/.private/pr2_controllers_msgs/lib/python2.7/dist-packages/pr2_controllers_msgs/msg/_Pr2GripperCommandAction.py, /home/kathleen/catkin_ws/devel/lib/python2.7/dist-packages/pr2_controllers_msgs/msg/_Pr2GripperCommandAction.py)
Linked: (/home/kathleen/catkin_ws/devel/.private/pr2_controllers_msgs/lib/python2.7/dist-packages/pr2_controllers_msgs/msg/_JointTrajectoryAction.py, /home/kathleen/catkin_ws/devel/lib/python2.7/dist-packages/pr2_controllers_msgs/msg/_JointTrajectoryAction.py)
Linked: (/home/kathleen/catkin_ws/devel/.private/pr2_controllers_msgs/lib/python2.7/dist-packages/pr2_controllers_msgs/msg/_SingleJointPositionActionGoal.py, /home/kathleen/catkin_ws/devel/lib/python2.7/dist-packages/pr2_controllers_msgs/msg/_SingleJointPositionActionGoal.py)
Linked: (/home/kathleen/catkin_ws/devel/.private/pr2_controllers_msgs/lib/python2.7/dist-packages/pr2_controllers_msgs/msg/_Pr2GripperCommand.py, /home/kathleen/catkin_ws/devel/lib/python2.7/dist-packages/pr2_controllers_msgs/msg/_Pr2GripperCommand.py)
Linked: (/home/kathleen/catkin_ws/devel/.private/pr2_controllers_msgs/lib/python2.7/dist-packages/pr2_controllers_msgs/msg/_JointTrajectoryActionResult.py, /home/kathleen/catkin_ws/devel/lib/python2.7/dist-packages/pr2_controllers_msgs/msg/_JointTrajectoryActionResult.py)
Linked: (/home/kathleen/catkin_ws/devel/.private/pr2_controllers_msgs/lib/python2.7/dist-packages/pr2_controllers_msgs/msg/__init__.py, /home/kathleen/catkin_ws/devel/lib/python2.7/dist-packages/pr2_controllers_msgs/msg/__init__.py)
Linked: (/home/kathleen/catkin_ws/devel/.private/pr2_controllers_msgs/lib/python2.7/dist-packages/pr2_controllers_msgs/srv/_QueryCalibrationState.py, /home/kathleen/catkin_ws/devel/lib/python2.7/dist-packages/pr2_controllers_msgs/srv/_QueryCalibrationState.py)
Linked: (/home/kathleen/catkin_ws/devel/.private/pr2_controllers_msgs/lib/python2.7/dist-packages/pr2_controllers_msgs/srv/_QueryTrajectoryState.py, /home/kathleen/catkin_ws/devel/lib/python2.7/dist-packages/pr2_controllers_msgs/srv/_QueryTrajectoryState.py)
Linked: (/home/kathleen/catkin_ws/devel/.private/pr2_controllers_msgs/lib/python2.7/dist-packages/pr2_controllers_msgs/srv/__init__.py, /home/kathleen/catkin_ws/devel/lib/python2.7/dist-packages/pr2_controllers_msgs/srv/__init__.py)
Linked: (/home/kathleen/catkin_ws/devel/.private/pr2_controllers_msgs/include/pr2_controllers_msgs/QueryCalibrationStateRequest.h, /home/kathleen/catkin_ws/devel/include/pr2_controllers_msgs/QueryCalibrationStateRequest.h)
Linked: (/home/kathleen/catkin_ws/devel/.private/pr2_controllers_msgs/include/pr2_controllers_msgs/JointControllerState.h, /home/kathleen/catkin_ws/devel/include/pr2_controllers_msgs/JointControllerState.h)
Linked: (/home/kathleen/catkin_ws/devel/.private/pr2_controllers_msgs/include/pr2_controllers_msgs/PointHeadGoal.h, /home/kathleen/catkin_ws/devel/include/pr2_controllers_msgs/PointHeadGoal.h)
Linked: (/home/kathleen/catkin_ws/devel/.private/pr2_controllers_msgs/include/pr2_controllers_msgs/Pr2GripperCommand.h, /home/kathleen/catkin_ws/devel/include/pr2_controllers_msgs/Pr2GripperCommand.h)
Linked: (/home/kathleen/catkin_ws/devel/.private/pr2_controllers_msgs/include/pr2_controllers_msgs/PointHeadAction.h, /home/kathleen/catkin_ws/devel/include/pr2_controllers_msgs/PointHeadAction.h)
Linked: (/home/kathleen/catkin_ws/devel/.private/pr2_controllers_msgs/include/pr2_controllers_msgs/JointTrajectoryGoal.h, /home/kathleen/catkin_ws/devel/include/pr2_controllers_msgs/JointTrajectoryGoal.h)
Linked: (/home/kathleen/catkin_ws/devel/.private/pr2_controllers_msgs/include/pr2_controllers_msgs/JointTrajectoryActionResult.h, /home/kathleen/catkin_ws/devel/include/pr2_controllers_msgs/JointTrajectoryActionResult.h)
Linked: (/home/kathleen/catkin_ws/devel/.private/pr2_controllers_msgs/include/pr2_controllers_msgs/JointTrajectoryActionFeedback.h, /home/kathleen/catkin_ws/devel/include/pr2_controllers_msgs/JointTrajectoryActionFeedback.h)
Linked: (/home/kathleen/catkin_ws/devel/.private/pr2_controllers_msgs/include/pr2_controllers_msgs/Pr2GripperCommandActionGoal.h, /home/kathleen/catkin_ws/devel/include/pr2_controllers_msgs/Pr2GripperCommandActionGoal.h)
Linked: (/home/kathleen/catkin_ws/devel/.private/pr2_controllers_msgs/include/pr2_controllers_msgs/SingleJointPositionGoal.h, /home/kathleen/catkin_ws/devel/include/pr2_controllers_msgs/SingleJointPositionGoal.h)
Linked: (/home/kathleen/catkin_ws/devel/.private/pr2_controllers_msgs/include/pr2_controllers_msgs/JointTrajectoryResult.h, /home/kathleen/catkin_ws/devel/include/pr2_controllers_msgs/JointTrajectoryResult.h)
Linked: (/home/kathleen/catkin_ws/devel/.private/pr2_controllers_msgs/include/pr2_controllers_msgs/PointHeadActionResult.h, /home/kathleen/catkin_ws/devel/include/pr2_controllers_msgs/PointHeadActionResult.h)
Linked: (/home/kathleen/catkin_ws/devel/.private/pr2_controllers_msgs/include/pr2_controllers_msgs/QueryTrajectoryStateRequest.h, /home/kathleen/catkin_ws/devel/include/pr2_controllers_msgs/QueryTrajectoryStateRequest.h)
Linked: (/home/kathleen/catkin_ws/devel/.private/pr2_controllers_msgs/include/pr2_controllers_msgs/Pr2GripperCommandGoal.h, /home/kathleen/catkin_ws/devel/include/pr2_controllers_msgs/Pr2GripperCommandGoal.h)
Linked: (/home/kathleen/catkin_ws/devel/.private/pr2_controllers_msgs/include/pr2_controllers_msgs/SingleJointPositionAction.h, /home/kathleen/catkin_ws/devel/include/pr2_controllers_msgs/SingleJointPositionAction.h)
Linked: (/home/kathleen/catkin_ws/devel/.private/pr2_controllers_msgs/include/pr2_controllers_msgs/SingleJointPositionFeedback.h, /home/kathleen/catkin_ws/devel/include/pr2_controllers_msgs/SingleJointPositionFeedback.h)
Linked: (/home/kathleen/catkin_ws/devel/.private/pr2_controllers_msgs/include/pr2_controllers_msgs/SingleJointPositionResult.h, /home/kathleen/catkin_ws/devel/include/pr2_controllers_msgs/SingleJointPositionResult.h)
Linked: (/home/kathleen/catkin_ws/devel/.private/pr2_controllers_msgs/include/pr2_controllers_msgs/PointHeadResult.h, /home/kathleen/catkin_ws/devel/include/pr2_controllers_msgs/PointHeadResult.h)
Linked: (/home/kathleen/catkin_ws/devel/.private/pr2_controllers_msgs/include/pr2_controllers_msgs/JointTrajectoryControllerState.h, /home/kathleen/catkin_ws/devel/include/pr2_controllers_msgs/JointTrajectoryControllerState.h)
Linked: (/home/kathleen/catkin_ws/devel/.private/pr2_controllers_msgs/include/pr2_controllers_msgs/PointHeadActionGoal.h, /home/kathleen/catkin_ws/devel/include/pr2_controllers_msgs/PointHeadActionGoal.h)
Linked: (/home/kathleen/catkin_ws/devel/.private/pr2_controllers_msgs/include/pr2_controllers_msgs/SingleJointPositionActionResult.h, /home/kathleen/catkin_ws/devel/include/pr2_controllers_msgs/SingleJointPositionActionResult.h)
Linked: (/home/kathleen/catkin_ws/devel/.private/pr2_controllers_msgs/include/pr2_controllers_msgs/QueryCalibrationStateResponse.h, /home/kathleen/catkin_ws/devel/include/pr2_controllers_msgs/QueryCalibrationStateResponse.h)
Linked: (/home/kathleen/catkin_ws/devel/.private/pr2_controllers_msgs/include/pr2_controllers_msgs/PointHeadActionFeedback.h, /home/kathleen/catkin_ws/devel/include/pr2_controllers_msgs/PointHeadActionFeedback.h)
Linked: (/home/kathleen/catkin_ws/devel/.private/pr2_controllers_msgs/include/pr2_controllers_msgs/Pr2GripperCommandFeedback.h, /home/kathleen/catkin_ws/devel/include/pr2_controllers_msgs/Pr2GripperCommandFeedback.h)
Linked: (/home/kathleen/catkin_ws/devel/.private/pr2_controllers_msgs/include/pr2_controllers_msgs/PointHeadFeedback.h, /home/kathleen/catkin_ws/devel/include/pr2_controllers_msgs/PointHeadFeedback.h)
Linked: (/home/kathleen/catkin_ws/devel/.private/pr2_controllers_msgs/include/pr2_controllers_msgs/JointTrajectoryActionGoal.h, /home/kathleen/catkin_ws/devel/include/pr2_controllers_msgs/JointTrajectoryActionGoal.h)
Linked: (/home/kathleen/catkin_ws/devel/.private/pr2_controllers_msgs/include/pr2_controllers_msgs/QueryCalibrationState.h, /home/kathleen/catkin_ws/devel/include/pr2_controllers_msgs/QueryCalibrationState.h)
Linked: (/home/kathleen/catkin_ws/devel/.private/pr2_controllers_msgs/include/pr2_controllers_msgs/SingleJointPositionActionGoal.h, /home/kathleen/catkin_ws/devel/include/pr2_controllers_msgs/SingleJointPositionActionGoal.h)
Linked: (/home/kathleen/catkin_ws/devel/.private/pr2_controllers_msgs/include/pr2_controllers_msgs/JointTrajectoryAction.h, /home/kathleen/catkin_ws/devel/include/pr2_controllers_msgs/JointTrajectoryAction.h)
Linked: (/home/kathleen/catkin_ws/devel/.private/pr2_controllers_msgs/include/pr2_controllers_msgs/Pr2GripperCommandResult.h, /home/kathleen/catkin_ws/devel/include/pr2_controllers_msgs/Pr2GripperCommandResult.h)
Linked: (/home/kathleen/catkin_ws/devel/.private/pr2_controllers_msgs/include/pr2_controllers_msgs/Pr2GripperCommandAction.h, /home/kathleen/catkin_ws/devel/include/pr2_controllers_msgs/Pr2GripperCommandAction.h)
Linked: (/home/kathleen/catkin_ws/devel/.private/pr2_controllers_msgs/include/pr2_controllers_msgs/SingleJointPositionActionFeedback.h, /home/kathleen/catkin_ws/devel/include/pr2_controllers_msgs/SingleJointPositionActionFeedback.h)
Linked: (/home/kathleen/catkin_ws/devel/.private/pr2_controllers_msgs/include/pr2_controllers_msgs/Pr2GripperCommandActionResult.h, /home/kathleen/catkin_ws/devel/include/pr2_controllers_msgs/Pr2GripperCommandActionResult.h)
Linked: (/home/kathleen/catkin_ws/devel/.private/pr2_controllers_msgs/include/pr2_controllers_msgs/QueryTrajectoryStateResponse.h, /home/kathleen/catkin_ws/devel/include/pr2_controllers_msgs/QueryTrajectoryStateResponse.h)
Linked: (/home/kathleen/catkin_ws/devel/.private/pr2_controllers_msgs/include/pr2_controllers_msgs/QueryTrajectoryState.h, /home/kathleen/catkin_ws/devel/include/pr2_controllers_msgs/QueryTrajectoryState.h)
Linked: (/home/kathleen/catkin_ws/devel/.private/pr2_controllers_msgs/include/pr2_controllers_msgs/Pr2GripperCommandActionFeedback.h, /home/kathleen/catkin_ws/devel/include/pr2_controllers_msgs/Pr2GripperCommandActionFeedback.h)
Linked: (/home/kathleen/catkin_ws/devel/.private/pr2_controllers_msgs/include/pr2_controllers_msgs/JointTrajectoryFeedback.h, /home/kathleen/catkin_ws/devel/include/pr2_controllers_msgs/JointTrajectoryFeedback.h)
