[35m[1mScanning dependencies of target _pr2_controllers_msgs_generate_messages_check_deps_SingleJointPositionActionGoal[0m
[35m[1mScanning dependencies of target _pr2_controllers_msgs_generate_messages_check_deps_PointHeadActionResult[0m
[35m[1mScanning dependencies of target _pr2_controllers_msgs_generate_messages_check_deps_SingleJointPositionResult[0m
[35m[1mScanning dependencies of target _pr2_controllers_msgs_generate_messages_check_deps_PointHeadActionGoal[0m
[35m[1mScanning dependencies of target _pr2_controllers_msgs_generate_messages_check_deps_SingleJointPositionActionResult[0m
[35m[1mScanning dependencies of target _pr2_controllers_msgs_generate_messages_check_deps_SingleJointPositionGoal[0m
[35m[1mScanning dependencies of target _pr2_controllers_msgs_generate_messages_check_deps_JointTrajectoryGoal[0m
[  0%] Built target _pr2_controllers_msgs_generate_messages_check_deps_SingleJointPositionActionGoal
[35m[1mScanning dependencies of target _pr2_controllers_msgs_generate_messages_check_deps_SingleJointPositionActionFeedback[0m
[  0%] Built target _pr2_controllers_msgs_generate_messages_check_deps_SingleJointPositionGoal
[  0%] Built target _pr2_controllers_msgs_generate_messages_check_deps_SingleJointPositionResult
[  0%] Built target _pr2_controllers_msgs_generate_messages_check_deps_JointTrajectoryGoal
[  0%] Built target _pr2_controllers_msgs_generate_messages_check_deps_SingleJointPositionActionResult
[  0%] Built target _pr2_controllers_msgs_generate_messages_check_deps_PointHeadActionResult
[35m[1mScanning dependencies of target actionlib_msgs_generate_messages_eus[0m
[35m[1mScanning dependencies of target _pr2_controllers_msgs_generate_messages_check_deps_JointTrajectoryAction[0m
[  0%] Built target _pr2_controllers_msgs_generate_messages_check_deps_PointHeadActionGoal
[35m[1mScanning dependencies of target _pr2_controllers_msgs_generate_messages_check_deps_PointHeadAction[0m
[35m[1mScanning dependencies of target _pr2_controllers_msgs_generate_messages_check_deps_Pr2GripperCommandFeedback[0m
[35m[1mScanning dependencies of target _pr2_controllers_msgs_generate_messages_check_deps_Pr2GripperCommandActionResult[0m
[  0%] Built target _pr2_controllers_msgs_generate_messages_check_deps_SingleJointPositionActionFeedback
[  0%] Built target actionlib_msgs_generate_messages_eus
[  0%] Built target _pr2_controllers_msgs_generate_messages_check_deps_Pr2GripperCommandFeedback
[35m[1mScanning dependencies of target trajectory_msgs_generate_messages_eus[0m
[  0%] Built target _pr2_controllers_msgs_generate_messages_check_deps_PointHeadAction
[  0%] Built target _pr2_controllers_msgs_generate_messages_check_deps_Pr2GripperCommandActionResult
[  0%] Built target trajectory_msgs_generate_messages_eus
[35m[1mScanning dependencies of target _pr2_controllers_msgs_generate_messages_check_deps_PointHeadGoal[0m
[35m[1mScanning dependencies of target std_msgs_generate_messages_eus[0m
[  0%] Built target _pr2_controllers_msgs_generate_messages_check_deps_JointTrajectoryAction
[35m[1mScanning dependencies of target _pr2_controllers_msgs_generate_messages_check_deps_JointTrajectoryResult[0m
[  0%] Built target std_msgs_generate_messages_eus
[35m[1mScanning dependencies of target geometry_msgs_generate_messages_eus[0m
[35m[1mScanning dependencies of target _pr2_controllers_msgs_generate_messages_check_deps_Pr2GripperCommandGoal[0m
[35m[1mScanning dependencies of target _pr2_controllers_msgs_generate_messages_check_deps_SingleJointPositionFeedback[0m
[  0%] Built target geometry_msgs_generate_messages_eus
[35m[1mScanning dependencies of target _pr2_controllers_msgs_generate_messages_check_deps_JointControllerState[0m
[  0%] Built target _pr2_controllers_msgs_generate_messages_check_deps_PointHeadGoal
[35m[1mScanning dependencies of target _pr2_controllers_msgs_generate_messages_check_deps_QueryCalibrationState[0m
[35m[1mScanning dependencies of target _pr2_controllers_msgs_generate_messages_check_deps_JointTrajectoryFeedback[0m
[  0%] Built target _pr2_controllers_msgs_generate_messages_check_deps_Pr2GripperCommandGoal
[  0%] Built target _pr2_controllers_msgs_generate_messages_check_deps_JointTrajectoryResult
[35m[1mScanning dependencies of target _pr2_controllers_msgs_generate_messages_check_deps_JointTrajectoryActionResult[0m
[35m[1mScanning dependencies of target _pr2_controllers_msgs_generate_messages_check_deps_SingleJointPositionAction[0m
[  0%] Built target _pr2_controllers_msgs_generate_messages_check_deps_SingleJointPositionFeedback
[  0%] Built target _pr2_controllers_msgs_generate_messages_check_deps_QueryCalibrationState
[  0%] Built target _pr2_controllers_msgs_generate_messages_check_deps_JointTrajectoryFeedback
[  0%] Built target _pr2_controllers_msgs_generate_messages_check_deps_JointControllerState
[  0%] Built target _pr2_controllers_msgs_generate_messages_check_deps_SingleJointPositionAction
[35m[1mScanning dependencies of target _pr2_controllers_msgs_generate_messages_check_deps_Pr2GripperCommandResult[0m
[  0%] Built target _pr2_controllers_msgs_generate_messages_check_deps_JointTrajectoryActionResult
[  0%] Built target _pr2_controllers_msgs_generate_messages_check_deps_Pr2GripperCommandResult
[35m[1mScanning dependencies of target _pr2_controllers_msgs_generate_messages_check_deps_JointTrajectoryActionFeedback[0m
[35m[1mScanning dependencies of target _pr2_controllers_msgs_generate_messages_check_deps_QueryTrajectoryState[0m
[  0%] Built target _pr2_controllers_msgs_generate_messages_check_deps_JointTrajectoryActionFeedback
[35m[1mScanning dependencies of target _pr2_controllers_msgs_generate_messages_check_deps_Pr2GripperCommandActionGoal[0m
[  0%] Built target _pr2_controllers_msgs_generate_messages_check_deps_QueryTrajectoryState
[35m[1mScanning dependencies of target _pr2_controllers_msgs_generate_messages_check_deps_Pr2GripperCommand[0m
[35m[1mScanning dependencies of target _pr2_controllers_msgs_generate_messages_check_deps_JointTrajectoryActionGoal[0m
[35m[1mScanning dependencies of target _pr2_controllers_msgs_generate_messages_check_deps_JointTrajectoryControllerState[0m
[  0%] Built target _pr2_controllers_msgs_generate_messages_check_deps_Pr2GripperCommandActionGoal
[  0%] Built target _pr2_controllers_msgs_generate_messages_check_deps_JointTrajectoryActionGoal
[  0%] Built target _pr2_controllers_msgs_generate_messages_check_deps_Pr2GripperCommand
[  0%] Built target _pr2_controllers_msgs_generate_messages_check_deps_JointTrajectoryControllerState
[35m[1mScanning dependencies of target _pr2_controllers_msgs_generate_messages_check_deps_Pr2GripperCommandAction[0m
[35m[1mScanning dependencies of target _pr2_controllers_msgs_generate_messages_check_deps_PointHeadActionFeedback[0m
[35m[1mScanning dependencies of target _pr2_controllers_msgs_generate_messages_check_deps_PointHeadFeedback[0m
[35m[1mScanning dependencies of target _pr2_controllers_msgs_generate_messages_check_deps_PointHeadResult[0m
[  0%] Built target _pr2_controllers_msgs_generate_messages_check_deps_PointHeadActionFeedback
[35m[1mScanning dependencies of target _pr2_controllers_msgs_generate_messages_check_deps_Pr2GripperCommandActionFeedback[0m
[  0%] Built target _pr2_controllers_msgs_generate_messages_check_deps_PointHeadFeedback
[35m[1mScanning dependencies of target std_msgs_generate_messages_py[0m
[  0%] Built target _pr2_controllers_msgs_generate_messages_check_deps_Pr2GripperCommandAction
[35m[1mScanning dependencies of target trajectory_msgs_generate_messages_py[0m
[  0%] Built target std_msgs_generate_messages_py
[35m[1mScanning dependencies of target actionlib_msgs_generate_messages_py[0m
[  0%] Built target trajectory_msgs_generate_messages_py
[  0%] Built target _pr2_controllers_msgs_generate_messages_check_deps_Pr2GripperCommandActionFeedback
[35m[1mScanning dependencies of target trajectory_msgs_generate_messages_nodejs[0m
[35m[1mScanning dependencies of target geometry_msgs_generate_messages_py[0m
[  0%] Built target actionlib_msgs_generate_messages_py
[  0%] Built target _pr2_controllers_msgs_generate_messages_check_deps_PointHeadResult
[  0%] Built target trajectory_msgs_generate_messages_nodejs
[35m[1mScanning dependencies of target geometry_msgs_generate_messages_nodejs[0m
[35m[1mScanning dependencies of target trajectory_msgs_generate_messages_lisp[0m
[  0%] Built target geometry_msgs_generate_messages_py
[35m[1mScanning dependencies of target actionlib_msgs_generate_messages_nodejs[0m
[  0%] Built target trajectory_msgs_generate_messages_lisp
[35m[1mScanning dependencies of target std_msgs_generate_messages_nodejs[0m
[35m[1mScanning dependencies of target geometry_msgs_generate_messages_lisp[0m
[35m[1mScanning dependencies of target std_msgs_generate_messages_lisp[0m
[  0%] Built target geometry_msgs_generate_messages_nodejs
[  0%] Built target std_msgs_generate_messages_nodejs
[  0%] Built target std_msgs_generate_messages_lisp
[  0%] Built target actionlib_msgs_generate_messages_nodejs
[  0%] Built target geometry_msgs_generate_messages_lisp
[35m[1mScanning dependencies of target actionlib_msgs_generate_messages_lisp[0m
[35m[1mScanning dependencies of target actionlib_msgs_generate_messages_cpp[0m
[35m[1mScanning dependencies of target trajectory_msgs_generate_messages_cpp[0m
[35m[1mScanning dependencies of target std_msgs_generate_messages_cpp[0m
[35m[1mScanning dependencies of target pr2_controllers_msgs_generate_messages_eus[0m
[  0%] Built target actionlib_msgs_generate_messages_lisp
[35m[1mScanning dependencies of target geometry_msgs_generate_messages_cpp[0m
[  0%] Built target trajectory_msgs_generate_messages_cpp
[  0%] Built target actionlib_msgs_generate_messages_cpp
[  0%] Built target std_msgs_generate_messages_cpp
[  1%] [34m[1mGenerating EusLisp code from pr2_controllers_msgs/PointHeadGoal.msg[0m
[  1%] [34m[1mGenerating EusLisp code from pr2_controllers_msgs/JointTrajectoryActionFeedback.msg[0m
[  1%] Built target geometry_msgs_generate_messages_cpp
[35m[1mScanning dependencies of target pr2_controllers_msgs_generate_messages_py[0m
[35m[1mScanning dependencies of target pr2_controllers_msgs_generate_messages_nodejs[0m
[35m[1mScanning dependencies of target pr2_controllers_msgs_generate_messages_cpp[0m
[  2%] [34m[1mGenerating Python from MSG pr2_controllers_msgs/PointHeadGoal[0m
[35m[1mScanning dependencies of target pr2_controllers_msgs_generate_messages_lisp[0m
[  2%] [34m[1mGenerating Javascript code from pr2_controllers_msgs/PointHeadGoal.msg[0m
[  2%] [34m[1mGenerating C++ code from pr2_controllers_msgs/PointHeadGoal.msg[0m
[  3%] [34m[1mGenerating Lisp code from pr2_controllers_msgs/PointHeadGoal.msg[0m
[  4%] [34m[1mGenerating EusLisp code from pr2_controllers_msgs/SingleJointPositionAction.msg[0m
[  5%] [34m[1mGenerating Javascript code from pr2_controllers_msgs/JointTrajectoryActionFeedback.msg[0m
[  5%] [34m[1mGenerating Javascript code from pr2_controllers_msgs/SingleJointPositionAction.msg[0m
[  5%] [34m[1mGenerating Lisp code from pr2_controllers_msgs/JointTrajectoryActionFeedback.msg[0m
[  6%] [34m[1mGenerating Javascript code from pr2_controllers_msgs/Pr2GripperCommandGoal.msg[0m
[  6%] [34m[1mGenerating Python from MSG pr2_controllers_msgs/JointTrajectoryActionFeedback[0m
[  6%] [34m[1mGenerating EusLisp code from pr2_controllers_msgs/Pr2GripperCommandGoal.msg[0m
[  6%] [34m[1mGenerating Javascript code from pr2_controllers_msgs/Pr2GripperCommand.msg[0m
[  7%] [34m[1mGenerating C++ code from pr2_controllers_msgs/JointTrajectoryActionFeedback.msg[0m
[  8%] [34m[1mGenerating Lisp code from pr2_controllers_msgs/SingleJointPositionAction.msg[0m
[  9%] [34m[1mGenerating Javascript code from pr2_controllers_msgs/JointTrajectoryControllerState.msg[0m
[  9%] [34m[1mGenerating Javascript code from pr2_controllers_msgs/PointHeadFeedback.msg[0m
[ 10%] [34m[1mGenerating Python from MSG pr2_controllers_msgs/SingleJointPositionAction[0m
[ 11%] [34m[1mGenerating EusLisp code from pr2_controllers_msgs/Pr2GripperCommand.msg[0m
[ 12%] [34m[1mGenerating Javascript code from pr2_controllers_msgs/Pr2GripperCommandFeedback.msg[0m
[ 12%] [34m[1mGenerating C++ code from pr2_controllers_msgs/SingleJointPositionAction.msg[0m
[ 12%] [34m[1mGenerating Lisp code from pr2_controllers_msgs/Pr2GripperCommandGoal.msg[0m
[ 13%] [34m[1mGenerating Javascript code from pr2_controllers_msgs/JointTrajectoryActionGoal.msg[0m
[ 14%] [34m[1mGenerating Lisp code from pr2_controllers_msgs/Pr2GripperCommand.msg[0m
[ 14%] [34m[1mGenerating EusLisp code from pr2_controllers_msgs/JointTrajectoryControllerState.msg[0m
[ 14%] [34m[1mGenerating Python from MSG pr2_controllers_msgs/Pr2GripperCommandGoal[0m
[ 15%] [34m[1mGenerating EusLisp code from pr2_controllers_msgs/PointHeadFeedback.msg[0m
[ 15%] [34m[1mGenerating Javascript code from pr2_controllers_msgs/Pr2GripperCommandAction.msg[0m
[ 17%] [34m[1mGenerating C++ code from pr2_controllers_msgs/Pr2GripperCommandGoal.msg[0m
[ 18%] [34m[1mGenerating EusLisp code from pr2_controllers_msgs/Pr2GripperCommandFeedback.msg[0m
[ 18%] [34m[1mGenerating EusLisp code from pr2_controllers_msgs/JointTrajectoryActionGoal.msg[0m
[ 19%] [34m[1mGenerating Lisp code from pr2_controllers_msgs/PointHeadFeedback.msg[0m
[ 20%] [34m[1mGenerating Python from MSG pr2_controllers_msgs/Pr2GripperCommand[0m
[ 20%] [34m[1mGenerating Lisp code from pr2_controllers_msgs/JointTrajectoryControllerState.msg[0m
[ 21%] [34m[1mGenerating Javascript code from pr2_controllers_msgs/PointHeadActionFeedback.msg[0m
[ 22%] [34m[1mGenerating EusLisp code from pr2_controllers_msgs/Pr2GripperCommandAction.msg[0m
[ 22%] [34m[1mGenerating C++ code from pr2_controllers_msgs/Pr2GripperCommand.msg[0m
[ 23%] [34m[1mGenerating C++ code from pr2_controllers_msgs/JointTrajectoryControllerState.msg[0m
[ 24%] [34m[1mGenerating Lisp code from pr2_controllers_msgs/Pr2GripperCommandFeedback.msg[0m
[ 24%] [34m[1mGenerating Lisp code from pr2_controllers_msgs/JointTrajectoryActionGoal.msg[0m
[ 24%] [34m[1mGenerating Javascript code from pr2_controllers_msgs/JointTrajectoryFeedback.msg[0m
[ 24%] [34m[1mGenerating EusLisp code from pr2_controllers_msgs/PointHeadActionFeedback.msg[0m
[ 25%] [34m[1mGenerating Lisp code from pr2_controllers_msgs/Pr2GripperCommandAction.msg[0m
[ 25%] [34m[1mGenerating Python from MSG pr2_controllers_msgs/JointTrajectoryControllerState[0m
[ 25%] [34m[1mGenerating Lisp code from pr2_controllers_msgs/PointHeadActionFeedback.msg[0m
[ 26%] [34m[1mGenerating Javascript code from pr2_controllers_msgs/JointControllerState.msg[0m
[ 27%] [34m[1mGenerating C++ code from pr2_controllers_msgs/PointHeadFeedback.msg[0m
[ 28%] [34m[1mGenerating Lisp code from pr2_controllers_msgs/JointTrajectoryFeedback.msg[0m
[ 29%] [34m[1mGenerating EusLisp code from pr2_controllers_msgs/JointTrajectoryFeedback.msg[0m
[ 29%] [34m[1mGenerating Lisp code from pr2_controllers_msgs/JointControllerState.msg[0m
[ 29%] [34m[1mGenerating Javascript code from pr2_controllers_msgs/PointHeadAction.msg[0m
[ 29%] [34m[1mGenerating C++ code from pr2_controllers_msgs/Pr2GripperCommandFeedback.msg[0m
[ 30%] [34m[1mGenerating Python from MSG pr2_controllers_msgs/PointHeadFeedback[0m
[ 31%] [34m[1mGenerating Lisp code from pr2_controllers_msgs/PointHeadAction.msg[0m
[ 31%] [34m[1mGenerating EusLisp code from pr2_controllers_msgs/JointControllerState.msg[0m
[ 31%] [34m[1mGenerating Lisp code from pr2_controllers_msgs/Pr2GripperCommandActionFeedback.msg[0m
[ 32%] [34m[1mGenerating Lisp code from pr2_controllers_msgs/SingleJointPositionGoal.msg[0m
[ 34%] [34m[1mGenerating Javascript code from pr2_controllers_msgs/Pr2GripperCommandActionFeedback.msg[0m
[ 35%] [34m[1mGenerating Lisp code from pr2_controllers_msgs/JointTrajectoryAction.msg[0m
[ 36%] [34m[1mGenerating EusLisp code from pr2_controllers_msgs/PointHeadAction.msg[0m
[ 36%] [34m[1mGenerating Python from MSG pr2_controllers_msgs/Pr2GripperCommandFeedback[0m
[ 36%] [34m[1mGenerating Lisp code from pr2_controllers_msgs/JointTrajectoryResult.msg[0m
[ 37%] [34m[1mGenerating C++ code from pr2_controllers_msgs/JointTrajectoryActionGoal.msg[0m
[ 37%] [34m[1mGenerating C++ code from pr2_controllers_msgs/Pr2GripperCommandAction.msg[0m
[ 37%] [34m[1mGenerating Javascript code from pr2_controllers_msgs/SingleJointPositionGoal.msg[0m
[ 38%] [34m[1mGenerating C++ code from pr2_controllers_msgs/PointHeadActionFeedback.msg[0m
[ 38%] [34m[1mGenerating EusLisp code from pr2_controllers_msgs/Pr2GripperCommandActionFeedback.msg[0m
[ 39%] [34m[1mGenerating Lisp code from pr2_controllers_msgs/Pr2GripperCommandActionResult.msg[0m
[ 41%] [34m[1mGenerating EusLisp code from pr2_controllers_msgs/SingleJointPositionGoal.msg[0m
[ 41%] [34m[1mGenerating Python from MSG pr2_controllers_msgs/JointTrajectoryActionGoal[0m
[ 42%] [34m[1mGenerating Javascript code from pr2_controllers_msgs/JointTrajectoryAction.msg[0m
[ 43%] [34m[1mGenerating EusLisp code from pr2_controllers_msgs/JointTrajectoryAction.msg[0m
[ 44%] [34m[1mGenerating Javascript code from pr2_controllers_msgs/JointTrajectoryResult.msg[0m
[ 45%] [34m[1mGenerating Python from MSG pr2_controllers_msgs/Pr2GripperCommandAction[0m
[ 45%] [34m[1mGenerating Lisp code from pr2_controllers_msgs/SingleJointPositionActionFeedback.msg[0m
[ 45%] [34m[1mGenerating Javascript code from pr2_controllers_msgs/Pr2GripperCommandActionResult.msg[0m
[ 46%] [34m[1mGenerating C++ code from pr2_controllers_msgs/JointControllerState.msg[0m
[ 47%] [34m[1mGenerating Lisp code from pr2_controllers_msgs/SingleJointPositionFeedback.msg[0m
[ 47%] [34m[1mGenerating C++ code from pr2_controllers_msgs/JointTrajectoryFeedback.msg[0m
[ 47%] [34m[1mGenerating EusLisp code from pr2_controllers_msgs/JointTrajectoryResult.msg[0m
[ 48%] [34m[1mGenerating EusLisp code from pr2_controllers_msgs/Pr2GripperCommandActionResult.msg[0m
[ 48%] [34m[1mGenerating Lisp code from pr2_controllers_msgs/SingleJointPositionResult.msg[0m
[ 50%] [34m[1mGenerating Javascript code from pr2_controllers_msgs/SingleJointPositionActionFeedback.msg[0m
[ 50%] [34m[1mGenerating Python from MSG pr2_controllers_msgs/PointHeadActionFeedback[0m
[ 50%] [34m[1mGenerating EusLisp code from pr2_controllers_msgs/SingleJointPositionActionFeedback.msg[0m
[ 51%] [34m[1mGenerating EusLisp code from pr2_controllers_msgs/SingleJointPositionFeedback.msg[0m
[ 52%] [34m[1mGenerating Lisp code from pr2_controllers_msgs/SingleJointPositionActionResult.msg[0m
[ 52%] [34m[1mGenerating Javascript code from pr2_controllers_msgs/SingleJointPositionFeedback.msg[0m
[ 52%] [34m[1mGenerating C++ code from pr2_controllers_msgs/PointHeadAction.msg[0m
[ 53%] [34m[1mGenerating Python from MSG pr2_controllers_msgs/JointTrajectoryFeedback[0m
[ 53%] [34m[1mGenerating Python from MSG pr2_controllers_msgs/JointControllerState[0m
[ 54%] [34m[1mGenerating Python from MSG pr2_controllers_msgs/PointHeadAction[0m
[ 54%] [34m[1mGenerating Lisp code from pr2_controllers_msgs/Pr2GripperCommandActionGoal.msg[0m
[ 55%] [34m[1mGenerating Javascript code from pr2_controllers_msgs/SingleJointPositionResult.msg[0m
[ 55%] [34m[1mGenerating EusLisp code from pr2_controllers_msgs/SingleJointPositionResult.msg[0m
[ 56%] [34m[1mGenerating Lisp code from pr2_controllers_msgs/JointTrajectoryGoal.msg[0m
[ 56%] [34m[1mGenerating Python from MSG pr2_controllers_msgs/Pr2GripperCommandActionFeedback[0m
[ 56%] [34m[1mGenerating Javascript code from pr2_controllers_msgs/SingleJointPositionActionResult.msg[0m
[ 57%] [34m[1mGenerating Python from MSG pr2_controllers_msgs/SingleJointPositionGoal[0m
[ 58%] [34m[1mGenerating Lisp code from pr2_controllers_msgs/PointHeadActionGoal.msg[0m
[ 59%] [34m[1mGenerating EusLisp code from pr2_controllers_msgs/SingleJointPositionActionResult.msg[0m
[ 59%] [34m[1mGenerating Lisp code from pr2_controllers_msgs/JointTrajectoryActionResult.msg[0m
[ 60%] [34m[1mGenerating C++ code from pr2_controllers_msgs/Pr2GripperCommandActionFeedback.msg[0m
[ 61%] [34m[1mGenerating Javascript code from pr2_controllers_msgs/Pr2GripperCommandActionGoal.msg[0m
[ 62%] [34m[1mGenerating C++ code from pr2_controllers_msgs/SingleJointPositionGoal.msg[0m
[ 63%] [34m[1mGenerating Lisp code from pr2_controllers_msgs/SingleJointPositionActionGoal.msg[0m
[ 63%] [34m[1mGenerating EusLisp code from pr2_controllers_msgs/Pr2GripperCommandActionGoal.msg[0m
[ 63%] [34m[1mGenerating Javascript code from pr2_controllers_msgs/JointTrajectoryGoal.msg[0m
[ 64%] [34m[1mGenerating Javascript code from pr2_controllers_msgs/PointHeadActionGoal.msg[0m
[ 65%] [34m[1mGenerating EusLisp code from pr2_controllers_msgs/JointTrajectoryGoal.msg[0m
[ 67%] [34m[1mGenerating Javascript code from pr2_controllers_msgs/JointTrajectoryActionResult.msg[0m
[ 67%] [34m[1mGenerating Python from MSG pr2_controllers_msgs/JointTrajectoryAction[0m
[ 67%] [34m[1mGenerating Lisp code from pr2_controllers_msgs/PointHeadResult.msg[0m
[ 67%] [34m[1mGenerating Javascript code from pr2_controllers_msgs/SingleJointPositionActionGoal.msg[0m
[ 68%] [34m[1mGenerating Javascript code from pr2_controllers_msgs/PointHeadResult.msg[0m
[ 69%] [34m[1mGenerating Lisp code from pr2_controllers_msgs/Pr2GripperCommandResult.msg[0m
[ 70%] [34m[1mGenerating EusLisp code from pr2_controllers_msgs/PointHeadActionGoal.msg[0m
[ 70%] [34m[1mGenerating Javascript code from pr2_controllers_msgs/Pr2GripperCommandResult.msg[0m
[ 71%] [34m[1mGenerating Python from MSG pr2_controllers_msgs/JointTrajectoryResult[0m
[ 71%] [34m[1mGenerating C++ code from pr2_controllers_msgs/JointTrajectoryAction.msg[0m
[ 72%] [34m[1mGenerating C++ code from pr2_controllers_msgs/JointTrajectoryResult.msg[0m
[ 72%] [34m[1mGenerating Javascript code from pr2_controllers_msgs/QueryCalibrationState.srv[0m
[ 73%] [34m[1mGenerating Javascript code from pr2_controllers_msgs/PointHeadActionResult.msg[0m
[ 73%] [34m[1mGenerating Lisp code from pr2_controllers_msgs/PointHeadActionResult.msg[0m
[ 73%] [34m[1mGenerating EusLisp code from pr2_controllers_msgs/JointTrajectoryActionResult.msg[0m
[ 74%] [34m[1mGenerating EusLisp code from pr2_controllers_msgs/SingleJointPositionActionGoal.msg[0m
[ 75%] [34m[1mGenerating Javascript code from pr2_controllers_msgs/QueryTrajectoryState.srv[0m
[ 75%] [34m[1mGenerating C++ code from pr2_controllers_msgs/Pr2GripperCommandActionResult.msg[0m
[ 76%] [34m[1mGenerating Python from MSG pr2_controllers_msgs/Pr2GripperCommandActionResult[0m
[ 77%] [34m[1mGenerating Lisp code from pr2_controllers_msgs/QueryCalibrationState.srv[0m
[ 77%] [34m[1mGenerating Python from MSG pr2_controllers_msgs/SingleJointPositionActionFeedback[0m
[ 77%] Built target pr2_controllers_msgs_generate_messages_nodejs
[ 78%] [34m[1mGenerating EusLisp code from pr2_controllers_msgs/Pr2GripperCommandResult.msg[0m
[ 78%] [34m[1mGenerating EusLisp code from pr2_controllers_msgs/PointHeadResult.msg[0m
[ 79%] [34m[1mGenerating Lisp code from pr2_controllers_msgs/QueryTrajectoryState.srv[0m
[ 80%] [34m[1mGenerating C++ code from pr2_controllers_msgs/SingleJointPositionActionFeedback.msg[0m
[ 81%] [34m[1mGenerating EusLisp code from pr2_controllers_msgs/QueryCalibrationState.srv[0m
[ 81%] [34m[1mGenerating EusLisp code from pr2_controllers_msgs/PointHeadActionResult.msg[0m
[ 81%] [34m[1mGenerating C++ code from pr2_controllers_msgs/SingleJointPositionFeedback.msg[0m
[ 82%] [34m[1mGenerating Python from MSG pr2_controllers_msgs/SingleJointPositionFeedback[0m
[ 82%] [34m[1mGenerating Python from MSG pr2_controllers_msgs/SingleJointPositionResult[0m
[ 84%] [34m[1mGenerating EusLisp code from pr2_controllers_msgs/QueryTrajectoryState.srv[0m
[ 84%] Built target pr2_controllers_msgs_generate_messages_lisp
[ 84%] [34m[1mGenerating EusLisp manifest code for pr2_controllers_msgs[0m
[ 85%] [34m[1mGenerating Python from MSG pr2_controllers_msgs/SingleJointPositionActionResult[0m
[ 86%] [34m[1mGenerating C++ code from pr2_controllers_msgs/SingleJointPositionResult.msg[0m
[ 87%] [34m[1mGenerating Python from MSG pr2_controllers_msgs/JointTrajectoryGoal[0m
[ 87%] [34m[1mGenerating Python from MSG pr2_controllers_msgs/Pr2GripperCommandActionGoal[0m
[ 87%] [34m[1mGenerating Python from MSG pr2_controllers_msgs/PointHeadActionGoal[0m
[ 88%] [34m[1mGenerating Python from MSG pr2_controllers_msgs/JointTrajectoryActionResult[0m
[ 89%] [34m[1mGenerating Python from MSG pr2_controllers_msgs/SingleJointPositionActionGoal[0m
[ 89%] [34m[1mGenerating C++ code from pr2_controllers_msgs/SingleJointPositionActionResult.msg[0m
[ 89%] [34m[1mGenerating Python from MSG pr2_controllers_msgs/PointHeadResult[0m
[ 90%] [34m[1mGenerating Python from MSG pr2_controllers_msgs/Pr2GripperCommandResult[0m
[ 90%] [34m[1mGenerating Python from MSG pr2_controllers_msgs/PointHeadActionResult[0m
[ 91%] [34m[1mGenerating C++ code from pr2_controllers_msgs/Pr2GripperCommandActionGoal.msg[0m
[ 92%] [34m[1mGenerating Python code from SRV pr2_controllers_msgs/QueryCalibrationState[0m
[ 92%] [34m[1mGenerating Python code from SRV pr2_controllers_msgs/QueryTrajectoryState[0m
[ 93%] [34m[1mGenerating C++ code from pr2_controllers_msgs/JointTrajectoryGoal.msg[0m
[ 94%] [34m[1mGenerating Python msg __init__.py for pr2_controllers_msgs[0m
[ 94%] [34m[1mGenerating C++ code from pr2_controllers_msgs/PointHeadActionGoal.msg[0m
[ 95%] [34m[1mGenerating C++ code from pr2_controllers_msgs/JointTrajectoryActionResult.msg[0m
[ 96%] [34m[1mGenerating Python srv __init__.py for pr2_controllers_msgs[0m
[ 96%] [34m[1mGenerating C++ code from pr2_controllers_msgs/SingleJointPositionActionGoal.msg[0m
[ 97%] [34m[1mGenerating C++ code from pr2_controllers_msgs/PointHeadResult.msg[0m
[ 97%] Built target pr2_controllers_msgs_generate_messages_py
[ 97%] [34m[1mGenerating C++ code from pr2_controllers_msgs/Pr2GripperCommandResult.msg[0m
[ 98%] [34m[1mGenerating C++ code from pr2_controllers_msgs/PointHeadActionResult.msg[0m
[100%] [34m[1mGenerating C++ code from pr2_controllers_msgs/QueryCalibrationState.srv[0m
[100%] [34m[1mGenerating C++ code from pr2_controllers_msgs/QueryTrajectoryState.srv[0m
[100%] Built target pr2_controllers_msgs_generate_messages_eus
[100%] Built target pr2_controllers_msgs_generate_messages_cpp
[35m[1mScanning dependencies of target pr2_controllers_msgs_generate_messages[0m
[100%] Built target pr2_controllers_msgs_generate_messages
