Symlinking /home/kathleen/fetch_ws/devel/share/roseus/ros/robot_controllers_msgs/manifest.l
Symlinking /home/kathleen/fetch_ws/devel/share/roseus/ros/robot_controllers_msgs/msg/QueryControllerStatesActionResult.l
Symlinking /home/kathleen/fetch_ws/devel/share/roseus/ros/robot_controllers_msgs/msg/QueryControllerStatesAction.l
Symlinking /home/kathleen/fetch_ws/devel/share/roseus/ros/robot_controllers_msgs/msg/QueryControllerStatesActionFeedback.l
Symlinking /home/kathleen/fetch_ws/devel/share/roseus/ros/robot_controllers_msgs/msg/ControllerState.l
Symlinking /home/kathleen/fetch_ws/devel/share/roseus/ros/robot_controllers_msgs/msg/QueryControllerStatesActionGoal.l
Symlinking /home/kathleen/fetch_ws/devel/share/roseus/ros/robot_controllers_msgs/msg/QueryControllerStatesGoal.l
Symlinking /home/kathleen/fetch_ws/devel/share/roseus/ros/robot_controllers_msgs/msg/QueryControllerStatesResult.l
Symlinking /home/kathleen/fetch_ws/devel/share/roseus/ros/robot_controllers_msgs/msg/QueryControllerStatesFeedback.l
Symlinking /home/kathleen/fetch_ws/devel/share/roseus/ros/robot_controllers_msgs/msg/DiffDriveLimiterParams.l
Symlinking /home/kathleen/fetch_ws/devel/share/robot_controllers_msgs/cmake/robot_controllers_msgsConfig.cmake
Symlinking /home/kathleen/fetch_ws/devel/share/robot_controllers_msgs/cmake/robot_controllers_msgsConfig-version.cmake
Symlinking /home/kathleen/fetch_ws/devel/share/robot_controllers_msgs/cmake/robot_controllers_msgs-msg-extras.cmake
Symlinking /home/kathleen/fetch_ws/devel/share/robot_controllers_msgs/cmake/robot_controllers_msgs-msg-paths.cmake
Symlinking /home/kathleen/fetch_ws/devel/share/robot_controllers_msgs/msg/QueryControllerStatesActionFeedback.msg
Symlinking /home/kathleen/fetch_ws/devel/share/robot_controllers_msgs/msg/QueryControllerStatesGoal.msg
Symlinking /home/kathleen/fetch_ws/devel/share/robot_controllers_msgs/msg/QueryControllerStatesResult.msg
Symlinking /home/kathleen/fetch_ws/devel/share/robot_controllers_msgs/msg/QueryControllerStatesAction.msg
Symlinking /home/kathleen/fetch_ws/devel/share/robot_controllers_msgs/msg/QueryControllerStatesActionGoal.msg
Symlinking /home/kathleen/fetch_ws/devel/share/robot_controllers_msgs/msg/QueryControllerStatesActionResult.msg
Symlinking /home/kathleen/fetch_ws/devel/share/robot_controllers_msgs/msg/QueryControllerStatesFeedback.msg
Symlinking /home/kathleen/fetch_ws/devel/share/common-lisp/ros/robot_controllers_msgs/msg/_package_ControllerState.lisp
Symlinking /home/kathleen/fetch_ws/devel/share/common-lisp/ros/robot_controllers_msgs/msg/robot_controllers_msgs-msg.asd
Symlinking /home/kathleen/fetch_ws/devel/share/common-lisp/ros/robot_controllers_msgs/msg/ControllerState.lisp
Symlinking /home/kathleen/fetch_ws/devel/share/common-lisp/ros/robot_controllers_msgs/msg/QueryControllerStatesAction.lisp
Symlinking /home/kathleen/fetch_ws/devel/share/common-lisp/ros/robot_controllers_msgs/msg/DiffDriveLimiterParams.lisp
Symlinking /home/kathleen/fetch_ws/devel/share/common-lisp/ros/robot_controllers_msgs/msg/_package_QueryControllerStatesGoal.lisp
Symlinking /home/kathleen/fetch_ws/devel/share/common-lisp/ros/robot_controllers_msgs/msg/_package_DiffDriveLimiterParams.lisp
Symlinking /home/kathleen/fetch_ws/devel/share/common-lisp/ros/robot_controllers_msgs/msg/_package_QueryControllerStatesFeedback.lisp
Symlinking /home/kathleen/fetch_ws/devel/share/common-lisp/ros/robot_controllers_msgs/msg/_package_QueryControllerStatesActionFeedback.lisp
Symlinking /home/kathleen/fetch_ws/devel/share/common-lisp/ros/robot_controllers_msgs/msg/QueryControllerStatesResult.lisp
Symlinking /home/kathleen/fetch_ws/devel/share/common-lisp/ros/robot_controllers_msgs/msg/QueryControllerStatesActionFeedback.lisp
Symlinking /home/kathleen/fetch_ws/devel/share/common-lisp/ros/robot_controllers_msgs/msg/QueryControllerStatesActionGoal.lisp
Symlinking /home/kathleen/fetch_ws/devel/share/common-lisp/ros/robot_controllers_msgs/msg/QueryControllerStatesGoal.lisp
Symlinking /home/kathleen/fetch_ws/devel/share/common-lisp/ros/robot_controllers_msgs/msg/_package_QueryControllerStatesActionGoal.lisp
Symlinking /home/kathleen/fetch_ws/devel/share/common-lisp/ros/robot_controllers_msgs/msg/QueryControllerStatesFeedback.lisp
Symlinking /home/kathleen/fetch_ws/devel/share/common-lisp/ros/robot_controllers_msgs/msg/_package_QueryControllerStatesResult.lisp
Symlinking /home/kathleen/fetch_ws/devel/share/common-lisp/ros/robot_controllers_msgs/msg/_package_QueryControllerStatesAction.lisp
Symlinking /home/kathleen/fetch_ws/devel/share/common-lisp/ros/robot_controllers_msgs/msg/_package.lisp
Symlinking /home/kathleen/fetch_ws/devel/share/common-lisp/ros/robot_controllers_msgs/msg/QueryControllerStatesActionResult.lisp
Symlinking /home/kathleen/fetch_ws/devel/share/common-lisp/ros/robot_controllers_msgs/msg/_package_QueryControllerStatesActionResult.lisp
Symlinking /home/kathleen/fetch_ws/devel/share/gennodejs/ros/robot_controllers_msgs/_index.js
Symlinking /home/kathleen/fetch_ws/devel/share/gennodejs/ros/robot_controllers_msgs/msg/QueryControllerStatesActionResult.js
Symlinking /home/kathleen/fetch_ws/devel/share/gennodejs/ros/robot_controllers_msgs/msg/QueryControllerStatesFeedback.js
Symlinking /home/kathleen/fetch_ws/devel/share/gennodejs/ros/robot_controllers_msgs/msg/QueryControllerStatesActionGoal.js
Symlinking /home/kathleen/fetch_ws/devel/share/gennodejs/ros/robot_controllers_msgs/msg/QueryControllerStatesResult.js
Symlinking /home/kathleen/fetch_ws/devel/share/gennodejs/ros/robot_controllers_msgs/msg/QueryControllerStatesActionFeedback.js
Symlinking /home/kathleen/fetch_ws/devel/share/gennodejs/ros/robot_controllers_msgs/msg/_index.js
Symlinking /home/kathleen/fetch_ws/devel/share/gennodejs/ros/robot_controllers_msgs/msg/ControllerState.js
Symlinking /home/kathleen/fetch_ws/devel/share/gennodejs/ros/robot_controllers_msgs/msg/DiffDriveLimiterParams.js
Symlinking /home/kathleen/fetch_ws/devel/share/gennodejs/ros/robot_controllers_msgs/msg/QueryControllerStatesGoal.js
Symlinking /home/kathleen/fetch_ws/devel/share/gennodejs/ros/robot_controllers_msgs/msg/QueryControllerStatesAction.js
Symlinking /home/kathleen/fetch_ws/devel/lib/pkgconfig/robot_controllers_msgs.pc
Symlinking /home/kathleen/fetch_ws/devel/lib/python2.7/dist-packages/robot_controllers_msgs/__init__.py
Symlinking /home/kathleen/fetch_ws/devel/lib/python2.7/dist-packages/robot_controllers_msgs/msg/_QueryControllerStatesActionFeedback.py
Symlinking /home/kathleen/fetch_ws/devel/lib/python2.7/dist-packages/robot_controllers_msgs/msg/_QueryControllerStatesAction.py
Symlinking /home/kathleen/fetch_ws/devel/lib/python2.7/dist-packages/robot_controllers_msgs/msg/_ControllerState.py
Symlinking /home/kathleen/fetch_ws/devel/lib/python2.7/dist-packages/robot_controllers_msgs/msg/_QueryControllerStatesGoal.py
Symlinking /home/kathleen/fetch_ws/devel/lib/python2.7/dist-packages/robot_controllers_msgs/msg/_QueryControllerStatesResult.py
Symlinking /home/kathleen/fetch_ws/devel/lib/python2.7/dist-packages/robot_controllers_msgs/msg/_QueryControllerStatesActionResult.py
Symlinking /home/kathleen/fetch_ws/devel/lib/python2.7/dist-packages/robot_controllers_msgs/msg/_QueryControllerStatesActionGoal.py
Symlinking /home/kathleen/fetch_ws/devel/lib/python2.7/dist-packages/robot_controllers_msgs/msg/_DiffDriveLimiterParams.py
Symlinking /home/kathleen/fetch_ws/devel/lib/python2.7/dist-packages/robot_controllers_msgs/msg/_QueryControllerStatesFeedback.py
Symlinking /home/kathleen/fetch_ws/devel/lib/python2.7/dist-packages/robot_controllers_msgs/msg/__init__.py
Symlinking /home/kathleen/fetch_ws/devel/include/robot_controllers_msgs/QueryControllerStatesGoal.h
Symlinking /home/kathleen/fetch_ws/devel/include/robot_controllers_msgs/QueryControllerStatesResult.h
Symlinking /home/kathleen/fetch_ws/devel/include/robot_controllers_msgs/QueryControllerStatesAction.h
Symlinking /home/kathleen/fetch_ws/devel/include/robot_controllers_msgs/QueryControllerStatesFeedback.h
Symlinking /home/kathleen/fetch_ws/devel/include/robot_controllers_msgs/DiffDriveLimiterParams.h
Symlinking /home/kathleen/fetch_ws/devel/include/robot_controllers_msgs/QueryControllerStatesActionResult.h
Symlinking /home/kathleen/fetch_ws/devel/include/robot_controllers_msgs/QueryControllerStatesActionGoal.h
Symlinking /home/kathleen/fetch_ws/devel/include/robot_controllers_msgs/QueryControllerStatesActionFeedback.h
Symlinking /home/kathleen/fetch_ws/devel/include/robot_controllers_msgs/ControllerState.h
