[  0%] Built target _robot_controllers_msgs_generate_messages_check_deps_QueryControllerStatesActionResult
[  0%] Built target actionlib_msgs_generate_messages_cpp
[  0%] Built target _robot_controllers_msgs_generate_messages_check_deps_DiffDriveLimiterParams
[  0%] Built target _robot_controllers_msgs_generate_messages_check_deps_QueryControllerStatesGoal
[  0%] Built target _robot_controllers_msgs_generate_messages_check_deps_QueryControllerStatesFeedback
[  0%] Built target std_msgs_generate_messages_cpp
[  0%] Built target _robot_controllers_msgs_generate_messages_check_deps_QueryControllerStatesActionFeedback
[  0%] Built target _robot_controllers_msgs_generate_messages_check_deps_QueryControllerStatesActionGoal
[  0%] Built target _robot_controllers_msgs_generate_messages_check_deps_QueryControllerStatesResult
[  0%] Built target _robot_controllers_msgs_generate_messages_check_deps_QueryControllerStatesAction
[  0%] Built target std_msgs_generate_messages_py
[  0%] Built target _robot_controllers_msgs_generate_messages_check_deps_ControllerState
[  0%] Built target std_msgs_generate_messages_nodejs
[  0%] Built target actionlib_msgs_generate_messages_py
[  0%] Built target actionlib_msgs_generate_messages_nodejs
[  0%] Built target std_msgs_generate_messages_lisp
[  0%] Built target actionlib_msgs_generate_messages_lisp
[  0%] Built target actionlib_msgs_generate_messages_eus
[  0%] Built target std_msgs_generate_messages_eus
[ 19%] Built target robot_controllers_msgs_generate_messages_cpp
[ 40%] Built target robot_controllers_msgs_generate_messages_py
[ 59%] Built target robot_controllers_msgs_generate_messages_nodejs
[ 78%] Built target robot_controllers_msgs_generate_messages_lisp
[100%] Built target robot_controllers_msgs_generate_messages_eus
[100%] Built target robot_controllers_msgs_generate_messages
