[  0%] Built target sensor_msgs_generate_messages_cpp
[  0%] Built target pr2_msgs_generate_messages_cpp
[  0%] Built target std_msgs_generate_messages_cpp
[  0%] Built target nav_msgs_generate_messages_cpp
[  0%] Built target geometry_msgs_generate_messages_cpp
[  0%] Built target diagnostic_msgs_generate_messages_cpp
[  0%] Built target sensor_msgs_generate_messages_eus
[  0%] Built target std_msgs_generate_messages_eus
[  0%] Built target geometry_msgs_generate_messages_eus
[  0%] Built target diagnostic_msgs_generate_messages_eus
[  0%] Built target pr2_msgs_generate_messages_eus
[  0%] Built target _pr2_gazebo_plugins_generate_messages_check_deps_ModelJointsState
[  0%] Built target _pr2_gazebo_plugins_generate_messages_check_deps_SetModelsJointsStates
[  0%] Built target nav_msgs_generate_messages_nodejs
[  0%] Built target pr2_msgs_generate_messages_nodejs
[  0%] Built target nav_msgs_generate_messages_eus
[  0%] Built target diagnostic_msgs_generate_messages_nodejs
[  0%] Built target std_msgs_generate_messages_nodejs
[  0%] Built target _pr2_gazebo_plugins_generate_messages_check_deps_PlugCommand
[  0%] Built target sensor_msgs_generate_messages_nodejs
[  0%] Built target geometry_msgs_generate_messages_nodejs
[  0%] Built target pr2_msgs_generate_messages_py
[  0%] Built target sensor_msgs_generate_messages_py
[  0%] Built target diagnostic_msgs_generate_messages_py
[  0%] Built target std_msgs_generate_messages_py
[  0%] Built target nav_msgs_generate_messages_py
[  0%] Built target geometry_msgs_generate_messages_py
[  0%] Built target nav_msgs_generate_messages_lisp
[  0%] Built target pr2_msgs_generate_messages_lisp
[  0%] Built target sensor_msgs_generate_messages_lisp
[  0%] Built target diagnostic_msgs_generate_messages_lisp
[  0%] Built target geometry_msgs_generate_messages_lisp
[  0%] Built target pr2_gazebo_plugins_xacro_generated_to_devel_space_
[  0%] Built target std_msgs_generate_messages_lisp
[ 13%] Built target pr2_gazebo_plugins_generate_messages_cpp
[ 31%] Built target pr2_gazebo_plugins_generate_messages_eus
[ 45%] Built target pr2_gazebo_plugins_generate_messages_nodejs
[ 68%] Built target pr2_gazebo_plugins_generate_messages_py
[ 81%] Built target pr2_gazebo_plugins_generate_messages_lisp
[ 81%] Built target pr2_gazebo_plugins_generate_messages
[ 90%] Built target gazebo_ros_power_monitor
[100%] Built target gazebo_ros_controller_manager
