Determining if the pthread_create exist failed with the following output:
Change Dir: /home/kathleen/humanoid_robotics/project/fetch_ws/build/open_karto/CMakeFiles/CMakeTmp

Run Build Command:"/usr/bin/make" "cmTC_9a088/fast"
/usr/bin/make -f CMakeFiles/cmTC_9a088.dir/build.make CMakeFiles/cmTC_9a088.dir/build
make[1]: Entering directory '/home/kathleen/humanoid_robotics/project/fetch_ws/build/open_karto/CMakeFiles/CMakeTmp'
Building C object CMakeFiles/cmTC_9a088.dir/CheckSymbolExists.c.o
/usr/bin/cc     -o CMakeFiles/cmTC_9a088.dir/CheckSymbolExists.c.o   -c /home/kathleen/humanoid_robotics/project/fetch_ws/build/open_karto/CMakeFiles/CMakeTmp/CheckSymbolExists.c
Linking C executable cmTC_9a088
/usr/bin/cmake -E cmake_link_script CMakeFiles/cmTC_9a088.dir/link.txt --verbose=1
/usr/bin/cc       CMakeFiles/cmTC_9a088.dir/CheckSymbolExists.c.o  -o cmTC_9a088 -rdynamic 
CMakeFiles/cmTC_9a088.dir/CheckSymbolExists.c.o: In function `main':
CheckSymbolExists.c:(.text+0x16): undefined reference to `pthread_create'
collect2: error: ld returned 1 exit status
CMakeFiles/cmTC_9a088.dir/build.make:97: recipe for target 'cmTC_9a088' failed
make[1]: *** [cmTC_9a088] Error 1
make[1]: Leaving directory '/home/kathleen/humanoid_robotics/project/fetch_ws/build/open_karto/CMakeFiles/CMakeTmp'
Makefile:126: recipe for target 'cmTC_9a088/fast' failed
make: *** [cmTC_9a088/fast] Error 2

File /home/kathleen/humanoid_robotics/project/fetch_ws/build/open_karto/CMakeFiles/CMakeTmp/CheckSymbolExists.c:
/* */
#include <pthread.h>

int main(int argc, char** argv)
{
  (void)argv;
#ifndef pthread_create
  return ((int*)(&pthread_create))[argc];
#else
  (void)argc;
  return 0;
#endif
}

Determining if the function pthread_create exists in the pthreads failed with the following output:
Change Dir: /home/kathleen/humanoid_robotics/project/fetch_ws/build/open_karto/CMakeFiles/CMakeTmp

Run Build Command:"/usr/bin/make" "cmTC_ddfef/fast"
/usr/bin/make -f CMakeFiles/cmTC_ddfef.dir/build.make CMakeFiles/cmTC_ddfef.dir/build
make[1]: Entering directory '/home/kathleen/humanoid_robotics/project/fetch_ws/build/open_karto/CMakeFiles/CMakeTmp'
Building C object CMakeFiles/cmTC_ddfef.dir/CheckFunctionExists.c.o
/usr/bin/cc    -DCHECK_FUNCTION_EXISTS=pthread_create   -o CMakeFiles/cmTC_ddfef.dir/CheckFunctionExists.c.o   -c /usr/share/cmake-3.5/Modules/CheckFunctionExists.c
Linking C executable cmTC_ddfef
/usr/bin/cmake -E cmake_link_script CMakeFiles/cmTC_ddfef.dir/link.txt --verbose=1
/usr/bin/cc   -DCHECK_FUNCTION_EXISTS=pthread_create    CMakeFiles/cmTC_ddfef.dir/CheckFunctionExists.c.o  -o cmTC_ddfef -rdynamic -lpthreads 
/usr/bin/ld: cannot find -lpthreads
collect2: error: ld returned 1 exit status
CMakeFiles/cmTC_ddfef.dir/build.make:97: recipe for target 'cmTC_ddfef' failed
make[1]: *** [cmTC_ddfef] Error 1
make[1]: Leaving directory '/home/kathleen/humanoid_robotics/project/fetch_ws/build/open_karto/CMakeFiles/CMakeTmp'
Makefile:126: recipe for target 'cmTC_ddfef/fast' failed
make: *** [cmTC_ddfef/fast] Error 2


