Determining if the pthread_create exist failed with the following output:
Change Dir: /home/kathleen/humanoid_robotics/project/fetch_ws/build/moveit_ros_planning_interface/CMakeFiles/CMakeTmp

Run Build Command:"/usr/bin/make" "cmTC_d298c/fast"
/usr/bin/make -f CMakeFiles/cmTC_d298c.dir/build.make CMakeFiles/cmTC_d298c.dir/build
make[1]: Entering directory '/home/kathleen/humanoid_robotics/project/fetch_ws/build/moveit_ros_planning_interface/CMakeFiles/CMakeTmp'
Building C object CMakeFiles/cmTC_d298c.dir/CheckSymbolExists.c.o
/usr/bin/cc     -o CMakeFiles/cmTC_d298c.dir/CheckSymbolExists.c.o   -c /home/kathleen/humanoid_robotics/project/fetch_ws/build/moveit_ros_planning_interface/CMakeFiles/CMakeTmp/CheckSymbolExists.c
Linking C executable cmTC_d298c
/usr/bin/cmake -E cmake_link_script CMakeFiles/cmTC_d298c.dir/link.txt --verbose=1
/usr/bin/cc       CMakeFiles/cmTC_d298c.dir/CheckSymbolExists.c.o  -o cmTC_d298c -rdynamic 
CMakeFiles/cmTC_d298c.dir/CheckSymbolExists.c.o: In function `main':
CheckSymbolExists.c:(.text+0x16): undefined reference to `pthread_create'
collect2: error: ld returned 1 exit status
CMakeFiles/cmTC_d298c.dir/build.make:97: recipe for target 'cmTC_d298c' failed
make[1]: *** [cmTC_d298c] Error 1
make[1]: Leaving directory '/home/kathleen/humanoid_robotics/project/fetch_ws/build/moveit_ros_planning_interface/CMakeFiles/CMakeTmp'
Makefile:126: recipe for target 'cmTC_d298c/fast' failed
make: *** [cmTC_d298c/fast] Error 2

File /home/kathleen/humanoid_robotics/project/fetch_ws/build/moveit_ros_planning_interface/CMakeFiles/CMakeTmp/CheckSymbolExists.c:
/* */
#include <pthread.h>

int main(int argc, char** argv)
{
  (void)argv;
#ifndef pthread_create
  return ((int*)(&pthread_create))[argc];
#else
  (void)argc;
  return 0;
#endif
}

Determining if the function pthread_create exists in the pthreads failed with the following output:
Change Dir: /home/kathleen/humanoid_robotics/project/fetch_ws/build/moveit_ros_planning_interface/CMakeFiles/CMakeTmp

Run Build Command:"/usr/bin/make" "cmTC_28e91/fast"
/usr/bin/make -f CMakeFiles/cmTC_28e91.dir/build.make CMakeFiles/cmTC_28e91.dir/build
make[1]: Entering directory '/home/kathleen/humanoid_robotics/project/fetch_ws/build/moveit_ros_planning_interface/CMakeFiles/CMakeTmp'
Building C object CMakeFiles/cmTC_28e91.dir/CheckFunctionExists.c.o
/usr/bin/cc    -DCHECK_FUNCTION_EXISTS=pthread_create   -o CMakeFiles/cmTC_28e91.dir/CheckFunctionExists.c.o   -c /usr/share/cmake-3.5/Modules/CheckFunctionExists.c
Linking C executable cmTC_28e91
/usr/bin/cmake -E cmake_link_script CMakeFiles/cmTC_28e91.dir/link.txt --verbose=1
/usr/bin/cc   -DCHECK_FUNCTION_EXISTS=pthread_create    CMakeFiles/cmTC_28e91.dir/CheckFunctionExists.c.o  -o cmTC_28e91 -rdynamic -lpthreads 
/usr/bin/ld: cannot find -lpthreads
collect2: error: ld returned 1 exit status
CMakeFiles/cmTC_28e91.dir/build.make:97: recipe for target 'cmTC_28e91' failed
make[1]: *** [cmTC_28e91] Error 1
make[1]: Leaving directory '/home/kathleen/humanoid_robotics/project/fetch_ws/build/moveit_ros_planning_interface/CMakeFiles/CMakeTmp'
Makefile:126: recipe for target 'cmTC_28e91/fast' failed
make: *** [cmTC_28e91/fast] Error 2


